#
# There is insufficient memory for the Java Runtime Environment to continue.
# Native memory allocation (malloc) failed to allocate 1634736 bytes for Chunk::new
# Possible reasons:
#   The system is out of physical RAM or swap space
#   The process is running with CompressedOops enabled, and the Java Heap may be blocking the growth of the native heap
# Possible solutions:
#   Reduce memory load on the system
#   Increase physical memory or swap space
#   Check if swap backing store is full
#   Decrease Java heap size (-Xmx/-Xms)
#   Decrease number of Java threads
#   Decrease Java thread stack sizes (-Xss)
#   Set larger code cache with -XX:ReservedCodeCacheSize=
#   JVM is running with Unscaled Compressed Oops mode in which the Java heap is
#     placed in the first 4GB address space. The Java Heap base address is the
#     maximum limit for the native heap growth. Please use -XX:HeapBaseMinAddress
#     to set the Java Heap base and to place the Java Heap above 4GB virtual address.
# This output file may be truncated or incomplete.
#
#  Out of Memory Error (src/hotspot/share/memory/arena.cpp:197), pid=21464, tid=8832
#
# JRE version: OpenJDK Runtime Environment (11.0.15) (build 11.0.15+0-b2043.56-9505619)
# Java VM: OpenJDK 64-Bit Server VM (11.0.15+0-b2043.56-9505619, mixed mode, tiered, compressed oops, g1 gc, windows-amd64)
# No core dump will be written. Minidumps are not enabled by default on client versions of Windows
#

---------------  S U M M A R Y ------------

Command Line: --add-opens=java.base/java.util=ALL-UNNAMED --add-opens=java.base/java.lang=ALL-UNNAMED --add-opens=java.base/java.lang.invoke=ALL-UNNAMED --add-opens=java.base/java.util=ALL-UNNAMED --add-opens=java.prefs/java.util.prefs=ALL-UNNAMED --add-opens=java.prefs/java.util.prefs=ALL-UNNAMED --add-opens=java.base/java.nio.charset=ALL-UNNAMED --add-opens=java.base/java.net=ALL-UNNAMED --add-opens=java.base/java.util.concurrent.atomic=ALL-UNNAMED -Xmx2048m -Dfile.encoding=UTF-8 -Duser.country=ID -Duser.language=en -Duser.variant org.gradle.launcher.daemon.bootstrap.GradleDaemon 7.5

Host: Intel(R) Core(TM) i5-10210U CPU @ 1.60GHz, 8 cores, 15G,  Windows 11 , 64 bit Build 22621 (10.0.22621.1485)
Time: Mon Apr 17 23:56:25 2023 SE Asia Standard Time elapsed time: 113.953197 seconds (0d 0h 1m 53s)

---------------  T H R E A D  ---------------

Current thread (0x00000152c9d4a000):  JavaThread "C2 CompilerThread0" daemon [_thread_in_native, id=8832, stack(0x000000151d200000,0x000000151d300000)]


Current CompileTask:
C2: 113953 18085       4       org.gradle.internal.instantiation.generator.AsmBackedClassGenerator::generate (6 bytes)

Stack: [0x000000151d200000,0x000000151d300000]
Native frames: (J=compiled Java code, j=interpreted, Vv=VM code, C=native code)
V  [jvm.dll+0x64135a]
V  [jvm.dll+0x7d39f9]
V  [jvm.dll+0x7d51b9]
V  [jvm.dll+0x7d58a3]
V  [jvm.dll+0x2691c5]
V  [jvm.dll+0xc1a5c]
V  [jvm.dll+0xc200c]
V  [jvm.dll+0x3774a7]
V  [jvm.dll+0x342495]
V  [jvm.dll+0x34186a]
V  [jvm.dll+0x2214bd]
V  [jvm.dll+0x220498]
V  [jvm.dll+0x19e851]
V  [jvm.dll+0x230479]
V  [jvm.dll+0x22e5ef]
V  [jvm.dll+0x794de1]
V  [jvm.dll+0x78dc24]
V  [jvm.dll+0x6400f6]
C  [ucrtbase.dll+0x29363]
C  [KERNEL32.DLL+0x1269d]
C  [ntdll.dll+0x5a9f8]


---------------  P R O C E S S  ---------------

Threads class SMR info:
_java_thread_list=0x00000152d7105c50, length=125, elements={
0x00000152aefb4000, 0x00000152c9ce7800, 0x00000152c9cf3000, 0x00000152c9d43800,
0x00000152c9d44800, 0x00000152c9d48800, 0x00000152c9d4a000, 0x00000152c9d4e800,
0x00000152c9d5c800, 0x00000152c9ec9800, 0x00000152cbbed800, 0x00000152cc1fc800,
0x00000152c9fbb000, 0x00000152cc9f5800, 0x00000152cc417000, 0x00000152cbbf8000,
0x00000152cbbf7000, 0x00000152cbbf6800, 0x00000152cbbf9000, 0x00000152cca34800,
0x00000152cca38000, 0x00000152cca38800, 0x00000152cca36800, 0x00000152cca33000,
0x00000152cca39800, 0x00000152cca37000, 0x00000152cca34000, 0x00000152cca3b000,
0x00000152cca3e800, 0x00000152cca3f800, 0x00000152cbc9d800, 0x00000152cbc9e800,
0x00000152cbc9c000, 0x00000152cbc98800, 0x00000152cbc9f800, 0x00000152cbc99800,
0x00000152cbc9a800, 0x00000152caafe000, 0x00000152cab02800, 0x00000152cbca5000,
0x00000152cbca1000, 0x00000152cbca4000, 0x00000152cbca1800, 0x00000152cbca2800,
0x00000152cbca3800, 0x00000152cca35800, 0x00000152cca41800, 0x00000152cca3d800,
0x00000152cca40000, 0x00000152cca3d000, 0x00000152cca41000, 0x00000152d169d800,
0x00000152d1697800, 0x00000152d169a000, 0x00000152d1698800, 0x00000152d165b000,
0x00000152d165b800, 0x00000152d165f800, 0x00000152d165f000, 0x00000152d165c800,
0x00000152d165d800, 0x00000152d165e000, 0x00000152d165a000, 0x00000152d1665800,
0x00000152d1660800, 0x00000152d1666000, 0x00000152d1663000, 0x00000152d1664000,
0x00000152d1667000, 0x00000152d1664800, 0x00000152d1661800, 0x00000152d1668000,
0x00000152d1662000, 0x00000152d1668800, 0x00000152d1256000, 0x00000152d1254800,
0x00000152d1258800, 0x00000152d1255000, 0x00000152d1256800, 0x00000152d125c800,
0x00000152d125b000, 0x00000152d125d000, 0x00000152d125a000, 0x00000152d125b800,
0x00000152d1257800, 0x00000152d125e000, 0x00000152d125f000, 0x00000152d1259000,
0x00000152d125f800, 0x00000152d1263000, 0x00000152d1260800, 0x00000152d1261800,
0x00000152d1262000, 0x00000152cbddc800, 0x00000152cbde0800, 0x00000152cbddf800,
0x00000152cbddd800, 0x00000152cbddb000, 0x00000152cbde1800, 0x00000152cbddb800,
0x00000152cbddf000, 0x00000152cbde2000, 0x00000152cbde3000, 0x00000152cbde4000,
0x00000152cbdde000, 0x00000152cbde8000, 0x00000152cbde9800, 0x00000152cbde5800,
0x00000152cbde8800, 0x00000152cbde4800, 0x00000152cbde6800, 0x00000152cbde7000,
0x00000152cf5b6800, 0x00000152cf5bb800, 0x00000152cf5b8000, 0x00000152cf5ba800,
0x00000152cf5b9800, 0x00000152cf5b5800, 0x00000152cf5bc000, 0x00000152cf5bd000,
0x00000152cf5b7800, 0x00000152cf5be000, 0x00000152cf5be800, 0x00000152cf5b9000,
0x00000152cf5c1000
}

Java Threads: ( => current thread )
  0x00000152aefb4000 JavaThread "main" [_thread_blocked, id=30800, stack(0x000000151c600000,0x000000151c700000)]
  0x00000152c9ce7800 JavaThread "Reference Handler" daemon [_thread_blocked, id=31412, stack(0x000000151cd00000,0x000000151ce00000)]
  0x00000152c9cf3000 JavaThread "Finalizer" daemon [_thread_blocked, id=16508, stack(0x000000151ce00000,0x000000151cf00000)]
  0x00000152c9d43800 JavaThread "Signal Dispatcher" daemon [_thread_blocked, id=1456, stack(0x000000151cf00000,0x000000151d000000)]
  0x00000152c9d44800 JavaThread "Attach Listener" daemon [_thread_blocked, id=28716, stack(0x000000151d000000,0x000000151d100000)]
  0x00000152c9d48800 JavaThread "Service Thread" daemon [_thread_blocked, id=10268, stack(0x000000151d100000,0x000000151d200000)]
=>0x00000152c9d4a000 JavaThread "C2 CompilerThread0" daemon [_thread_in_native, id=8832, stack(0x000000151d200000,0x000000151d300000)]
  0x00000152c9d4e800 JavaThread "C1 CompilerThread0" daemon [_thread_blocked, id=11312, stack(0x000000151d300000,0x000000151d400000)]
  0x00000152c9d5c800 JavaThread "Sweeper thread" daemon [_thread_blocked, id=23836, stack(0x000000151d400000,0x000000151d500000)]
  0x00000152c9ec9800 JavaThread "Common-Cleaner" daemon [_thread_blocked, id=9856, stack(0x000000151d500000,0x000000151d600000)]
  0x00000152cbbed800 JavaThread "Daemon health stats" [_thread_blocked, id=3248, stack(0x000000151de00000,0x000000151df00000)]
  0x00000152cc1fc800 JavaThread "Incoming local TCP Connector on port 62832" [_thread_in_native, id=32648, stack(0x000000151d700000,0x000000151d800000)]
  0x00000152c9fbb000 JavaThread "Daemon periodic checks" [_thread_blocked, id=7848, stack(0x000000151d800000,0x000000151d900000)]
  0x00000152cc9f5800 JavaThread "Daemon" [_thread_blocked, id=29972, stack(0x000000151df00000,0x000000151e000000)]
  0x00000152cc417000 JavaThread "Daemon worker" [_thread_blocked, id=14604, stack(0x000000151e200000,0x000000151e300000)]
  0x00000152cbbf8000 JavaThread "Cache worker for journal cache (C:\Users\MelatiEka\.gradle\caches\journal-1)" [_thread_blocked, id=16204, stack(0x000000151e600000,0x000000151e700000)]
  0x00000152cbbf7000 JavaThread "File lock request listener" [_thread_in_native, id=9348, stack(0x000000151e700000,0x000000151e800000)]
  0x00000152cbbf6800 JavaThread "Cache worker for file hash cache (C:\Users\MelatiEka\.gradle\caches\7.5\fileHashes)" [_thread_blocked, id=23924, stack(0x000000151eb00000,0x000000151ec00000)]
  0x00000152cbbf9000 JavaThread "File watcher server" daemon [_thread_in_native, id=25244, stack(0x000000151ee00000,0x000000151ef00000)]
  0x00000152cca34800 JavaThread "File watcher consumer" daemon [_thread_blocked, id=8980, stack(0x000000151ef00000,0x000000151f000000)]
  0x00000152cca38000 JavaThread "jar transforms" [_thread_blocked, id=28604, stack(0x000000151f000000,0x000000151f100000)]
  0x00000152cca38800 JavaThread "jar transforms Thread 2" [_thread_blocked, id=13284, stack(0x000000151f100000,0x000000151f200000)]
  0x00000152cca36800 JavaThread "jar transforms Thread 3" [_thread_blocked, id=16900, stack(0x000000151f200000,0x000000151f300000)]
  0x00000152cca33000 JavaThread "jar transforms Thread 4" [_thread_blocked, id=13032, stack(0x000000151f300000,0x000000151f400000)]
  0x00000152cca39800 JavaThread "jar transforms Thread 5" [_thread_blocked, id=5268, stack(0x000000151f400000,0x000000151f500000)]
  0x00000152cca37000 JavaThread "jar transforms Thread 6" [_thread_blocked, id=26176, stack(0x000000151f500000,0x000000151f600000)]
  0x00000152cca34000 JavaThread "jar transforms Thread 7" [_thread_in_native, id=14676, stack(0x000000151f600000,0x000000151f700000)]
  0x00000152cca3b000 JavaThread "jar transforms Thread 8" [_thread_blocked, id=4376, stack(0x000000151f700000,0x000000151f800000)]
  0x00000152cca3e800 JavaThread "Cache worker for file content cache (C:\Users\MelatiEka\.gradle\caches\7.5\fileContent)" [_thread_blocked, id=3156, stack(0x000000151f900000,0x000000151fa00000)]
  0x00000152cca3f800 JavaThread "Cache worker for execution history cache (C:\Users\MelatiEka\.gradle\caches\7.5\executionHistory)" [_thread_blocked, id=4880, stack(0x000000151fc00000,0x000000151fd00000)]
  0x00000152cbc9d800 JavaThread "Memory manager" [_thread_blocked, id=22276, stack(0x0000001525300000,0x0000001525400000)]
  0x00000152cbc9e800 JavaThread "pool-3-thread-1" [_thread_blocked, id=30876, stack(0x0000001525400000,0x0000001525500000)]
  0x00000152cbc9c000 JavaThread "Handler for socket connection from /127.0.0.1:62832 to /127.0.0.1:63042" [_thread_in_native, id=24104, stack(0x000000151c300000,0x000000151c400000)]
  0x00000152cbc98800 JavaThread "Cancel handler" [_thread_blocked, id=23892, stack(0x000000151c400000,0x000000151c500000)]
  0x00000152cbc9f800 JavaThread "Asynchronous log dispatcher for DefaultDaemonConnection: socket connection from /127.0.0.1:62832 to /127.0.0.1:63042" [_thread_blocked, id=16564, stack(0x000000151c500000,0x000000151c600000)]
  0x00000152cbc99800 JavaThread "Stdin handler" [_thread_blocked, id=18680, stack(0x000000151e000000,0x000000151e100000)]
  0x00000152cbc9a800 JavaThread "Daemon client event forwarder" [_thread_blocked, id=12008, stack(0x000000151e100000,0x000000151e200000)]
  0x00000152caafe000 JavaThread "C2 CompilerThread1" daemon [_thread_in_native, id=19148, stack(0x000000151e300000,0x000000151e400000)]
  0x00000152cab02800 JavaThread "C2 CompilerThread2" daemon [_thread_in_native, id=31204, stack(0x000000151e400000,0x000000151e500000)]
  0x00000152cbca5000 JavaThread "Cache worker for checksums cache (C:\Users\MelatiEka\Documents\Semester 6\Bangkit\Project\Android Intermediate\StoryApp\.gradle\7.5\checksums)" [_thread_blocked, id=28840, stack(0x000000151e500000,0x000000151e600000)]
  0x00000152cbca1000 JavaThread "Cache worker for cache directory md-rule (C:\Users\MelatiEka\.gradle\caches\7.5\md-rule)" [_thread_blocked, id=27752, stack(0x000000151ec00000,0x000000151ed00000)]
  0x00000152cbca4000 JavaThread "Cache worker for file hash cache (C:\Users\MelatiEka\Documents\Semester 6\Bangkit\Project\Android Intermediate\StoryApp\.gradle\7.5\fileHashes)" [_thread_blocked, id=28380, stack(0x000000151ed00000,0x000000151ee00000)]
  0x00000152cbca1800 JavaThread "Cache worker for cache directory md-supplier (C:\Users\MelatiEka\.gradle\caches\7.5\md-supplier)" [_thread_blocked, id=4836, stack(0x000000151f800000,0x000000151f900000)]
  0x00000152cbca2800 JavaThread "Cache worker for dependencies-accessors (C:\Users\MelatiEka\Documents\Semester 6\Bangkit\Project\Android Intermediate\StoryApp\.gradle\7.5\dependencies-accessors)" [_thread_blocked, id=25784, stack(0x000000151fa00000,0x000000151fb00000)]
  0x00000152cbca3800 JavaThread "Cache worker for Build Output Cleanup Cache (C:\Users\MelatiEka\Documents\Semester 6\Bangkit\Project\Android Intermediate\StoryApp\.gradle\buildOutputCleanup)" [_thread_blocked, id=19220, stack(0x000000151fb00000,0x000000151fc00000)]
  0x00000152cca35800 JavaThread "Unconstrained build operations" [_thread_blocked, id=12604, stack(0x000000151fd00000,0x000000151fe00000)]
  0x00000152cca41800 JavaThread "Unconstrained build operations Thread 2" [_thread_blocked, id=7984, stack(0x000000151fe00000,0x000000151ff00000)]
  0x00000152cca3d800 JavaThread "Unconstrained build operations Thread 3" [_thread_blocked, id=7124, stack(0x000000151ff00000,0x0000001520000000)]
  0x00000152cca40000 JavaThread "Unconstrained build operations Thread 4" [_thread_blocked, id=18732, stack(0x0000001520100000,0x0000001520200000)]
  0x00000152cca3d000 JavaThread "Unconstrained build operations Thread 5" [_thread_blocked, id=16596, stack(0x0000001520200000,0x0000001520300000)]
  0x00000152cca41000 JavaThread "Unconstrained build operations Thread 6" [_thread_blocked, id=14284, stack(0x0000001520300000,0x0000001520400000)]
  0x00000152d169d800 JavaThread "Unconstrained build operations Thread 7" [_thread_blocked, id=23020, stack(0x0000001520400000,0x0000001520500000)]
  0x00000152d1697800 JavaThread "Unconstrained build operations Thread 8" [_thread_blocked, id=6308, stack(0x0000001520500000,0x0000001520600000)]
  0x00000152d169a000 JavaThread "Unconstrained build operations Thread 9" [_thread_blocked, id=27548, stack(0x0000001520600000,0x0000001520700000)]
  0x00000152d1698800 JavaThread "Unconstrained build operations Thread 10" [_thread_blocked, id=24256, stack(0x0000001520700000,0x0000001520800000)]
  0x00000152d165b000 JavaThread "Unconstrained build operations Thread 11" [_thread_blocked, id=25632, stack(0x0000001520800000,0x0000001520900000)]
  0x00000152d165b800 JavaThread "Unconstrained build operations Thread 12" [_thread_blocked, id=12304, stack(0x0000001520900000,0x0000001520a00000)]
  0x00000152d165f800 JavaThread "Unconstrained build operations Thread 13" [_thread_blocked, id=15300, stack(0x0000001520a00000,0x0000001520b00000)]
  0x00000152d165f000 JavaThread "Unconstrained build operations Thread 14" [_thread_blocked, id=30728, stack(0x0000001520b00000,0x0000001520c00000)]
  0x00000152d165c800 JavaThread "Unconstrained build operations Thread 15" [_thread_blocked, id=11424, stack(0x0000001520c00000,0x0000001520d00000)]
  0x00000152d165d800 JavaThread "Unconstrained build operations Thread 16" [_thread_blocked, id=19984, stack(0x0000001520d00000,0x0000001520e00000)]
  0x00000152d165e000 JavaThread "Unconstrained build operations Thread 17" [_thread_blocked, id=2284, stack(0x0000001520e00000,0x0000001520f00000)]
  0x00000152d165a000 JavaThread "Unconstrained build operations Thread 18" [_thread_blocked, id=7176, stack(0x0000001520f00000,0x0000001521000000)]
  0x00000152d1665800 JavaThread "Unconstrained build operations Thread 19" [_thread_blocked, id=10016, stack(0x0000001521000000,0x0000001521100000)]
  0x00000152d1660800 JavaThread "Unconstrained build operations Thread 20" [_thread_blocked, id=2848, stack(0x0000001521100000,0x0000001521200000)]
  0x00000152d1666000 JavaThread "Unconstrained build operations Thread 21" [_thread_blocked, id=5856, stack(0x0000001521200000,0x0000001521300000)]
  0x00000152d1663000 JavaThread "Unconstrained build operations Thread 22" [_thread_blocked, id=15024, stack(0x0000001521300000,0x0000001521400000)]
  0x00000152d1664000 JavaThread "Unconstrained build operations Thread 23" [_thread_blocked, id=12332, stack(0x0000001521400000,0x0000001521500000)]
  0x00000152d1667000 JavaThread "Unconstrained build operations Thread 24" [_thread_blocked, id=9976, stack(0x0000001521500000,0x0000001521600000)]
  0x00000152d1664800 JavaThread "Unconstrained build operations Thread 25" [_thread_blocked, id=8232, stack(0x0000001521600000,0x0000001521700000)]
  0x00000152d1661800 JavaThread "Unconstrained build operations Thread 26" [_thread_blocked, id=18788, stack(0x0000001521700000,0x0000001521800000)]
  0x00000152d1668000 JavaThread "Unconstrained build operations Thread 27" [_thread_blocked, id=13296, stack(0x0000001521800000,0x0000001521900000)]
  0x00000152d1662000 JavaThread "Unconstrained build operations Thread 28" [_thread_blocked, id=23600, stack(0x0000001521900000,0x0000001521a00000)]
  0x00000152d1668800 JavaThread "Unconstrained build operations Thread 29" [_thread_blocked, id=23568, stack(0x0000001521a00000,0x0000001521b00000)]
  0x00000152d1256000 JavaThread "Unconstrained build operations Thread 30" [_thread_blocked, id=22636, stack(0x0000001521b00000,0x0000001521c00000)]
  0x00000152d1254800 JavaThread "Unconstrained build operations Thread 31" [_thread_blocked, id=24724, stack(0x0000001521c00000,0x0000001521d00000)]
  0x00000152d1258800 JavaThread "Unconstrained build operations Thread 32" [_thread_blocked, id=21580, stack(0x0000001521d00000,0x0000001521e00000)]
  0x00000152d1255000 JavaThread "Unconstrained build operations Thread 33" [_thread_blocked, id=18356, stack(0x0000001521e00000,0x0000001521f00000)]
  0x00000152d1256800 JavaThread "Unconstrained build operations Thread 34" [_thread_blocked, id=6364, stack(0x0000001521f00000,0x0000001522000000)]
  0x00000152d125c800 JavaThread "Unconstrained build operations Thread 35" [_thread_blocked, id=19532, stack(0x0000001522000000,0x0000001522100000)]
  0x00000152d125b000 JavaThread "Unconstrained build operations Thread 36" [_thread_blocked, id=32644, stack(0x0000001522100000,0x0000001522200000)]
  0x00000152d125d000 JavaThread "Unconstrained build operations Thread 37" [_thread_blocked, id=20976, stack(0x0000001522200000,0x0000001522300000)]
  0x00000152d125a000 JavaThread "Unconstrained build operations Thread 38" [_thread_blocked, id=26944, stack(0x0000001522300000,0x0000001522400000)]
  0x00000152d125b800 JavaThread "Unconstrained build operations Thread 39" [_thread_blocked, id=24404, stack(0x0000001522400000,0x0000001522500000)]
  0x00000152d1257800 JavaThread "Unconstrained build operations Thread 40" [_thread_blocked, id=11840, stack(0x0000001522500000,0x0000001522600000)]
  0x00000152d125e000 JavaThread "Unconstrained build operations Thread 41" [_thread_blocked, id=23380, stack(0x0000001522600000,0x0000001522700000)]
  0x00000152d125f000 JavaThread "Unconstrained build operations Thread 42" [_thread_blocked, id=29872, stack(0x0000001522700000,0x0000001522800000)]
  0x00000152d1259000 JavaThread "Unconstrained build operations Thread 43" [_thread_blocked, id=160, stack(0x0000001522800000,0x0000001522900000)]
  0x00000152d125f800 JavaThread "Unconstrained build operations Thread 44" [_thread_blocked, id=19944, stack(0x0000001522900000,0x0000001522a00000)]
  0x00000152d1263000 JavaThread "Unconstrained build operations Thread 45" [_thread_blocked, id=22532, stack(0x0000001522a00000,0x0000001522b00000)]
  0x00000152d1260800 JavaThread "Unconstrained build operations Thread 46" [_thread_blocked, id=21552, stack(0x0000001522b00000,0x0000001522c00000)]
  0x00000152d1261800 JavaThread "Unconstrained build operations Thread 47" [_thread_blocked, id=3176, stack(0x0000001522c00000,0x0000001522d00000)]
  0x00000152d1262000 JavaThread "Unconstrained build operations Thread 48" [_thread_blocked, id=31152, stack(0x0000001522d00000,0x0000001522e00000)]
  0x00000152cbddc800 JavaThread "Unconstrained build operations Thread 49" [_thread_blocked, id=16804, stack(0x0000001522e00000,0x0000001522f00000)]
  0x00000152cbde0800 JavaThread "Unconstrained build operations Thread 50" [_thread_blocked, id=5752, stack(0x0000001522f00000,0x0000001523000000)]
  0x00000152cbddf800 JavaThread "Unconstrained build operations Thread 51" [_thread_blocked, id=1580, stack(0x0000001523000000,0x0000001523100000)]
  0x00000152cbddd800 JavaThread "Unconstrained build operations Thread 52" [_thread_blocked, id=15100, stack(0x0000001523100000,0x0000001523200000)]
  0x00000152cbddb000 JavaThread "Unconstrained build operations Thread 53" [_thread_blocked, id=27960, stack(0x0000001523200000,0x0000001523300000)]
  0x00000152cbde1800 JavaThread "Unconstrained build operations Thread 54" [_thread_blocked, id=22112, stack(0x0000001523300000,0x0000001523400000)]
  0x00000152cbddb800 JavaThread "Unconstrained build operations Thread 55" [_thread_blocked, id=10976, stack(0x0000001523400000,0x0000001523500000)]
  0x00000152cbddf000 JavaThread "Unconstrained build operations Thread 56" [_thread_blocked, id=2720, stack(0x0000001523500000,0x0000001523600000)]
  0x00000152cbde2000 JavaThread "Unconstrained build operations Thread 57" [_thread_blocked, id=19876, stack(0x0000001523600000,0x0000001523700000)]
  0x00000152cbde3000 JavaThread "Unconstrained build operations Thread 58" [_thread_blocked, id=17076, stack(0x0000001523700000,0x0000001523800000)]
  0x00000152cbde4000 JavaThread "Unconstrained build operations Thread 59" [_thread_blocked, id=6008, stack(0x0000001523800000,0x0000001523900000)]
  0x00000152cbdde000 JavaThread "Unconstrained build operations Thread 60" [_thread_blocked, id=15568, stack(0x0000001523900000,0x0000001523a00000)]
  0x00000152cbde8000 JavaThread "Unconstrained build operations Thread 61" [_thread_blocked, id=16140, stack(0x0000001523a00000,0x0000001523b00000)]
  0x00000152cbde9800 JavaThread "Unconstrained build operations Thread 62" [_thread_blocked, id=28636, stack(0x0000001523b00000,0x0000001523c00000)]
  0x00000152cbde5800 JavaThread "Unconstrained build operations Thread 63" [_thread_blocked, id=6028, stack(0x0000001523c00000,0x0000001523d00000)]
  0x00000152cbde8800 JavaThread "Unconstrained build operations Thread 64" [_thread_blocked, id=20324, stack(0x0000001523d00000,0x0000001523e00000)]
  0x00000152cbde4800 JavaThread "Unconstrained build operations Thread 65" [_thread_blocked, id=18376, stack(0x0000001523e00000,0x0000001523f00000)]
  0x00000152cbde6800 JavaThread "Unconstrained build operations Thread 66" [_thread_blocked, id=32380, stack(0x0000001523f00000,0x0000001524000000)]
  0x00000152cbde7000 JavaThread "Unconstrained build operations Thread 67" [_thread_blocked, id=8288, stack(0x0000001524000000,0x0000001524100000)]
  0x00000152cf5b6800 JavaThread "Unconstrained build operations Thread 68" [_thread_blocked, id=14172, stack(0x0000001524100000,0x0000001524200000)]
  0x00000152cf5bb800 JavaThread "Unconstrained build operations Thread 69" [_thread_blocked, id=10800, stack(0x0000001524200000,0x0000001524300000)]
  0x00000152cf5b8000 JavaThread "Unconstrained build operations Thread 70" [_thread_blocked, id=17224, stack(0x0000001524300000,0x0000001524400000)]
  0x00000152cf5ba800 JavaThread "Unconstrained build operations Thread 71" [_thread_blocked, id=6916, stack(0x0000001524400000,0x0000001524500000)]
  0x00000152cf5b9800 JavaThread "Unconstrained build operations Thread 72" [_thread_blocked, id=27496, stack(0x0000001524500000,0x0000001524600000)]
  0x00000152cf5b5800 JavaThread "Unconstrained build operations Thread 73" [_thread_blocked, id=26116, stack(0x0000001524600000,0x0000001524700000)]
  0x00000152cf5bc000 JavaThread "Unconstrained build operations Thread 74" [_thread_blocked, id=21400, stack(0x0000001524700000,0x0000001524800000)]
  0x00000152cf5bd000 JavaThread "Unconstrained build operations Thread 75" [_thread_blocked, id=25084, stack(0x0000001524800000,0x0000001524900000)]
  0x00000152cf5b7800 JavaThread "Unconstrained build operations Thread 76" [_thread_blocked, id=4804, stack(0x0000001524900000,0x0000001524a00000)]
  0x00000152cf5be000 JavaThread "Unconstrained build operations Thread 77" [_thread_blocked, id=24344, stack(0x0000001524a00000,0x0000001524b00000)]
  0x00000152cf5be800 JavaThread "Unconstrained build operations Thread 78" [_thread_blocked, id=22820, stack(0x0000001524b00000,0x0000001524c00000)]
  0x00000152cf5b9000 JavaThread "Unconstrained build operations Thread 79" [_thread_blocked, id=18744, stack(0x0000001524c00000,0x0000001524d00000)]
  0x00000152cf5c1000 JavaThread "Unconstrained build operations Thread 80" [_thread_blocked, id=19904, stack(0x0000001524d00000,0x0000001524e00000)]

Other Threads:
  0x00000152c9ce2000 VMThread "VM Thread" [stack: 0x000000151cc00000,0x000000151cd00000] [id=15628]
  0x00000152c9eda000 WatcherThread [stack: 0x000000151d600000,0x000000151d700000] [id=15620]
  0x00000152aefcc800 GCTaskThread "GC Thread#0" [stack: 0x000000151c700000,0x000000151c800000] [id=17976]
  0x00000152cb050000 GCTaskThread "GC Thread#1" [stack: 0x000000151d900000,0x000000151da00000] [id=24796]
  0x00000152cae71000 GCTaskThread "GC Thread#2" [stack: 0x000000151da00000,0x000000151db00000] [id=5656]
  0x00000152cad13800 GCTaskThread "GC Thread#3" [stack: 0x000000151db00000,0x000000151dc00000] [id=31044]
  0x00000152caf9f800 GCTaskThread "GC Thread#4" [stack: 0x000000151dc00000,0x000000151dd00000] [id=30280]
  0x00000152cad21800 GCTaskThread "GC Thread#5" [stack: 0x000000151dd00000,0x000000151de00000] [id=30524]
  0x00000152cc54d800 GCTaskThread "GC Thread#6" [stack: 0x000000151e800000,0x000000151e900000] [id=10540]
  0x00000152cb4ab800 GCTaskThread "GC Thread#7" [stack: 0x000000151e900000,0x000000151ea00000] [id=20044]
  0x00000152aeffe800 ConcurrentGCThread "G1 Main Marker" [stack: 0x000000151c800000,0x000000151c900000] [id=11848]
  0x00000152af001800 ConcurrentGCThread "G1 Conc#0" [stack: 0x000000151c900000,0x000000151ca00000] [id=13816]
  0x00000152cbfaa000 ConcurrentGCThread "G1 Conc#1" [stack: 0x000000151ea00000,0x000000151eb00000] [id=23320]
  0x00000152af07e000 ConcurrentGCThread "G1 Refine#0" [stack: 0x000000151ca00000,0x000000151cb00000] [id=15744]
  0x00000152c9330800 ConcurrentGCThread "G1 Young RemSet Sampling" [stack: 0x000000151cb00000,0x000000151cc00000] [id=6508]

Threads with active compile tasks:
C2 CompilerThread0   114012 18085       4       org.gradle.internal.instantiation.generator.AsmBackedClassGenerator::generate (6 bytes)
C1 CompilerThread0   114012 18269       3       org.objectweb.asm.ClassReader::readCode (5109 bytes)
C2 CompilerThread1   114012 18114       4       org.gradle.internal.instantiation.generator.ParamsMatchingConstructorSelector::forParams (481 bytes)
C2 CompilerThread2   114013 18161       4       groovyjarjarantlr4.v4.runtime.atn.LexerATNSimulator::closure (258 bytes)

VM state:at safepoint (normal execution)

VM Mutex/Monitor currently owned by a thread:  ([mutex/lock_event])
[0x00000152aefaf0c0] Threads_lock - owner thread: 0x00000152c9ce2000
[0x00000152aefaf8a0] Heap_lock - owner thread: 0x00000152aeffe800

Heap address: 0x0000000080000000, size: 2048 MB, Compressed Oops mode: 32-bit
Narrow klass base: 0x0000000000000000, Narrow klass shift: 3
Compressed class space size: 1073741824 Address: 0x0000000100000000

Heap:
 garbage-first heap   total 260096K, used 212932K [0x0000000080000000, 0x0000000100000000)
  region size 1024K, 11 young (11264K), 4 survivors (4096K)
 Metaspace       used 128994K, capacity 132485K, committed 132688K, reserved 1165312K
  class space    used 15983K, capacity 17234K, committed 17280K, reserved 1048576K
Heap Regions: E=young(eden), S=young(survivor), O=old, HS=humongous(starts), HC=humongous(continues), CS=collection set, F=free, A=archive, TAMS=top-at-mark-start (previous, next)
|   0|0x0000000080000000, 0x0000000080100000, 0x0000000080100000|100%|HS|  |TAMS 0x0000000080100000, 0x0000000080100000| Complete 
|   1|0x0000000080100000, 0x0000000080200000, 0x0000000080200000|100%|HC|  |TAMS 0x0000000080200000, 0x0000000080200000| Complete 
|   2|0x0000000080200000, 0x0000000080300000, 0x0000000080300000|100%| O|  |TAMS 0x0000000080300000, 0x0000000080300000| Untracked 
|   3|0x0000000080300000, 0x0000000080400000, 0x0000000080400000|100%|HS|  |TAMS 0x0000000080400000, 0x0000000080400000| Complete 
|   4|0x0000000080400000, 0x0000000080500000, 0x0000000080500000|100%|HC|  |TAMS 0x0000000080500000, 0x0000000080500000| Complete 
|   5|0x0000000080500000, 0x0000000080600000, 0x0000000080600000|100%|HC|  |TAMS 0x0000000080600000, 0x0000000080600000| Complete 
|   6|0x0000000080600000, 0x0000000080700000, 0x0000000080700000|100%| O|  |TAMS 0x0000000080700000, 0x0000000080700000| Untracked 
|   7|0x0000000080700000, 0x0000000080800000, 0x0000000080800000|100%| O|  |TAMS 0x0000000080800000, 0x0000000080800000| Untracked 
|   8|0x0000000080800000, 0x0000000080900000, 0x0000000080900000|100%| O|  |TAMS 0x0000000080900000, 0x0000000080900000| Untracked 
|   9|0x0000000080900000, 0x0000000080a00000, 0x0000000080a00000|100%|HS|  |TAMS 0x0000000080a00000, 0x0000000080a00000| Complete 
|  10|0x0000000080a00000, 0x0000000080b00000, 0x0000000080b00000|100%|HC|  |TAMS 0x0000000080b00000, 0x0000000080b00000| Complete 
|  11|0x0000000080b00000, 0x0000000080c00000, 0x0000000080c00000|100%|HC|  |TAMS 0x0000000080c00000, 0x0000000080c00000| Complete 
|  12|0x0000000080c00000, 0x0000000080d00000, 0x0000000080d00000|100%| O|  |TAMS 0x0000000080d00000, 0x0000000080d00000| Untracked 
|  13|0x0000000080d00000, 0x0000000080e00000, 0x0000000080e00000|100%| O|  |TAMS 0x0000000080e00000, 0x0000000080e00000| Untracked 
|  14|0x0000000080e00000, 0x0000000080f00000, 0x0000000080f00000|100%| O|  |TAMS 0x0000000080f00000, 0x0000000080f00000| Untracked 
|  15|0x0000000080f00000, 0x0000000081000000, 0x0000000081000000|100%| O|  |TAMS 0x0000000081000000, 0x0000000081000000| Untracked 
|  16|0x0000000081000000, 0x0000000081100000, 0x0000000081100000|100%| O|  |TAMS 0x0000000081100000, 0x0000000081100000| Untracked 
|  17|0x0000000081100000, 0x0000000081200000, 0x0000000081200000|100%| O|  |TAMS 0x0000000081200000, 0x0000000081200000| Untracked 
|  18|0x0000000081200000, 0x0000000081300000, 0x0000000081300000|100%| O|  |TAMS 0x0000000081300000, 0x0000000081300000| Untracked 
|  19|0x0000000081300000, 0x0000000081400000, 0x0000000081400000|100%| O|  |TAMS 0x0000000081400000, 0x0000000081400000| Untracked 
|  20|0x0000000081400000, 0x0000000081500000, 0x0000000081500000|100%| O|  |TAMS 0x0000000081500000, 0x0000000081500000| Untracked 
|  21|0x0000000081500000, 0x0000000081600000, 0x0000000081600000|100%| O|  |TAMS 0x0000000081600000, 0x0000000081600000| Untracked 
|  22|0x0000000081600000, 0x0000000081700000, 0x0000000081700000|100%|HS|  |TAMS 0x0000000081700000, 0x0000000081700000| Complete 
|  23|0x0000000081700000, 0x0000000081800000, 0x0000000081800000|100%|HC|  |TAMS 0x0000000081800000, 0x0000000081800000| Complete 
|  24|0x0000000081800000, 0x0000000081900000, 0x0000000081900000|100%|HC|  |TAMS 0x0000000081900000, 0x0000000081900000| Complete 
|  25|0x0000000081900000, 0x0000000081a00000, 0x0000000081a00000|100%|HS|  |TAMS 0x0000000081a00000, 0x0000000081a00000| Complete 
|  26|0x0000000081a00000, 0x0000000081b00000, 0x0000000081b00000|100%|HC|  |TAMS 0x0000000081b00000, 0x0000000081b00000| Complete 
|  27|0x0000000081b00000, 0x0000000081c00000, 0x0000000081c00000|100%|HS|  |TAMS 0x0000000081c00000, 0x0000000081c00000| Complete 
|  28|0x0000000081c00000, 0x0000000081d00000, 0x0000000081d00000|100%|HC|  |TAMS 0x0000000081d00000, 0x0000000081d00000| Complete 
|  29|0x0000000081d00000, 0x0000000081e00000, 0x0000000081e00000|100%|HC|  |TAMS 0x0000000081e00000, 0x0000000081e00000| Complete 
|  30|0x0000000081e00000, 0x0000000081f00000, 0x0000000081f00000|100%|HC|  |TAMS 0x0000000081f00000, 0x0000000081f00000| Complete 
|  31|0x0000000081f00000, 0x0000000082000000, 0x0000000082000000|100%|HC|  |TAMS 0x0000000082000000, 0x0000000082000000| Complete 
|  32|0x0000000082000000, 0x0000000082100000, 0x0000000082100000|100%| O|  |TAMS 0x0000000082100000, 0x0000000082100000| Untracked 
|  33|0x0000000082100000, 0x0000000082200000, 0x0000000082200000|100%| O|  |TAMS 0x0000000082200000, 0x0000000082200000| Untracked 
|  34|0x0000000082200000, 0x0000000082300000, 0x0000000082300000|100%| O|  |TAMS 0x0000000082300000, 0x0000000082300000| Untracked 
|  35|0x0000000082300000, 0x0000000082400000, 0x0000000082400000|100%|HS|  |TAMS 0x0000000082400000, 0x0000000082400000| Complete 
|  36|0x0000000082400000, 0x0000000082500000, 0x0000000082500000|100%|HC|  |TAMS 0x0000000082500000, 0x0000000082500000| Complete 
|  37|0x0000000082500000, 0x0000000082600000, 0x0000000082600000|100%|HC|  |TAMS 0x0000000082600000, 0x0000000082600000| Complete 
|  38|0x0000000082600000, 0x0000000082700000, 0x0000000082700000|100%|HS|  |TAMS 0x0000000082700000, 0x0000000082700000| Complete 
|  39|0x0000000082700000, 0x0000000082800000, 0x0000000082800000|100%|HC|  |TAMS 0x0000000082800000, 0x0000000082800000| Complete 
|  40|0x0000000082800000, 0x0000000082900000, 0x0000000082900000|100%|HS|  |TAMS 0x0000000082900000, 0x0000000082900000| Complete 
|  41|0x0000000082900000, 0x0000000082a00000, 0x0000000082a00000|100%|HC|  |TAMS 0x0000000082a00000, 0x0000000082a00000| Complete 
|  42|0x0000000082a00000, 0x0000000082b00000, 0x0000000082b00000|100%|HC|  |TAMS 0x0000000082b00000, 0x0000000082b00000| Complete 
|  43|0x0000000082b00000, 0x0000000082c00000, 0x0000000082c00000|100%|HC|  |TAMS 0x0000000082c00000, 0x0000000082c00000| Complete 
|  44|0x0000000082c00000, 0x0000000082d00000, 0x0000000082d00000|100%|HC|  |TAMS 0x0000000082d00000, 0x0000000082d00000| Complete 
|  45|0x0000000082d00000, 0x0000000082e00000, 0x0000000082e00000|100%|HC|  |TAMS 0x0000000082e00000, 0x0000000082e00000| Complete 
|  46|0x0000000082e00000, 0x0000000082f00000, 0x0000000082f00000|100%|HC|  |TAMS 0x0000000082f00000, 0x0000000082f00000| Complete 
|  47|0x0000000082f00000, 0x0000000083000000, 0x0000000083000000|100%|HC|  |TAMS 0x0000000083000000, 0x0000000083000000| Complete 
|  48|0x0000000083000000, 0x0000000083100000, 0x0000000083100000|100%|HC|  |TAMS 0x0000000083100000, 0x0000000083100000| Complete 
|  49|0x0000000083100000, 0x0000000083200000, 0x0000000083200000|100%|HC|  |TAMS 0x0000000083200000, 0x0000000083200000| Complete 
|  50|0x0000000083200000, 0x0000000083300000, 0x0000000083300000|100%|HS|  |TAMS 0x0000000083300000, 0x0000000083300000| Complete 
|  51|0x0000000083300000, 0x0000000083400000, 0x0000000083400000|100%|HC|  |TAMS 0x0000000083400000, 0x0000000083400000| Complete 
|  52|0x0000000083400000, 0x0000000083500000, 0x0000000083500000|100%|HS|  |TAMS 0x0000000083500000, 0x0000000083500000| Complete 
|  53|0x0000000083500000, 0x0000000083600000, 0x0000000083600000|100%|HC|  |TAMS 0x0000000083600000, 0x0000000083600000| Complete 
|  54|0x0000000083600000, 0x0000000083700000, 0x0000000083700000|100%|HC|  |TAMS 0x0000000083700000, 0x0000000083700000| Complete 
|  55|0x0000000083700000, 0x0000000083800000, 0x0000000083800000|100%| O|  |TAMS 0x0000000083800000, 0x0000000083800000| Untracked 
|  56|0x0000000083800000, 0x0000000083900000, 0x0000000083900000|100%| O|  |TAMS 0x0000000083900000, 0x0000000083900000| Untracked 
|  57|0x0000000083900000, 0x0000000083a00000, 0x0000000083a00000|100%| O|  |TAMS 0x0000000083a00000, 0x0000000083a00000| Untracked 
|  58|0x0000000083a00000, 0x0000000083b00000, 0x0000000083b00000|100%| O|  |TAMS 0x0000000083b00000, 0x0000000083b00000| Untracked 
|  59|0x0000000083b00000, 0x0000000083c00000, 0x0000000083c00000|100%| O|  |TAMS 0x0000000083c00000, 0x0000000083c00000| Untracked 
|  60|0x0000000083c00000, 0x0000000083d00000, 0x0000000083d00000|100%|HS|  |TAMS 0x0000000083d00000, 0x0000000083d00000| Complete 
|  61|0x0000000083d00000, 0x0000000083e00000, 0x0000000083e00000|100%|HC|  |TAMS 0x0000000083e00000, 0x0000000083e00000| Complete 
|  62|0x0000000083e00000, 0x0000000083f00000, 0x0000000083f00000|100%|HC|  |TAMS 0x0000000083f00000, 0x0000000083f00000| Complete 
|  63|0x0000000083f00000, 0x0000000084000000, 0x0000000084000000|100%|HC|  |TAMS 0x0000000084000000, 0x0000000084000000| Complete 
|  64|0x0000000084000000, 0x0000000084100000, 0x0000000084100000|100%|HC|  |TAMS 0x0000000084100000, 0x0000000084100000| Complete 
|  65|0x0000000084100000, 0x0000000084200000, 0x0000000084200000|100%| O|  |TAMS 0x0000000084200000, 0x0000000084200000| Untracked 
|  66|0x0000000084200000, 0x0000000084300000, 0x0000000084300000|100%| O|  |TAMS 0x0000000084300000, 0x0000000084300000| Untracked 
|  67|0x0000000084300000, 0x0000000084400000, 0x0000000084400000|100%| O|  |TAMS 0x0000000084400000, 0x0000000084400000| Untracked 
|  68|0x0000000084400000, 0x0000000084500000, 0x0000000084500000|100%| O|  |TAMS 0x0000000084500000, 0x0000000084500000| Untracked 
|  69|0x0000000084500000, 0x0000000084600000, 0x0000000084600000|100%| O|  |TAMS 0x0000000084600000, 0x0000000084600000| Untracked 
|  70|0x0000000084600000, 0x0000000084700000, 0x0000000084700000|100%| O|  |TAMS 0x0000000084700000, 0x0000000084700000| Untracked 
|  71|0x0000000084700000, 0x0000000084800000, 0x0000000084800000|100%| O|  |TAMS 0x0000000084800000, 0x0000000084800000| Untracked 
|  72|0x0000000084800000, 0x0000000084900000, 0x0000000084900000|100%| O|  |TAMS 0x0000000084900000, 0x0000000084900000| Untracked 
|  73|0x0000000084900000, 0x0000000084a00000, 0x0000000084a00000|100%| O|  |TAMS 0x0000000084a00000, 0x0000000084a00000| Untracked 
|  74|0x0000000084a00000, 0x0000000084b00000, 0x0000000084b00000|100%| O|  |TAMS 0x0000000084b00000, 0x0000000084b00000| Untracked 
|  75|0x0000000084b00000, 0x0000000084c00000, 0x0000000084c00000|100%| O|  |TAMS 0x0000000084c00000, 0x0000000084c00000| Untracked 
|  76|0x0000000084c00000, 0x0000000084d00000, 0x0000000084d00000|100%| O|  |TAMS 0x0000000084d00000, 0x0000000084d00000| Untracked 
|  77|0x0000000084d00000, 0x0000000084e00000, 0x0000000084e00000|100%| O|  |TAMS 0x0000000084e00000, 0x0000000084e00000| Untracked 
|  78|0x0000000084e00000, 0x0000000084f00000, 0x0000000084f00000|100%| O|  |TAMS 0x0000000084f00000, 0x0000000084f00000| Untracked 
|  79|0x0000000084f00000, 0x0000000085000000, 0x0000000085000000|100%| O|  |TAMS 0x0000000085000000, 0x0000000085000000| Untracked 
|  80|0x0000000085000000, 0x0000000085100000, 0x0000000085100000|100%| O|  |TAMS 0x0000000085100000, 0x0000000085100000| Untracked 
|  81|0x0000000085100000, 0x0000000085200000, 0x0000000085200000|100%| O|  |TAMS 0x0000000085200000, 0x0000000085200000| Untracked 
|  82|0x0000000085200000, 0x0000000085300000, 0x0000000085300000|100%| O|  |TAMS 0x0000000085300000, 0x0000000085300000| Untracked 
|  83|0x0000000085300000, 0x0000000085400000, 0x0000000085400000|100%| O|  |TAMS 0x0000000085400000, 0x0000000085400000| Untracked 
|  84|0x0000000085400000, 0x0000000085500000, 0x0000000085500000|100%| O|  |TAMS 0x0000000085500000, 0x0000000085500000| Untracked 
|  85|0x0000000085500000, 0x0000000085600000, 0x0000000085600000|100%| O|  |TAMS 0x0000000085600000, 0x0000000085600000| Untracked 
|  86|0x0000000085600000, 0x0000000085700000, 0x0000000085700000|100%|HS|  |TAMS 0x0000000085700000, 0x0000000085700000| Complete 
|  87|0x0000000085700000, 0x0000000085800000, 0x0000000085800000|100%| O|  |TAMS 0x0000000085800000, 0x0000000085800000| Untracked 
|  88|0x0000000085800000, 0x0000000085900000, 0x0000000085900000|100%| O|  |TAMS 0x0000000085900000, 0x0000000085900000| Untracked 
|  89|0x0000000085900000, 0x0000000085a00000, 0x0000000085a00000|100%| O|  |TAMS 0x0000000085a00000, 0x0000000085a00000| Untracked 
|  90|0x0000000085a00000, 0x0000000085b00000, 0x0000000085b00000|100%| O|  |TAMS 0x0000000085b00000, 0x0000000085b00000| Untracked 
|  91|0x0000000085b00000, 0x0000000085c00000, 0x0000000085c00000|100%| O|  |TAMS 0x0000000085c00000, 0x0000000085c00000| Untracked 
|  92|0x0000000085c00000, 0x0000000085d00000, 0x0000000085d00000|100%| O|  |TAMS 0x0000000085d00000, 0x0000000085d00000| Untracked 
|  93|0x0000000085d00000, 0x0000000085e00000, 0x0000000085e00000|100%|HS|  |TAMS 0x0000000085e00000, 0x0000000085e00000| Complete 
|  94|0x0000000085e00000, 0x0000000085f00000, 0x0000000085f00000|100%| O|  |TAMS 0x0000000085f00000, 0x0000000085f00000| Untracked 
|  95|0x0000000085f00000, 0x0000000086000000, 0x0000000086000000|100%| O|  |TAMS 0x0000000086000000, 0x0000000086000000| Untracked 
|  96|0x0000000086000000, 0x0000000086100000, 0x0000000086100000|100%|HS|  |TAMS 0x0000000086100000, 0x0000000086100000| Complete 
|  97|0x0000000086100000, 0x0000000086200000, 0x0000000086200000|100%|HC|  |TAMS 0x0000000086200000, 0x0000000086200000| Complete 
|  98|0x0000000086200000, 0x0000000086300000, 0x0000000086300000|100%|HS|  |TAMS 0x0000000086300000, 0x0000000086300000| Complete 
|  99|0x0000000086300000, 0x0000000086400000, 0x0000000086400000|100%|HC|  |TAMS 0x0000000086400000, 0x0000000086400000| Complete 
| 100|0x0000000086400000, 0x0000000086500000, 0x0000000086500000|100%|HC|  |TAMS 0x0000000086500000, 0x0000000086500000| Complete 
| 101|0x0000000086500000, 0x0000000086600000, 0x0000000086600000|100%|HC|  |TAMS 0x0000000086600000, 0x0000000086600000| Complete 
| 102|0x0000000086600000, 0x0000000086700000, 0x0000000086700000|100%|HS|  |TAMS 0x0000000086700000, 0x0000000086700000| Complete 
| 103|0x0000000086700000, 0x0000000086800000, 0x0000000086800000|100%|HC|  |TAMS 0x0000000086800000, 0x0000000086800000| Complete 
| 104|0x0000000086800000, 0x0000000086900000, 0x0000000086900000|100%| O|  |TAMS 0x0000000086900000, 0x0000000086900000| Untracked 
| 105|0x0000000086900000, 0x0000000086a00000, 0x0000000086a00000|100%| O|  |TAMS 0x0000000086a00000, 0x0000000086a00000| Untracked 
| 106|0x0000000086a00000, 0x0000000086b00000, 0x0000000086b00000|100%| O|  |TAMS 0x0000000086b00000, 0x0000000086b00000| Untracked 
| 107|0x0000000086b00000, 0x0000000086c00000, 0x0000000086c00000|100%| O|  |TAMS 0x0000000086c00000, 0x0000000086c00000| Untracked 
| 108|0x0000000086c00000, 0x0000000086d00000, 0x0000000086d00000|100%| O|  |TAMS 0x0000000086d00000, 0x0000000086d00000| Untracked 
| 109|0x0000000086d00000, 0x0000000086e00000, 0x0000000086e00000|100%| O|  |TAMS 0x0000000086e00000, 0x0000000086e00000| Untracked 
| 110|0x0000000086e00000, 0x0000000086f00000, 0x0000000086f00000|100%| O|  |TAMS 0x0000000086f00000, 0x0000000086f00000| Untracked 
| 111|0x0000000086f00000, 0x0000000087000000, 0x0000000087000000|100%| O|  |TAMS 0x0000000087000000, 0x0000000087000000| Untracked 
| 112|0x0000000087000000, 0x0000000087100000, 0x0000000087100000|100%| O|  |TAMS 0x0000000087100000, 0x0000000087100000| Untracked 
| 113|0x0000000087100000, 0x0000000087200000, 0x0000000087200000|100%| O|  |TAMS 0x0000000087200000, 0x0000000087200000| Untracked 
| 114|0x0000000087200000, 0x0000000087300000, 0x0000000087300000|100%| O|  |TAMS 0x0000000087300000, 0x0000000087300000| Untracked 
| 115|0x0000000087300000, 0x0000000087400000, 0x0000000087400000|100%| O|  |TAMS 0x0000000087400000, 0x0000000087400000| Untracked 
| 116|0x0000000087400000, 0x0000000087500000, 0x0000000087500000|100%| O|  |TAMS 0x0000000087500000, 0x0000000087500000| Untracked 
| 117|0x0000000087500000, 0x0000000087600000, 0x0000000087600000|100%| O|  |TAMS 0x0000000087600000, 0x0000000087600000| Untracked 
| 118|0x0000000087600000, 0x0000000087700000, 0x0000000087700000|100%| O|  |TAMS 0x0000000087700000, 0x0000000087700000| Untracked 
| 119|0x0000000087700000, 0x0000000087800000, 0x0000000087800000|100%| O|  |TAMS 0x0000000087800000, 0x0000000087800000| Untracked 
| 120|0x0000000087800000, 0x0000000087900000, 0x0000000087900000|100%| O|  |TAMS 0x0000000087900000, 0x0000000087900000| Untracked 
| 121|0x0000000087900000, 0x0000000087a00000, 0x0000000087a00000|100%| O|  |TAMS 0x0000000087a00000, 0x0000000087a00000| Untracked 
| 122|0x0000000087a00000, 0x0000000087b00000, 0x0000000087b00000|100%| O|  |TAMS 0x0000000087b00000, 0x0000000087b00000| Untracked 
| 123|0x0000000087b00000, 0x0000000087c00000, 0x0000000087c00000|100%| O|  |TAMS 0x0000000087c00000, 0x0000000087c00000| Untracked 
| 124|0x0000000087c00000, 0x0000000087d00000, 0x0000000087d00000|100%| O|  |TAMS 0x0000000087d00000, 0x0000000087d00000| Untracked 
| 125|0x0000000087d00000, 0x0000000087e00000, 0x0000000087e00000|100%| O|  |TAMS 0x0000000087e00000, 0x0000000087e00000| Untracked 
| 126|0x0000000087e00000, 0x0000000087f00000, 0x0000000087f00000|100%| O|  |TAMS 0x0000000087f00000, 0x0000000087f00000| Untracked 
| 127|0x0000000087f00000, 0x0000000088000000, 0x0000000088000000|100%| O|  |TAMS 0x0000000088000000, 0x0000000088000000| Untracked 
| 128|0x0000000088000000, 0x0000000088100000, 0x0000000088100000|100%|HS|  |TAMS 0x0000000088100000, 0x0000000088100000| Complete 
| 129|0x0000000088100000, 0x0000000088200000, 0x0000000088200000|100%|HC|  |TAMS 0x0000000088200000, 0x0000000088200000| Complete 
| 130|0x0000000088200000, 0x0000000088300000, 0x0000000088300000|100%|HC|  |TAMS 0x0000000088300000, 0x0000000088300000| Complete 
| 131|0x0000000088300000, 0x0000000088400000, 0x0000000088400000|100%|HC|  |TAMS 0x0000000088400000, 0x0000000088400000| Complete 
| 132|0x0000000088400000, 0x0000000088500000, 0x0000000088500000|100%|HC|  |TAMS 0x0000000088500000, 0x0000000088500000| Complete 
| 133|0x0000000088500000, 0x0000000088600000, 0x0000000088600000|100%|HC|  |TAMS 0x0000000088600000, 0x0000000088600000| Complete 
| 134|0x0000000088600000, 0x0000000088700000, 0x0000000088700000|100%|HC|  |TAMS 0x0000000088700000, 0x0000000088700000| Complete 
| 135|0x0000000088700000, 0x0000000088800000, 0x0000000088800000|100%|HC|  |TAMS 0x0000000088800000, 0x0000000088800000| Complete 
| 136|0x0000000088800000, 0x0000000088900000, 0x0000000088900000|100%|HC|  |TAMS 0x0000000088900000, 0x0000000088900000| Complete 
| 137|0x0000000088900000, 0x0000000088a00000, 0x0000000088a00000|100%|HC|  |TAMS 0x0000000088a00000, 0x0000000088a00000| Complete 
| 138|0x0000000088a00000, 0x0000000088b00000, 0x0000000088b00000|100%|HS|  |TAMS 0x0000000088b00000, 0x0000000088b00000| Complete 
| 139|0x0000000088b00000, 0x0000000088c00000, 0x0000000088c00000|100%|HC|  |TAMS 0x0000000088c00000, 0x0000000088c00000| Complete 
| 140|0x0000000088c00000, 0x0000000088d00000, 0x0000000088d00000|100%|HS|  |TAMS 0x0000000088d00000, 0x0000000088d00000| Complete 
| 141|0x0000000088d00000, 0x0000000088e00000, 0x0000000088e00000|100%|HC|  |TAMS 0x0000000088e00000, 0x0000000088e00000| Complete 
| 142|0x0000000088e00000, 0x0000000088f00000, 0x0000000088f00000|100%|HS|  |TAMS 0x0000000088f00000, 0x0000000088f00000| Complete 
| 143|0x0000000088f00000, 0x0000000089000000, 0x0000000089000000|100%|HC|  |TAMS 0x0000000089000000, 0x0000000089000000| Complete 
| 144|0x0000000089000000, 0x0000000089100000, 0x0000000089100000|100%|HC|  |TAMS 0x0000000089100000, 0x0000000089100000| Complete 
| 145|0x0000000089100000, 0x0000000089200000, 0x0000000089200000|100%|HS|  |TAMS 0x0000000089200000, 0x0000000089200000| Complete 
| 146|0x0000000089200000, 0x0000000089300000, 0x0000000089300000|100%|HC|  |TAMS 0x0000000089300000, 0x0000000089300000| Complete 
| 147|0x0000000089300000, 0x0000000089400000, 0x0000000089400000|100%|HC|  |TAMS 0x0000000089400000, 0x0000000089400000| Complete 
| 148|0x0000000089400000, 0x0000000089500000, 0x0000000089500000|100%|HS|  |TAMS 0x0000000089500000, 0x0000000089500000| Complete 
| 149|0x0000000089500000, 0x0000000089600000, 0x0000000089600000|100%|HC|  |TAMS 0x0000000089600000, 0x0000000089600000| Complete 
| 150|0x0000000089600000, 0x0000000089700000, 0x0000000089700000|100%|HS|  |TAMS 0x0000000089700000, 0x0000000089700000| Complete 
| 151|0x0000000089700000, 0x0000000089800000, 0x0000000089800000|100%|HC|  |TAMS 0x0000000089800000, 0x0000000089800000| Complete 
| 152|0x0000000089800000, 0x0000000089900000, 0x0000000089900000|100%|HC|  |TAMS 0x0000000089900000, 0x0000000089900000| Complete 
| 153|0x0000000089900000, 0x0000000089a00000, 0x0000000089a00000|100%|HC|  |TAMS 0x0000000089a00000, 0x0000000089a00000| Complete 
| 154|0x0000000089a00000, 0x0000000089b00000, 0x0000000089b00000|100%|HC|  |TAMS 0x0000000089b00000, 0x0000000089b00000| Complete 
| 155|0x0000000089b00000, 0x0000000089c00000, 0x0000000089c00000|100%|HS|  |TAMS 0x0000000089c00000, 0x0000000089c00000| Complete 
| 156|0x0000000089c00000, 0x0000000089d00000, 0x0000000089d00000|100%|HC|  |TAMS 0x0000000089d00000, 0x0000000089d00000| Complete 
| 157|0x0000000089d00000, 0x0000000089e00000, 0x0000000089e00000|100%|HC|  |TAMS 0x0000000089e00000, 0x0000000089e00000| Complete 
| 158|0x0000000089e00000, 0x0000000089f00000, 0x0000000089f00000|100%|HC|  |TAMS 0x0000000089f00000, 0x0000000089f00000| Complete 
| 159|0x0000000089f00000, 0x000000008a000000, 0x000000008a000000|100%|HC|  |TAMS 0x000000008a000000, 0x000000008a000000| Complete 
| 160|0x000000008a000000, 0x000000008a100000, 0x000000008a100000|100%|HC|  |TAMS 0x000000008a100000, 0x000000008a100000| Complete 
| 161|0x000000008a100000, 0x000000008a200000, 0x000000008a200000|100%|HC|  |TAMS 0x000000008a200000, 0x000000008a200000| Complete 
| 162|0x000000008a200000, 0x000000008a300000, 0x000000008a300000|100%|HC|  |TAMS 0x000000008a300000, 0x000000008a300000| Complete 
| 163|0x000000008a300000, 0x000000008a400000, 0x000000008a400000|100%|HC|  |TAMS 0x000000008a400000, 0x000000008a400000| Complete 
| 164|0x000000008a400000, 0x000000008a500000, 0x000000008a500000|100%|HC|  |TAMS 0x000000008a500000, 0x000000008a500000| Complete 
| 165|0x000000008a500000, 0x000000008a600000, 0x000000008a600000|100%|HS|  |TAMS 0x000000008a600000, 0x000000008a600000| Complete 
| 166|0x000000008a600000, 0x000000008a700000, 0x000000008a700000|100%|HC|  |TAMS 0x000000008a700000, 0x000000008a700000| Complete 
| 167|0x000000008a700000, 0x000000008a800000, 0x000000008a800000|100%| O|  |TAMS 0x000000008a800000, 0x000000008a800000| Untracked 
| 168|0x000000008a800000, 0x000000008a900000, 0x000000008a900000|100%| O|  |TAMS 0x000000008a900000, 0x000000008a900000| Untracked 
| 169|0x000000008a900000, 0x000000008aa00000, 0x000000008aa00000|100%| O|  |TAMS 0x000000008aa00000, 0x000000008aa00000| Untracked 
| 170|0x000000008aa00000, 0x000000008ab00000, 0x000000008ab00000|100%| O|  |TAMS 0x000000008ab00000, 0x000000008ab00000| Untracked 
| 171|0x000000008ab00000, 0x000000008ac00000, 0x000000008ac00000|100%| O|  |TAMS 0x000000008ac00000, 0x000000008ac00000| Untracked 
| 172|0x000000008ac00000, 0x000000008ad00000, 0x000000008ad00000|100%| O|  |TAMS 0x000000008ad00000, 0x000000008ad00000| Untracked 
| 173|0x000000008ad00000, 0x000000008ae00000, 0x000000008ae00000|100%| O|  |TAMS 0x000000008ae00000, 0x000000008ae00000| Untracked 
| 174|0x000000008ae00000, 0x000000008af00000, 0x000000008af00000|100%| O|  |TAMS 0x000000008af00000, 0x000000008af00000| Untracked 
| 175|0x000000008af00000, 0x000000008b000000, 0x000000008b000000|100%| O|  |TAMS 0x000000008b000000, 0x000000008b000000| Untracked 
| 176|0x000000008b000000, 0x000000008b100000, 0x000000008b100000|100%| O|  |TAMS 0x000000008b100000, 0x000000008b100000| Untracked 
| 177|0x000000008b100000, 0x000000008b200000, 0x000000008b200000|100%| O|  |TAMS 0x000000008b200000, 0x000000008b200000| Untracked 
| 178|0x000000008b200000, 0x000000008b300000, 0x000000008b300000|100%| O|  |TAMS 0x000000008b300000, 0x000000008b300000| Untracked 
| 179|0x000000008b300000, 0x000000008b400000, 0x000000008b400000|100%| O|  |TAMS 0x000000008b400000, 0x000000008b400000| Untracked 
| 180|0x000000008b400000, 0x000000008b500000, 0x000000008b500000|100%| O|  |TAMS 0x000000008b500000, 0x000000008b500000| Untracked 
| 181|0x000000008b500000, 0x000000008b600000, 0x000000008b600000|100%| O|  |TAMS 0x000000008b600000, 0x000000008b600000| Untracked 
| 182|0x000000008b600000, 0x000000008b700000, 0x000000008b700000|100%| O|  |TAMS 0x000000008b700000, 0x000000008b700000| Untracked 
| 183|0x000000008b700000, 0x000000008b800000, 0x000000008b800000|100%| O|  |TAMS 0x000000008b800000, 0x000000008b800000| Untracked 
| 184|0x000000008b800000, 0x000000008b900000, 0x000000008b900000|100%| O|  |TAMS 0x000000008b900000, 0x000000008b900000| Untracked 
| 185|0x000000008b900000, 0x000000008ba00000, 0x000000008ba00000|100%| O|  |TAMS 0x000000008ba00000, 0x000000008ba00000| Untracked 
| 186|0x000000008ba00000, 0x000000008bb00000, 0x000000008bb00000|100%| O|  |TAMS 0x000000008bb00000, 0x000000008bb00000| Untracked 
| 187|0x000000008bb00000, 0x000000008bc00000, 0x000000008bc00000|100%| O|  |TAMS 0x000000008bc00000, 0x000000008bc00000| Untracked 
| 188|0x000000008bc00000, 0x000000008bd00000, 0x000000008bd00000|100%| O|  |TAMS 0x000000008bd00000, 0x000000008bd00000| Untracked 
| 189|0x000000008bd00000, 0x000000008be00000, 0x000000008be00000|100%| O|  |TAMS 0x000000008be00000, 0x000000008be00000| Untracked 
| 190|0x000000008be00000, 0x000000008bf00000, 0x000000008bf00000|100%| O|  |TAMS 0x000000008bf00000, 0x000000008bf00000| Untracked 
| 191|0x000000008bf00000, 0x000000008c000000, 0x000000008c000000|100%| O|  |TAMS 0x000000008c000000, 0x000000008c000000| Untracked 
| 192|0x000000008c000000, 0x000000008c100000, 0x000000008c100000|100%| O|  |TAMS 0x000000008c100000, 0x000000008c100000| Untracked 
| 193|0x000000008c100000, 0x000000008c200000, 0x000000008c200000|100%| O|  |TAMS 0x000000008c200000, 0x000000008c200000| Untracked 
| 194|0x000000008c200000, 0x000000008c300000, 0x000000008c300000|100%| O|  |TAMS 0x000000008c300000, 0x000000008c300000| Untracked 
| 195|0x000000008c300000, 0x000000008c400000, 0x000000008c400000|100%| O|  |TAMS 0x000000008c34c800, 0x000000008c400000| Untracked 
| 196|0x000000008c400000, 0x000000008c500000, 0x000000008c500000|100%| O|  |TAMS 0x000000008c400000, 0x000000008c500000| Untracked 
| 197|0x000000008c500000, 0x000000008c600000, 0x000000008c600000|100%| O|  |TAMS 0x000000008c500000, 0x000000008c600000| Untracked 
| 198|0x000000008c600000, 0x000000008c65f400, 0x000000008c700000| 37%| O|  |TAMS 0x000000008c600000, 0x000000008c65f400| Untracked 
| 199|0x000000008c700000, 0x000000008c700000, 0x000000008c800000|  0%| F|  |TAMS 0x000000008c700000, 0x000000008c700000| Untracked 
| 200|0x000000008c800000, 0x000000008c800000, 0x000000008c900000|  0%| F|  |TAMS 0x000000008c800000, 0x000000008c800000| Untracked 
| 201|0x000000008c900000, 0x000000008c900000, 0x000000008ca00000|  0%| F|  |TAMS 0x000000008c900000, 0x000000008c900000| Untracked 
| 202|0x000000008ca00000, 0x000000008ca00000, 0x000000008cb00000|  0%| F|  |TAMS 0x000000008ca00000, 0x000000008ca00000| Untracked 
| 203|0x000000008cb00000, 0x000000008cb00000, 0x000000008cc00000|  0%| F|  |TAMS 0x000000008cb00000, 0x000000008cb00000| Untracked 
| 204|0x000000008cc00000, 0x000000008cc00000, 0x000000008cd00000|  0%| F|  |TAMS 0x000000008cc00000, 0x000000008cc00000| Untracked 
| 205|0x000000008cd00000, 0x000000008cd00000, 0x000000008ce00000|  0%| F|  |TAMS 0x000000008cd00000, 0x000000008cd00000| Untracked 
| 206|0x000000008ce00000, 0x000000008ce00000, 0x000000008cf00000|  0%| F|  |TAMS 0x000000008ce00000, 0x000000008ce00000| Untracked 
| 207|0x000000008cf00000, 0x000000008cf00000, 0x000000008d000000|  0%| F|  |TAMS 0x000000008cf00000, 0x000000008cf00000| Untracked 
| 208|0x000000008d000000, 0x000000008d000000, 0x000000008d100000|  0%| F|  |TAMS 0x000000008d000000, 0x000000008d000000| Untracked 
| 209|0x000000008d100000, 0x000000008d100000, 0x000000008d200000|  0%| F|  |TAMS 0x000000008d100000, 0x000000008d100000| Untracked 
| 210|0x000000008d200000, 0x000000008d200000, 0x000000008d300000|  0%| F|  |TAMS 0x000000008d200000, 0x000000008d200000| Untracked 
| 211|0x000000008d300000, 0x000000008d300000, 0x000000008d400000|  0%| F|  |TAMS 0x000000008d300000, 0x000000008d300000| Untracked 
| 212|0x000000008d400000, 0x000000008d400000, 0x000000008d500000|  0%| F|  |TAMS 0x000000008d400000, 0x000000008d400000| Untracked 
| 213|0x000000008d500000, 0x000000008d500000, 0x000000008d600000|  0%| F|  |TAMS 0x000000008d500000, 0x000000008d500000| Untracked 
| 214|0x000000008d600000, 0x000000008d600000, 0x000000008d700000|  0%| F|  |TAMS 0x000000008d600000, 0x000000008d600000| Untracked 
| 215|0x000000008d700000, 0x000000008d700000, 0x000000008d800000|  0%| F|  |TAMS 0x000000008d700000, 0x000000008d700000| Untracked 
| 216|0x000000008d800000, 0x000000008d800000, 0x000000008d900000|  0%| F|  |TAMS 0x000000008d800000, 0x000000008d800000| Untracked 
| 217|0x000000008d900000, 0x000000008d900000, 0x000000008da00000|  0%| F|  |TAMS 0x000000008d900000, 0x000000008d900000| Untracked 
| 218|0x000000008da00000, 0x000000008da00000, 0x000000008db00000|  0%| F|  |TAMS 0x000000008da00000, 0x000000008da00000| Untracked 
| 219|0x000000008db00000, 0x000000008db00000, 0x000000008dc00000|  0%| F|  |TAMS 0x000000008db00000, 0x000000008db00000| Untracked 
| 220|0x000000008dc00000, 0x000000008dc00000, 0x000000008dd00000|  0%| F|  |TAMS 0x000000008dc00000, 0x000000008dc00000| Untracked 
| 221|0x000000008dd00000, 0x000000008dd00000, 0x000000008de00000|  0%| F|  |TAMS 0x000000008dd00000, 0x000000008dd00000| Untracked 
| 222|0x000000008de00000, 0x000000008de00000, 0x000000008df00000|  0%| F|  |TAMS 0x000000008de00000, 0x000000008de00000| Untracked 
| 223|0x000000008df00000, 0x000000008df00000, 0x000000008e000000|  0%| F|  |TAMS 0x000000008df00000, 0x000000008df00000| Untracked 
| 224|0x000000008e000000, 0x000000008e000000, 0x000000008e100000|  0%| F|  |TAMS 0x000000008e000000, 0x000000008e000000| Untracked 
| 225|0x000000008e100000, 0x000000008e100000, 0x000000008e200000|  0%| F|  |TAMS 0x000000008e100000, 0x000000008e100000| Untracked 
| 226|0x000000008e200000, 0x000000008e200000, 0x000000008e300000|  0%| F|  |TAMS 0x000000008e200000, 0x000000008e200000| Untracked 
| 227|0x000000008e300000, 0x000000008e391e70, 0x000000008e400000| 56%| S|CS|TAMS 0x000000008e300000, 0x000000008e300000| Complete 
| 228|0x000000008e400000, 0x000000008e500000, 0x000000008e500000|100%| S|CS|TAMS 0x000000008e400000, 0x000000008e400000| Complete 
| 229|0x000000008e500000, 0x000000008e600000, 0x000000008e600000|100%| S|CS|TAMS 0x000000008e500000, 0x000000008e500000| Complete 
| 230|0x000000008e600000, 0x000000008e700000, 0x000000008e700000|100%| S|CS|TAMS 0x000000008e600000, 0x000000008e600000| Complete 
| 231|0x000000008e700000, 0x000000008e700000, 0x000000008e800000|  0%| F|  |TAMS 0x000000008e700000, 0x000000008e700000| Untracked 
| 232|0x000000008e800000, 0x000000008e800000, 0x000000008e900000|  0%| F|  |TAMS 0x000000008e800000, 0x000000008e800000| Untracked 
| 233|0x000000008e900000, 0x000000008e900000, 0x000000008ea00000|  0%| F|  |TAMS 0x000000008e900000, 0x000000008e900000| Untracked 
| 234|0x000000008ea00000, 0x000000008ea00000, 0x000000008eb00000|  0%| F|  |TAMS 0x000000008ea00000, 0x000000008ea00000| Untracked 
| 235|0x000000008eb00000, 0x000000008eb00000, 0x000000008ec00000|  0%| F|  |TAMS 0x000000008eb00000, 0x000000008eb00000| Untracked 
| 236|0x000000008ec00000, 0x000000008ec00000, 0x000000008ed00000|  0%| F|  |TAMS 0x000000008ec00000, 0x000000008ec00000| Untracked 
| 237|0x000000008ed00000, 0x000000008ed00000, 0x000000008ee00000|  0%| F|  |TAMS 0x000000008ed00000, 0x000000008ed00000| Untracked 
| 238|0x000000008ee00000, 0x000000008ee00000, 0x000000008ef00000|  0%| F|  |TAMS 0x000000008ee00000, 0x000000008ee00000| Untracked 
| 239|0x000000008ef00000, 0x000000008ef00000, 0x000000008f000000|  0%| F|  |TAMS 0x000000008ef00000, 0x000000008ef00000| Untracked 
| 240|0x000000008f000000, 0x000000008f000000, 0x000000008f100000|  0%| F|  |TAMS 0x000000008f000000, 0x000000008f000000| Untracked 
| 241|0x000000008f100000, 0x000000008f100000, 0x000000008f200000|  0%| F|  |TAMS 0x000000008f100000, 0x000000008f100000| Untracked 
| 242|0x000000008f200000, 0x000000008f200000, 0x000000008f300000|  0%| F|  |TAMS 0x000000008f200000, 0x000000008f200000| Untracked 
| 243|0x000000008f300000, 0x000000008f300000, 0x000000008f400000|  0%| F|  |TAMS 0x000000008f300000, 0x000000008f300000| Untracked 
| 244|0x000000008f400000, 0x000000008f400000, 0x000000008f500000|  0%| F|  |TAMS 0x000000008f400000, 0x000000008f400000| Untracked 
| 245|0x000000008f500000, 0x000000008f500000, 0x000000008f600000|  0%| F|  |TAMS 0x000000008f500000, 0x000000008f500000| Untracked 
| 246|0x000000008f600000, 0x000000008f600000, 0x000000008f700000|  0%| F|  |TAMS 0x000000008f600000, 0x000000008f600000| Untracked 
| 247|0x000000008f700000, 0x000000008f72c228, 0x000000008f800000| 17%| E|  |TAMS 0x000000008f700000, 0x000000008f700000| Complete 
| 248|0x000000008f800000, 0x000000008f900000, 0x000000008f900000|100%| E|CS|TAMS 0x000000008f800000, 0x000000008f800000| Complete 
| 249|0x000000008f900000, 0x000000008fa00000, 0x000000008fa00000|100%| E|CS|TAMS 0x000000008f900000, 0x000000008f900000| Complete 
| 250|0x000000008fa00000, 0x000000008fb00000, 0x000000008fb00000|100%| E|CS|TAMS 0x000000008fa00000, 0x000000008fa00000| Complete 
| 251|0x000000008fb00000, 0x000000008fc00000, 0x000000008fc00000|100%| E|CS|TAMS 0x000000008fb00000, 0x000000008fb00000| Complete 
| 252|0x000000008fc00000, 0x000000008fd00000, 0x000000008fd00000|100%| E|CS|TAMS 0x000000008fc00000, 0x000000008fc00000| Complete 
| 253|0x000000008fd00000, 0x000000008fe00000, 0x000000008fe00000|100%| E|CS|TAMS 0x000000008fd00000, 0x000000008fd00000| Complete 

Card table byte_map: [0x00000152c2200000,0x00000152c2600000] _byte_map_base: 0x00000152c1e00000

Marking Bits (Prev, Next): (CMBitMap*) 0x00000152aeff5860, (CMBitMap*) 0x00000152aeff5828
 Prev Bits: [0x00000152c4a00000, 0x00000152c6a00000)
 Next Bits: [0x00000152c2a00000, 0x00000152c4a00000)

Polling page: 0x00000152ae780000

Metaspace:

Usage:
  Non-class:    112.55 MB capacity,   110.36 MB ( 98%) used,     1.81 MB (  2%) free+waste,   381.94 KB ( <1%) overhead. 
      Class:     16.83 MB capacity,    15.61 MB ( 93%) used,     1.05 MB (  6%) free+waste,   172.25 KB ( <1%) overhead. 
       Both:    129.38 MB capacity,   125.97 MB ( 97%) used,     2.87 MB (  2%) free+waste,   554.19 KB ( <1%) overhead. 

Virtual space:
  Non-class space:      114.00 MB reserved,     112.70 MB ( 99%) committed 
      Class space:        1.00 GB reserved,      16.88 MB (  2%) committed 
             Both:        1.11 GB reserved,     129.58 MB ( 11%) committed 

Chunk freelists:
   Non-Class:  29.00 KB
       Class:  14.00 KB
        Both:  43.00 KB

MaxMetaspaceSize: 17179869184.00 GB
CompressedClassSpaceSize: 1.00 GB
Initial GC threshold: 20.80 MB
Current GC threshold: 208.67 MB
CDS: off

CodeHeap 'non-profiled nmethods': size=120000Kb used=13342Kb max_used=13342Kb free=106657Kb
 bounds [0x00000152ba5a0000, 0x00000152bb2b0000, 0x00000152c1ad0000]
CodeHeap 'profiled nmethods': size=120000Kb used=37377Kb max_used=37377Kb free=82622Kb
 bounds [0x00000152b3070000, 0x00000152b5500000, 0x00000152ba5a0000]
CodeHeap 'non-nmethods': size=5760Kb used=2472Kb max_used=2523Kb free=3288Kb
 bounds [0x00000152b2ad0000, 0x00000152b2d50000, 0x00000152b3070000]
 total_blobs=17585 nmethods=16573 adapters=924
 compilation: enabled
              stopped_count=0, restarted_count=0
 full_count=0

Compilation events (20 events):
Event: 113.944 Thread 0x00000152c9d4e800 nmethod 18240 0x00000152b54e9110 code [0x00000152b54e9320, 0x00000152b54e9948]
Event: 113.944 Thread 0x00000152c9d4e800 18241       3       org.codehaus.groovy.ast.ClassNode$$Lambda$614/0x0000000100754440::apply (8 bytes)
Event: 113.944 Thread 0x00000152c9d4e800 nmethod 18241 0x00000152b54e9b90 code [0x00000152b54e9d40, 0x00000152b54e9f58]
Event: 113.944 Thread 0x00000152c9d4e800 18243       3       org.codehaus.groovy.classgen.asm.OptimizingStatementWriter$OptimizeFlagsCollector::pop (80 bytes)
Event: 113.945 Thread 0x00000152c9d4e800 nmethod 18243 0x00000152b54ea010 code [0x00000152b54ea240, 0x00000152b54eaa68]
Event: 113.945 Thread 0x00000152c9d4e800 18245       3       groovyjarjarasm.asm.MethodWriter::addSuccessorToCurrentBasicBlock (24 bytes)
Event: 113.946 Thread 0x00000152c9d4e800 nmethod 18245 0x00000152b54ead90 code [0x00000152b54eaf60, 0x00000152b54eb298]
Event: 113.946 Thread 0x00000152c9d4e800 18242       3       org.codehaus.groovy.classgen.asm.OptimizingStatementWriter$OptimizeFlagsCollector::push (26 bytes)
Event: 113.946 Thread 0x00000152c9d4e800 nmethod 18242 0x00000152b54eb410 code [0x00000152b54eb600, 0x00000152b54ebaa8]
Event: 113.946 Thread 0x00000152c9d4e800 18246       3       org.codehaus.groovy.ast.ClassNode::implementsInterface (26 bytes)
Event: 113.947 Thread 0x00000152c9d4e800 nmethod 18246 0x00000152b54ebc10 code [0x00000152b54ebe20, 0x00000152b54ec4c8]
Event: 113.947 Thread 0x00000152c9d4e800 18244       1       org.codehaus.groovy.classgen.asm.WriterController::getLineNumber (5 bytes)
Event: 113.947 Thread 0x00000152c9d4e800 nmethod 18244 0x00000152bb2a6910 code [0x00000152bb2a6ac0, 0x00000152bb2a6b78]
Event: 113.947 Thread 0x00000152c9d4e800 18247       1       org.codehaus.groovy.ast.expr.BinaryExpression::getRightExpression (5 bytes)
Event: 113.947 Thread 0x00000152c9d4e800 nmethod 18247 0x00000152bb2a6c10 code [0x00000152bb2a6dc0, 0x00000152bb2a6e78]
Event: 113.947 Thread 0x00000152c9d4e800 18248       3       org.codehaus.groovy.ast.ClassCodeVisitorSupport::visitReturnStatement (11 bytes)
Event: 113.948 Thread 0x00000152c9d4e800 nmethod 18248 0x00000152b54ec690 code [0x00000152b54ec860, 0x00000152b54ecb78]
Event: 113.948 Thread 0x00000152c9d4e800 18249       1       org.codehaus.groovy.classgen.asm.WriterController::getAssertionWriter (5 bytes)
Event: 113.948 Thread 0x00000152c9d4e800 nmethod 18249 0x00000152bb2a6f10 code [0x00000152bb2a70c0, 0x00000152bb2a7178]
Event: 113.949 Thread 0x00000152c9d4e800 18250       3       org.codehaus.groovy.classgen.AsmClassGenerator::onLineNumber (85 bytes)

GC Heap History (20 events):
Event: 80.639 GC heap before
{Heap before GC invocations=85 (full 0):
 garbage-first heap   total 260096K, used 229081K [0x0000000080000000, 0x0000000100000000)
  region size 1024K, 30 young (30720K), 1 survivors (1024K)
 Metaspace       used 116544K, capacity 119616K, committed 120400K, reserved 1153024K
  class space    used 14592K, capacity 15707K, committed 16000K, reserved 1048576K
}
Event: 80.646 GC heap after
{Heap after GC invocations=86 (full 0):
 garbage-first heap   total 260096K, used 198904K [0x0000000080000000, 0x0000000100000000)
  region size 1024K, 3 young (3072K), 3 survivors (3072K)
 Metaspace       used 116544K, capacity 119616K, committed 120400K, reserved 1153024K
  class space    used 14592K, capacity 15707K, committed 16000K, reserved 1048576K
}
Event: 81.250 GC heap before
{Heap before GC invocations=87 (full 0):
 garbage-first heap   total 260096K, used 225352K [0x0000000080000000, 0x0000000100000000)
  region size 1024K, 32 young (32768K), 3 survivors (3072K)
 Metaspace       used 117245K, capacity 120293K, committed 120912K, reserved 1155072K
  class space    used 14670K, capacity 15793K, committed 16000K, reserved 1048576K
}
Event: 81.258 GC heap after
{Heap after GC invocations=88 (full 0):
 garbage-first heap   total 260096K, used 198739K [0x0000000080000000, 0x0000000100000000)
  region size 1024K, 4 young (4096K), 4 survivors (4096K)
 Metaspace       used 117245K, capacity 120293K, committed 120912K, reserved 1155072K
  class space    used 14670K, capacity 15793K, committed 16000K, reserved 1048576K
}
Event: 81.811 GC heap before
{Heap before GC invocations=88 (full 0):
 garbage-first heap   total 260096K, used 226387K [0x0000000080000000, 0x0000000100000000)
  region size 1024K, 32 young (32768K), 4 survivors (4096K)
 Metaspace       used 118074K, capacity 121192K, committed 121808K, reserved 1155072K
  class space    used 14789K, capacity 15922K, committed 16128K, reserved 1048576K
}
Event: 81.818 GC heap after
{Heap after GC invocations=89 (full 0):
 garbage-first heap   total 260096K, used 198802K [0x0000000080000000, 0x0000000100000000)
  region size 1024K, 2 young (2048K), 2 survivors (2048K)
 Metaspace       used 118074K, capacity 121192K, committed 121808K, reserved 1155072K
  class space    used 14789K, capacity 15922K, committed 16128K, reserved 1048576K
}
Event: 82.260 GC heap before
{Heap before GC invocations=90 (full 0):
 garbage-first heap   total 260096K, used 227474K [0x0000000080000000, 0x0000000100000000)
  region size 1024K, 31 young (31744K), 2 survivors (2048K)
 Metaspace       used 120268K, capacity 123400K, committed 123856K, reserved 1157120K
  class space    used 15072K, capacity 16210K, committed 16384K, reserved 1048576K
}
Event: 82.267 GC heap after
{Heap after GC invocations=91 (full 0):
 garbage-first heap   total 260096K, used 198185K [0x0000000080000000, 0x0000000100000000)
  region size 1024K, 3 young (3072K), 3 survivors (3072K)
 Metaspace       used 120268K, capacity 123400K, committed 123856K, reserved 1157120K
  class space    used 15072K, capacity 16210K, committed 16384K, reserved 1048576K
}
Event: 82.853 GC heap before
{Heap before GC invocations=91 (full 0):
 garbage-first heap   total 260096K, used 227881K [0x0000000080000000, 0x0000000100000000)
  region size 1024K, 32 young (32768K), 3 survivors (3072K)
 Metaspace       used 122366K, capacity 125480K, committed 126160K, reserved 1159168K
  class space    used 15298K, capacity 16434K, committed 16640K, reserved 1048576K
}
Event: 82.861 GC heap after
{Heap after GC invocations=92 (full 0):
 garbage-first heap   total 260096K, used 200086K [0x0000000080000000, 0x0000000100000000)
  region size 1024K, 4 young (4096K), 4 survivors (4096K)
 Metaspace       used 122366K, capacity 125480K, committed 126160K, reserved 1159168K
  class space    used 15298K, capacity 16434K, committed 16640K, reserved 1048576K
}
Event: 83.958 GC heap before
{Heap before GC invocations=93 (full 0):
 garbage-first heap   total 260096K, used 228758K [0x0000000080000000, 0x0000000100000000)
  region size 1024K, 32 young (32768K), 4 survivors (4096K)
 Metaspace       used 123597K, capacity 126719K, committed 127056K, reserved 1159168K
  class space    used 15448K, capacity 16610K, committed 16768K, reserved 1048576K
}
Event: 83.970 GC heap after
{Heap after GC invocations=94 (full 0):
 garbage-first heap   total 260096K, used 202165K [0x0000000080000000, 0x0000000100000000)
  region size 1024K, 4 young (4096K), 4 survivors (4096K)
 Metaspace       used 123597K, capacity 126719K, committed 127056K, reserved 1159168K
  class space    used 15448K, capacity 16610K, committed 16768K, reserved 1048576K
}
Event: 84.191 GC heap before
{Heap before GC invocations=94 (full 0):
 garbage-first heap   total 260096K, used 227765K [0x0000000080000000, 0x0000000100000000)
  region size 1024K, 30 young (30720K), 4 survivors (4096K)
 Metaspace       used 124120K, capacity 127211K, committed 127696K, reserved 1161216K
  class space    used 15528K, capacity 16685K, committed 16896K, reserved 1048576K
}
Event: 84.201 GC heap after
{Heap after GC invocations=95 (full 0):
 garbage-first heap   total 260096K, used 203598K [0x0000000080000000, 0x0000000100000000)
  region size 1024K, 4 young (4096K), 4 survivors (4096K)
 Metaspace       used 124120K, capacity 127211K, committed 127696K, reserved 1161216K
  class space    used 15528K, capacity 16685K, committed 16896K, reserved 1048576K
}
Event: 84.399 GC heap before
{Heap before GC invocations=95 (full 0):
 garbage-first heap   total 260096K, used 227150K [0x0000000080000000, 0x0000000100000000)
  region size 1024K, 28 young (28672K), 4 survivors (4096K)
 Metaspace       used 124772K, capacity 127883K, committed 128208K, reserved 1161216K
  class space    used 15614K, capacity 16781K, committed 16896K, reserved 1048576K
}
Event: 84.406 GC heap after
{Heap after GC invocations=96 (full 0):
 garbage-first heap   total 260096K, used 203801K [0x0000000080000000, 0x0000000100000000)
  region size 1024K, 2 young (2048K), 2 survivors (2048K)
 Metaspace       used 124772K, capacity 127883K, committed 128208K, reserved 1161216K
  class space    used 15614K, capacity 16781K, committed 16896K, reserved 1048576K
}
Event: 113.255 GC heap before
{Heap before GC invocations=97 (full 0):
 garbage-first heap   total 260096K, used 228377K [0x0000000080000000, 0x0000000100000000)
  region size 1024K, 27 young (27648K), 2 survivors (2048K)
 Metaspace       used 128503K, capacity 131771K, committed 131792K, reserved 1163264K
  class space    used 15942K, capacity 17151K, committed 17152K, reserved 1048576K
}
Event: 113.262 GC heap after
{Heap after GC invocations=98 (full 0):
 garbage-first heap   total 260096K, used 205086K [0x0000000080000000, 0x0000000100000000)
  region size 1024K, 3 young (3072K), 3 survivors (3072K)
 Metaspace       used 128503K, capacity 131771K, committed 131792K, reserved 1163264K
  class space    used 15942K, capacity 17151K, committed 17152K, reserved 1048576K
}
Event: 113.722 GC heap before
{Heap before GC invocations=98 (full 0):
 garbage-first heap   total 260096K, used 227614K [0x0000000080000000, 0x0000000100000000)
  region size 1024K, 26 young (26624K), 3 survivors (3072K)
 Metaspace       used 128789K, capacity 132139K, committed 132432K, reserved 1165312K
  class space    used 15968K, capacity 17189K, committed 17280K, reserved 1048576K
}
Event: 113.742 GC heap after
{Heap after GC invocations=99 (full 0):
 garbage-first heap   total 260096K, used 206788K [0x0000000080000000, 0x0000000100000000)
  region size 1024K, 4 young (4096K), 4 survivors (4096K)
 Metaspace       used 128789K, capacity 132139K, committed 132432K, reserved 1165312K
  class space    used 15968K, capacity 17189K, committed 17280K, reserved 1048576K
}

Deoptimization events (20 events):
Event: 113.417 Thread 0x00000152cc417000 DEOPT PACKING pc=0x00000152b4d960bb sp=0x000000151e2f7330
Event: 113.417 Thread 0x00000152cc417000 DEOPT UNPACKING pc=0x00000152b2b1a95e sp=0x000000151e2f6870 mode 0
Event: 113.493 Thread 0x00000152cc417000 DEOPT PACKING pc=0x00000152b4d960bb sp=0x000000151e2f7330
Event: 113.493 Thread 0x00000152cc417000 DEOPT UNPACKING pc=0x00000152b2b1a95e sp=0x000000151e2f6870 mode 0
Event: 113.603 Thread 0x00000152cc417000 Uncommon trap: trap_request=0xffffffde fr.pc=0x00000152baacc330 relative=0x0000000000000170
Event: 113.603 Thread 0x00000152cc417000 Uncommon trap: reason=class_check action=maybe_recompile pc=0x00000152baacc330 method=com.google.common.collect.ImmutableList.iterator()Ljava/util/Iterator; @ 1 c2
Event: 113.603 Thread 0x00000152cc417000 DEOPT PACKING pc=0x00000152baacc330 sp=0x000000151e2f8ea0
Event: 113.603 Thread 0x00000152cc417000 DEOPT UNPACKING pc=0x00000152b2b1a1af sp=0x000000151e2f8e58 mode 2
Event: 113.696 Thread 0x00000152cc417000 Uncommon trap: trap_request=0xffffffc6 fr.pc=0x00000152ba6d6c20 relative=0x0000000000000240
Event: 113.696 Thread 0x00000152cc417000 Uncommon trap: reason=bimorphic_or_optimized_type_check action=maybe_recompile pc=0x00000152ba6d6c20 method=com.google.common.base.CharMatcher.indexIn(Ljava/lang/CharSequence;I)I @ 31 c2
Event: 113.696 Thread 0x00000152cc417000 DEOPT PACKING pc=0x00000152ba6d6c20 sp=0x000000151e2f7090
Event: 113.696 Thread 0x00000152cc417000 DEOPT UNPACKING pc=0x00000152b2b1a1af sp=0x000000151e2f7038 mode 2
Event: 113.699 Thread 0x00000152cc417000 Uncommon trap: trap_request=0xffffff7e fr.pc=0x00000152ba83bd4c relative=0x000000000000038c
Event: 113.699 Thread 0x00000152cc417000 Uncommon trap: reason=predicate action=maybe_recompile pc=0x00000152ba83bd4c method=com.google.common.base.CharMatcher.indexIn(Ljava/lang/CharSequence;I)I @ 19 c2
Event: 113.699 Thread 0x00000152cc417000 DEOPT PACKING pc=0x00000152ba83bd4c sp=0x000000151e2f77a0
Event: 113.699 Thread 0x00000152cc417000 DEOPT UNPACKING pc=0x00000152b2b1a1af sp=0x000000151e2f7748 mode 2
Event: 113.819 Thread 0x00000152cc417000 DEOPT PACKING pc=0x00000152b491d8a4 sp=0x000000151e2f6800
Event: 113.819 Thread 0x00000152cc417000 DEOPT UNPACKING pc=0x00000152b2b1a95e sp=0x000000151e2f5d20 mode 0
Event: 113.836 Thread 0x00000152cc417000 DEOPT PACKING pc=0x00000152b491d8a4 sp=0x000000151e2f6800
Event: 113.836 Thread 0x00000152cc417000 DEOPT UNPACKING pc=0x00000152b2b1a95e sp=0x000000151e2f5d20 mode 0

Classes redefined (0 events):
No events

Internal exceptions (20 events):
Event: 84.665 Thread 0x00000152cbbfa800 Exception <a 'java/lang/NoSuchMethodError'{0x000000008f8c1618}: <clinit>> (0x000000008f8c1618) thrown at [src/hotspot/share/prims/jni.cpp, line 1367]
Event: 84.712 Thread 0x00000152d1697800 Exception <a 'sun/nio/fs/WindowsException'{0x000000008f757ce8}> (0x000000008f757ce8) thrown at [src/hotspot/share/prims/jni.cpp, line 617]
Event: 84.872 Thread 0x00000152cc417000 Implicit null exception at 0x00000152bb0c412f to 0x00000152bb0c417c
Event: 84.928 Thread 0x00000152cc417000 Implicit null exception at 0x00000152bafa8567 to 0x00000152bafa891c
Event: 94.215 Thread 0x00000152c9fbb000 Implicit null exception at 0x00000152ba5d68f4 to 0x00000152ba5d6e0c
Event: 113.015 Thread 0x00000152cbc9c000 Exception <a 'java/lang/NoSuchMethodError'{0x000000008e9d7c80}: <clinit>> (0x000000008e9d7c80) thrown at [src/hotspot/share/prims/jni.cpp, line 1367]
Event: 113.016 Thread 0x00000152cbc9c000 Exception <a 'java/lang/NoSuchMethodError'{0x000000008e9e03e0}: <clinit>> (0x000000008e9e03e0) thrown at [src/hotspot/share/prims/jni.cpp, line 1367]
Event: 113.176 Thread 0x00000152cca33000 Exception <a 'sun/nio/fs/WindowsException'{0x000000008e7d9640}> (0x000000008e7d9640) thrown at [src/hotspot/share/prims/jni.cpp, line 617]
Event: 113.183 Thread 0x00000152cca33000 Exception <a 'sun/nio/fs/WindowsException'{0x000000008e606790}> (0x000000008e606790) thrown at [src/hotspot/share/prims/jni.cpp, line 617]
Event: 113.184 Thread 0x00000152cca33000 Exception <a 'sun/nio/fs/WindowsException'{0x000000008e606918}> (0x000000008e606918) thrown at [src/hotspot/share/prims/jni.cpp, line 617]
Event: 113.195 Thread 0x00000152cc417000 Exception <a 'java/lang/ClassNotFoundException'{0x000000008e668350}: sync_studio_tooling53915_9vfscfce1aprmjj6o5duhmqydBeanInfo> (0x000000008e668350) thrown at [src/hotspot/share/classfile/systemDictionary.cpp, line 230]
Event: 113.196 Thread 0x00000152cc417000 Exception <a 'java/lang/ClassNotFoundException'{0x000000008e676270}: sync_studio_tooling53915_9vfscfce1aprmjj6o5duhmqydCustomizer> (0x000000008e676270) thrown at [src/hotspot/share/classfile/systemDictionary.cpp, line 230]
Event: 113.224 Thread 0x00000152cca37000 Exception <a 'sun/nio/fs/WindowsException'{0x000000008e32f330}> (0x000000008e32f330) thrown at [src/hotspot/share/prims/jni.cpp, line 617]
Event: 113.229 Thread 0x00000152cca37000 Exception <a 'sun/nio/fs/WindowsException'{0x000000008e34d3a8}> (0x000000008e34d3a8) thrown at [src/hotspot/share/prims/jni.cpp, line 617]
Event: 113.230 Thread 0x00000152cca37000 Exception <a 'sun/nio/fs/WindowsException'{0x000000008e34d520}> (0x000000008e34d520) thrown at [src/hotspot/share/prims/jni.cpp, line 617]
Event: 113.240 Thread 0x00000152cc417000 Exception <a 'java/lang/ClassNotFoundException'{0x000000008e3a21b8}: sync_studio_tooling53915_9vfscfce1aprmjj6o5duhmqydBeanInfo> (0x000000008e3a21b8) thrown at [src/hotspot/share/classfile/systemDictionary.cpp, line 230]
Event: 113.241 Thread 0x00000152cc417000 Exception <a 'java/lang/ClassNotFoundException'{0x000000008e3afda0}: sync_studio_tooling53915_9vfscfce1aprmjj6o5duhmqydCustomizer> (0x000000008e3afda0) thrown at [src/hotspot/share/classfile/systemDictionary.cpp, line 230]
Event: 113.692 Thread 0x00000152cc417000 Exception <a 'java/lang/ClassNotFoundException'{0x000000008e84d800}: build_98tqzwzwbfbxfdh98tfc6fr5hBeanInfo> (0x000000008e84d800) thrown at [src/hotspot/share/classfile/systemDictionary.cpp, line 230]
Event: 113.692 Thread 0x00000152cc417000 Exception <a 'java/lang/ClassNotFoundException'{0x000000008e859800}: build_98tqzwzwbfbxfdh98tfc6fr5hCustomizer> (0x000000008e859800) thrown at [src/hotspot/share/classfile/systemDictionary.cpp, line 230]
Event: 113.772 Thread 0x00000152cc417000 Exception <a 'sun/nio/fs/WindowsException'{0x000000008fc15de0}> (0x000000008fc15de0) thrown at [src/hotspot/share/prims/jni.cpp, line 617]

Events (20 events):
Event: 113.653 loading class org/gradle/plugin/use/internal/PluginUseScriptBlockMetadataCompiler$1
Event: 113.653 loading class org/gradle/plugin/use/internal/PluginUseScriptBlockMetadataCompiler$1 done
Event: 113.683 loading class com/google/common/collect/AbstractMultiset$EntrySet
Event: 113.683 loading class com/google/common/collect/AbstractMultiset$EntrySet done
Event: 113.683 loading class com/google/common/collect/Multisets$EntrySet
Event: 113.683 loading class com/google/common/collect/Multisets$EntrySet done
Event: 113.687 loading class groovy/runtime/metaclass/build_98tqzwzwbfbxfdh98tfc6fr5hMetaClass
Event: 113.687 loading class groovy/runtime/metaclass/build_98tqzwzwbfbxfdh98tfc6fr5hMetaClass done
Event: 113.691 loading class build_98tqzwzwbfbxfdh98tfc6fr5hBeanInfo
Event: 113.691 loading class build_98tqzwzwbfbxfdh98tfc6fr5hBeanInfo done
Event: 113.691 loading class build_98tqzwzwbfbxfdh98tfc6fr5hBeanInfo
Event: 113.691 loading class build_98tqzwzwbfbxfdh98tfc6fr5hBeanInfo done
Event: 113.692 loading class build_98tqzwzwbfbxfdh98tfc6fr5hCustomizer
Event: 113.692 loading class build_98tqzwzwbfbxfdh98tfc6fr5hCustomizer done
Event: 113.692 loading class build_98tqzwzwbfbxfdh98tfc6fr5hCustomizer
Event: 113.692 loading class build_98tqzwzwbfbxfdh98tfc6fr5hCustomizer done
Event: 113.695 loading class groovy/runtime/metaclass/build_98tqzwzwbfbxfdh98tfc6fr5h$_run_closure1MetaClass
Event: 113.695 loading class groovy/runtime/metaclass/build_98tqzwzwbfbxfdh98tfc6fr5h$_run_closure1MetaClass done
Event: 113.722 Executing VM operation: G1CollectForAllocation
Event: 113.742 Executing VM operation: G1CollectForAllocation done


Dynamic libraries:
0x00007ff70b910000 - 0x00007ff70b91a000 	C:\Program Files\Android\Android Studio1\jbr\bin\java.exe
0x00007ff9dacd0000 - 0x00007ff9daee4000 	C:\WINDOWS\SYSTEM32\ntdll.dll
0x00007ff9d97d0000 - 0x00007ff9d9892000 	C:\WINDOWS\System32\KERNEL32.DLL
0x00007ff9d8650000 - 0x00007ff9d89ec000 	C:\WINDOWS\System32\KERNELBASE.dll
0x00007ff9d80e0000 - 0x00007ff9d81f1000 	C:\WINDOWS\System32\ucrtbase.dll
0x00007ff9afd10000 - 0x00007ff9afd2b000 	C:\Program Files\Android\Android Studio1\jbr\bin\VCRUNTIME140.dll
0x00007ff9ae050000 - 0x00007ff9ae067000 	C:\Program Files\Android\Android Studio1\jbr\bin\jli.dll
0x00007ff9d98a0000 - 0x00007ff9d9a4b000 	C:\WINDOWS\System32\USER32.dll
0x00007ff9b5b60000 - 0x00007ff9b5dee000 	C:\WINDOWS\WinSxS\amd64_microsoft.windows.common-controls_6595b64144ccf1df_6.0.22621.608_none_a9444ca7c10bb01d\COMCTL32.dll
0x00007ff9d8270000 - 0x00007ff9d8296000 	C:\WINDOWS\System32\win32u.dll
0x00007ff9d92a0000 - 0x00007ff9d9347000 	C:\WINDOWS\System32\msvcrt.dll
0x00007ff9d8ad0000 - 0x00007ff9d8af9000 	C:\WINDOWS\System32\GDI32.dll
0x00007ff9d8410000 - 0x00007ff9d8523000 	C:\WINDOWS\System32\gdi32full.dll
0x00007ff9d8530000 - 0x00007ff9d85ca000 	C:\WINDOWS\System32\msvcp_win.dll
0x00007ff9d9350000 - 0x00007ff9d9381000 	C:\WINDOWS\System32\IMM32.DLL
0x00007ff9b6650000 - 0x00007ff9b665c000 	C:\Program Files\Android\Android Studio1\jbr\bin\vcruntime140_1.dll
0x00007ff98f080000 - 0x00007ff98f10d000 	C:\Program Files\Android\Android Studio1\jbr\bin\msvcp140.dll
0x00007ff936ce0000 - 0x00007ff93789c000 	C:\Program Files\Android\Android Studio1\jbr\bin\server\jvm.dll
0x00007ff9dab20000 - 0x00007ff9dabce000 	C:\WINDOWS\System32\ADVAPI32.dll
0x00007ff9d9070000 - 0x00007ff9d9114000 	C:\WINDOWS\System32\sechost.dll
0x00007ff9d8ef0000 - 0x00007ff9d9007000 	C:\WINDOWS\System32\RPCRT4.dll
0x00007ff9d9c40000 - 0x00007ff9d9c48000 	C:\WINDOWS\System32\PSAPI.DLL
0x00007ff9b5f50000 - 0x00007ff9b5f59000 	C:\WINDOWS\SYSTEM32\WSOCK32.dll
0x00007ff9d21b0000 - 0x00007ff9d21e4000 	C:\WINDOWS\SYSTEM32\WINMM.dll
0x00007ff9d19f0000 - 0x00007ff9d19fa000 	C:\WINDOWS\SYSTEM32\VERSION.dll
0x00007ff9d9530000 - 0x00007ff9d95a1000 	C:\WINDOWS\System32\WS2_32.dll
0x00007ff9d7220000 - 0x00007ff9d7238000 	C:\WINDOWS\SYSTEM32\kernel.appcore.dll
0x00007ff9bc070000 - 0x00007ff9bc080000 	C:\Program Files\Android\Android Studio1\jbr\bin\verify.dll
0x00007ff9d5250000 - 0x00007ff9d547e000 	C:\WINDOWS\SYSTEM32\DBGHELP.DLL
0x00007ff9d8b00000 - 0x00007ff9d8e89000 	C:\WINDOWS\System32\combase.dll
0x00007ff9d9b60000 - 0x00007ff9d9c37000 	C:\WINDOWS\System32\OLEAUT32.dll
0x00007ff9bf1b0000 - 0x00007ff9bf1e2000 	C:\WINDOWS\SYSTEM32\dbgcore.DLL
0x00007ff9d85d0000 - 0x00007ff9d864b000 	C:\WINDOWS\System32\bcryptPrimitives.dll
0x00007ff986440000 - 0x00007ff986468000 	C:\Program Files\Android\Android Studio1\jbr\bin\java.dll
0x00007ff9b2160000 - 0x00007ff9b216a000 	C:\Program Files\Android\Android Studio1\jbr\bin\jimage.dll
0x00007ff990090000 - 0x00007ff9900a8000 	C:\Program Files\Android\Android Studio1\jbr\bin\zip.dll
0x00007ff9d9e70000 - 0x00007ff9da660000 	C:\WINDOWS\System32\SHELL32.dll
0x00007ff9d6100000 - 0x00007ff9d69cd000 	C:\WINDOWS\SYSTEM32\windows.storage.dll
0x00007ff9d5fc0000 - 0x00007ff9d60fe000 	C:\WINDOWS\SYSTEM32\wintypes.dll
0x00007ff9d9a50000 - 0x00007ff9d9b41000 	C:\WINDOWS\System32\SHCORE.dll
0x00007ff9d8e90000 - 0x00007ff9d8eee000 	C:\WINDOWS\System32\shlwapi.dll
0x00007ff9d8010000 - 0x00007ff9d8031000 	C:\WINDOWS\SYSTEM32\profapi.dll
0x00007ff9873a0000 - 0x00007ff9873b9000 	C:\Program Files\Android\Android Studio1\jbr\bin\net.dll
0x00007ff9d1f40000 - 0x00007ff9d2077000 	C:\WINDOWS\SYSTEM32\WINHTTP.dll
0x00007ff9d7690000 - 0x00007ff9d76f9000 	C:\WINDOWS\system32\mswsock.dll
0x00007ff984ab0000 - 0x00007ff984ac3000 	C:\Program Files\Android\Android Studio1\jbr\bin\nio.dll
0x00007ff9b6660000 - 0x00007ff9b6687000 	C:\Users\MelatiEka\.gradle\native\e1d6ef7f7dcc3fd88c89a11ec53ec762bb8ba0a96d01ffa2cd45eb1d1d8dd5c5\windows-amd64\native-platform.dll
0x00007ff98bba0000 - 0x00007ff98bce4000 	C:\Users\MelatiEka\.gradle\native\0d407fdbe67a94daf76414ababcb853783967236a71b16ec16e742cd7a986fd3\windows-amd64\native-platform-file-events.dll
0x00007ff9b2020000 - 0x00007ff9b202a000 	C:\Program Files\Android\Android Studio1\jbr\bin\management.dll
0x00007ff9b1f90000 - 0x00007ff9b1f9b000 	C:\Program Files\Android\Android Studio1\jbr\bin\management_ext.dll
0x00007ff9d7900000 - 0x00007ff9d791b000 	C:\WINDOWS\SYSTEM32\CRYPTSP.dll
0x00007ff9d7190000 - 0x00007ff9d71c5000 	C:\WINDOWS\system32\rsaenh.dll
0x00007ff9d7790000 - 0x00007ff9d77b8000 	C:\WINDOWS\SYSTEM32\USERENV.dll
0x00007ff9d7a90000 - 0x00007ff9d7ab8000 	C:\WINDOWS\SYSTEM32\bcrypt.dll
0x00007ff9d78f0000 - 0x00007ff9d78fc000 	C:\WINDOWS\SYSTEM32\CRYPTBASE.dll
0x00007ff9d6c90000 - 0x00007ff9d6cbd000 	C:\WINDOWS\SYSTEM32\IPHLPAPI.DLL
0x00007ff9d9b50000 - 0x00007ff9d9b59000 	C:\WINDOWS\System32\NSI.dll
0x00007ff9d1f20000 - 0x00007ff9d1f39000 	C:\WINDOWS\SYSTEM32\dhcpcsvc6.DLL
0x00007ff9d1e50000 - 0x00007ff9d1e6f000 	C:\WINDOWS\SYSTEM32\dhcpcsvc.DLL
0x00007ff9d6d00000 - 0x00007ff9d6df3000 	C:\WINDOWS\SYSTEM32\DNSAPI.dll
0x00007ff957bb0000 - 0x00007ff957bd7000 	C:\Program Files\Android\Android Studio1\jbr\bin\sunec.dll
0x00007ff9d02d0000 - 0x00007ff9d02da000 	C:\Windows\System32\rasadhlp.dll
0x00007ff9d0f20000 - 0x00007ff9d0fa3000 	C:\WINDOWS\System32\fwpuclnt.dll
0x00007ff9d7240000 - 0x00007ff9d7274000 	C:\WINDOWS\SYSTEM32\ntmarta.dll
0x00007ff957a70000 - 0x00007ff957a87000 	C:\WINDOWS\system32\napinsp.dll
0x00007ff957a50000 - 0x00007ff957a6b000 	C:\WINDOWS\system32\pnrpnsp.dll
0x00007ff957a30000 - 0x00007ff957a41000 	C:\WINDOWS\System32\winrnr.dll
0x00007ff9b53d0000 - 0x00007ff9b53e5000 	C:\WINDOWS\system32\wshbth.dll
0x00007ff977b60000 - 0x00007ff977b81000 	C:\WINDOWS\system32\nlansp_c.dll

dbghelp: loaded successfully - version: 4.0.5 - missing functions: none
symbol engine: initialized successfully - sym options: 0x614 - pdb path: .;C:\Program Files\Android\Android Studio1\jbr\bin;C:\WINDOWS\SYSTEM32;C:\WINDOWS\WinSxS\amd64_microsoft.windows.common-controls_6595b64144ccf1df_6.0.22621.608_none_a9444ca7c10bb01d;C:\Program Files\Android\Android Studio1\jbr\bin\server;C:\Users\MelatiEka\.gradle\native\e1d6ef7f7dcc3fd88c89a11ec53ec762bb8ba0a96d01ffa2cd45eb1d1d8dd5c5\windows-amd64;C:\Users\MelatiEka\.gradle\native\0d407fdbe67a94daf76414ababcb853783967236a71b16ec16e742cd7a986fd3\windows-amd64

VM Arguments:
jvm_args: --add-opens=java.base/java.util=ALL-UNNAMED --add-opens=java.base/java.lang=ALL-UNNAMED --add-opens=java.base/java.lang.invoke=ALL-UNNAMED --add-opens=java.base/java.util=ALL-UNNAMED --add-opens=java.prefs/java.util.prefs=ALL-UNNAMED --add-opens=java.prefs/java.util.prefs=ALL-UNNAMED --add-opens=java.base/java.nio.charset=ALL-UNNAMED --add-opens=java.base/java.net=ALL-UNNAMED --add-opens=java.base/java.util.concurrent.atomic=ALL-UNNAMED -Xmx2048m -Dfile.encoding=UTF-8 -Duser.country=ID -Duser.language=en -Duser.variant 
java_command: org.gradle.launcher.daemon.bootstrap.GradleDaemon 7.5
java_class_path (initial): C:\Users\MelatiEka\.gradle\wrapper\dists\gradle-7.5-bin\f1w0cc9nuo0eivz97x2xlu9sv\gradle-7.5\lib\gradle-launcher-7.5.jar
Launcher Type: SUN_STANDARD

[Global flags]
     intx CICompilerCount                          = 4                                         {product} {ergonomic}
     uint ConcGCThreads                            = 2                                         {product} {ergonomic}
     uint G1ConcRefinementThreads                  = 8                                         {product} {ergonomic}
   size_t G1HeapRegionSize                         = 1048576                                   {product} {ergonomic}
    uintx GCDrainStackTargetSize                   = 64                                        {product} {ergonomic}
   size_t InitialHeapSize                          = 266338304                                 {product} {ergonomic}
   size_t MarkStackSize                            = 4194304                                   {product} {ergonomic}
   size_t MaxHeapSize                              = 2147483648                                {product} {command line}
   size_t MaxNewSize                               = 1287651328                                {product} {ergonomic}
   size_t MinHeapDeltaBytes                        = 1048576                                   {product} {ergonomic}
    uintx NonNMethodCodeHeapSize                   = 5836300                                {pd product} {ergonomic}
    uintx NonProfiledCodeHeapSize                  = 122910970                              {pd product} {ergonomic}
    uintx ProfiledCodeHeapSize                     = 122910970                              {pd product} {ergonomic}
    uintx ReservedCodeCacheSize                    = 251658240                              {pd product} {ergonomic}
     bool SegmentedCodeCache                       = true                                      {product} {ergonomic}
     bool UseCompressedClassPointers               = true                                 {lp64_product} {ergonomic}
     bool UseCompressedOops                        = true                                 {lp64_product} {ergonomic}
     bool UseG1GC                                  = true                                      {product} {ergonomic}
     bool UseLargePagesIndividualAllocation        = false                                  {pd product} {ergonomic}

Logging:
Log output configuration:
 #0: stdout all=warning uptime,level,tags
 #1: stderr all=off uptime,level,tags

Environment Variables:
JAVA_HOME=C:\Program Files\Java\jdk-11.0.16.1
PATH=C:\Program Files\Java\jdk-11.0.16.1\bin;C:\Program Files\Common Files\Oracle\Java\javapath;C:\Program Files (x86)\Common Files\Oracle\Java\javapath;C:\Program Files\Zulu\zulu-8\bin\;C:\Program Files (x86)\Common Files\Intel\Shared Libraries\redist\intel64\compiler;C:\windows\system32;C:\windows;C:\windows\System32\Wbem;C:\windows\System32\WindowsPowerShell\v1.0\;C:\windows\System32\OpenSSH\;C:\Program Files (x86)\NVIDIA Corporation\PhysX\Common;C:\Program Files\NVIDIA Corporation\NVIDIA NvDLISR;C:\WINDOWS\system32;C:\WINDOWS;C:\WINDOWS\System32\Wbem;C:\WINDOWS\System32\WindowsPowerShell\v1.0\;C:\WINDOWS\System32\OpenSSH\;C:\Program Files\Java\jdk-15.0.2\bin;C:\Program Files\Dart\dart-sdk\bin;C:\Program Files\PostgreSQL\14\bin;C:\Program Files\gradle-7.4.2\bin;C:\Program Files (x86)\dotnet\;C:\Program Files\Docker\Docker\resources\bin;C:\ProgramData\DockerDesktop\version-bin;C:\Program Files\IBM\SPSS\Statistics\25\JRE\bin;C:\Program Files\nodejs\;C:\Program Files\PuTTY\;C:\Program Files\Git\cmd;C:\Users\MelatiEka\AppData\Local\Programs\Python\Python38-32\Scripts\;C:\Users\MelatiEka\AppData\Local\Programs\Python\Python38-32\;C:\Users\MelatiEka\AppData\Local\Microsoft\WindowsApps;C:\Program Files\JetBrains\PyCharm Community Edition 2020.1.1\bin;;C:\Program Files\Java\jdk-15.0.2\bin;C:\Users\MelatiEka\Desktop\Semester 3\.PBP\flutter\bin;C:\Users\MelatiEka\AppData\Local\Programs\Microsoft VS Code\bin;C:\Program Files (x86)\heroku\bin;C:\Program Files\JetBrains\IntelliJ IDEA 2022.2.1\bin;;C:\Users\MelatiEka\AppData\Roaming\npm;
USERNAME=MelatiEka
OS=Windows_NT
PROCESSOR_IDENTIFIER=Intel64 Family 6 Model 142 Stepping 12, GenuineIntel



---------------  S Y S T E M  ---------------

OS: Windows 11 , 64 bit Build 22621 (10.0.22621.1485)
OS uptime: 2 days 17:48 hours

CPU:total 8 (initial active 8) (4 cores per cpu, 2 threads per core) family 6 model 142 stepping 12 microcode 0xde, cmov, cx8, fxsr, mmx, sse, sse2, sse3, ssse3, sse4.1, sse4.2, popcnt, avx, avx2, aes, clmul, erms, 3dnowpref, lzcnt, ht, tsc, tscinvbit, bmi1, bmi2, adx, fma

Memory: 4k page, system-wide physical 16171M (1066M free)
TotalPageFile size 45441M (AvailPageFile size 5M)
current process WorkingSet (physical memory assigned to process): 606M, peak: 614M
current process commit charge ("private bytes"): 651M, peak: 658M

vm_info: OpenJDK 64-Bit Server VM (11.0.15+0-b2043.56-9505619) for windows-amd64 JRE (11.0.15+0-b2043.56-9505619), built on Jan 19 2023 02:48:00 by "builduser" with unknown MS VC++:1929

END.
