#
# There is insufficient memory for the Java Runtime Environment to continue.
# Native memory allocation (malloc) failed to allocate 2140016 bytes for Chunk::new
# Possible reasons:
#   The system is out of physical RAM or swap space
#   The process is running with CompressedOops enabled, and the Java Heap may be blocking the growth of the native heap
# Possible solutions:
#   Reduce memory load on the system
#   Increase physical memory or swap space
#   Check if swap backing store is full
#   Decrease Java heap size (-Xmx/-Xms)
#   Decrease number of Java threads
#   Decrease Java thread stack sizes (-Xss)
#   Set larger code cache with -XX:ReservedCodeCacheSize=
#   JVM is running with Unscaled Compressed Oops mode in which the Java heap is
#     placed in the first 4GB address space. The Java Heap base address is the
#     maximum limit for the native heap growth. Please use -XX:HeapBaseMinAddress
#     to set the Java Heap base and to place the Java Heap above 4GB virtual address.
# This output file may be truncated or incomplete.
#
#  Out of Memory Error (src/hotspot/share/memory/arena.cpp:197), pid=10864, tid=10828
#
# JRE version: OpenJDK Runtime Environment (11.0.15) (build 11.0.15+0-b2043.56-9505619)
# Java VM: OpenJDK 64-Bit Server VM (11.0.15+0-b2043.56-9505619, mixed mode, tiered, compressed oops, g1 gc, windows-amd64)
# No core dump will be written. Minidumps are not enabled by default on client versions of Windows
#

---------------  S U M M A R Y ------------

Command Line: --add-opens=java.base/java.util=ALL-UNNAMED --add-opens=java.base/java.lang=ALL-UNNAMED --add-opens=java.base/java.lang.invoke=ALL-UNNAMED --add-opens=java.base/java.util=ALL-UNNAMED --add-opens=java.prefs/java.util.prefs=ALL-UNNAMED --add-opens=java.prefs/java.util.prefs=ALL-UNNAMED --add-opens=java.base/java.nio.charset=ALL-UNNAMED --add-opens=java.base/java.net=ALL-UNNAMED --add-opens=java.base/java.util.concurrent.atomic=ALL-UNNAMED -Xmx2048m -Dfile.encoding=UTF-8 -Duser.country=ID -Duser.language=en -Duser.variant org.gradle.launcher.daemon.bootstrap.GradleDaemon 7.5

Host: Intel(R) Core(TM) i5-10210U CPU @ 1.60GHz, 8 cores, 15G,  Windows 11 , 64 bit Build 22621 (10.0.22621.1485)
Time: Mon Apr 17 23:57:43 2023 SE Asia Standard Time elapsed time: 59.978205 seconds (0d 0h 0m 59s)

---------------  T H R E A D  ---------------

Current thread (0x000001e5bfb79000):  JavaThread "C2 CompilerThread1" daemon [_thread_in_native, id=10828, stack(0x0000007c0de00000,0x0000007c0df00000)]


Current CompileTask:
C2:  59978 13476       4       org.gradle.api.internal.artifacts.ModuleComponentSelectorSerializer::read (50 bytes)

Stack: [0x0000007c0de00000,0x0000007c0df00000]
Native frames: (J=compiled Java code, j=interpreted, Vv=VM code, C=native code)
V  [jvm.dll+0x64135a]
V  [jvm.dll+0x7d39f9]
V  [jvm.dll+0x7d51b9]
V  [jvm.dll+0x7d58a3]
V  [jvm.dll+0x2691c5]
V  [jvm.dll+0xc1a5c]
V  [jvm.dll+0xc200c]
V  [jvm.dll+0x3774a7]
V  [jvm.dll+0x342495]
V  [jvm.dll+0x34186a]
V  [jvm.dll+0x2214bd]
V  [jvm.dll+0x220498]
V  [jvm.dll+0x19e851]
V  [jvm.dll+0x230479]
V  [jvm.dll+0x22e5ef]
V  [jvm.dll+0x794de1]
V  [jvm.dll+0x78dc24]
V  [jvm.dll+0x6400f6]
C  [ucrtbase.dll+0x29363]
C  [KERNEL32.DLL+0x1269d]
C  [ntdll.dll+0x5a9f8]


---------------  P R O C E S S  ---------------

Threads class SMR info:
_java_thread_list=0x000001e5bd6cf3b0, length=138, elements={
0x000001e59c8b2800, 0x000001e5b75d8000, 0x000001e5b75da800, 0x000001e5b7635800,
0x000001e5b7637800, 0x000001e5b763b800, 0x000001e5b763c800, 0x000001e5b763f800,
0x000001e5b7640800, 0x000001e5b77b8800, 0x000001e5b8448000, 0x000001e5b7b28000,
0x000001e5b999b800, 0x000001e5b9506000, 0x000001e5b829d000, 0x000001e5b9a0c000,
0x000001e5b9a0d000, 0x000001e5b9a0f800, 0x000001e5b9a0d800, 0x000001e5b9a10000,
0x000001e5b9a0b800, 0x000001e5b9a12000, 0x000001e5b9a11000, 0x000001e5b9a0e800,
0x000001e5b7e9e800, 0x000001e5b7ea5000, 0x000001e5b7e9f800, 0x000001e5b7ea2000,
0x000001e5b7ea0000, 0x000001e5b7ea7800, 0x000001e5b9c58000, 0x000001e5be283800,
0x000001e5be27f800, 0x000001e5b9c4a800, 0x000001e5b9c4e800, 0x000001e5b9c4c800,
0x000001e5b9c51000, 0x000001e5b9c4b000, 0x000001e5bfb79000, 0x000001e5be74a000,
0x000001e5b9c50000, 0x000001e5b9c51800, 0x000001e5b9c4c000, 0x000001e5b9c52800,
0x000001e5b9c53000, 0x000001e5b9c4f000, 0x000001e5b9c4d800, 0x000001e5b9c55800,
0x000001e5b9c54000, 0x000001e5b9c59000, 0x000001e5b9c55000, 0x000001e5b9c57800,
0x000001e5b9c56800, 0x000001e5be284800, 0x000001e5be282800, 0x000001e5be282000,
0x000001e5be286000, 0x000001e5be280000, 0x000001e5be287000, 0x000001e5be281000,
0x000001e5be28b800, 0x000001e5be28d800, 0x000001e5be289000, 0x000001e5be288800,
0x000001e5be287800, 0x000001e5be28b000, 0x000001e5be28e000, 0x000001e5b7ea6800,
0x000001e5b7ea1000, 0x000001e5b7ea2800, 0x000001e5b7ea9000, 0x000001e5b7ea3800,
0x000001e5b7eaa000, 0x000001e5b7ea4000, 0x000001e5b7ead000, 0x000001e5b7eaa800,
0x000001e5b7eab800, 0x000001e5b7eac800, 0x000001e5bcc40000, 0x000001e5bcc3e800,
0x000001e5bcc45000, 0x000001e5bcc40800, 0x000001e5bcc41800, 0x000001e5bcc3f000,
0x000001e5bcc43000, 0x000001e5bcc45800, 0x000001e5bcc48000, 0x000001e5bcc46800,
0x000001e5bcc44000, 0x000001e5bcc47800, 0x000001e5bcc42800, 0x000001e5bcc4d000,
0x000001e5bcc49000, 0x000001e5bcc49800, 0x000001e5bcc4a800, 0x000001e5bcc4b800,
0x000001e5bcc4c000, 0x000001e5bb62b800, 0x000001e5bb62a800, 0x000001e5bb626800,
0x000001e5bb62c800, 0x000001e5bb62a000, 0x000001e5bb62d000, 0x000001e5bb627800,
0x000001e5bb629000, 0x000001e5bb62e000, 0x000001e5bb628800, 0x000001e5bb631800,
0x000001e5bb632000, 0x000001e5bb630800, 0x000001e5bb633000, 0x000001e5bb633800,
0x000001e5bb634800, 0x000001e5bb62f000, 0x000001e5bb635800, 0x000001e5bb62f800,
0x000001e5b9b8b000, 0x000001e5b9b8e800, 0x000001e5b9b8d800, 0x000001e5b9b8c000,
0x000001e5b9b8f000, 0x000001e5b9b89800, 0x000001e5b9b90000, 0x000001e5b9b8a800,
0x000001e5b9b91000, 0x000001e5b9b91800, 0x000001e5b9b8c800, 0x000001e5b9b94000,
0x000001e5b9b98000, 0x000001e5b9b92800, 0x000001e5b9b95800, 0x000001e5b9b93800,
0x000001e5b9b96800, 0x000001e5b9b97800, 0x000001e5bb227000, 0x000001e5bb22c000,
0x000001e5bb22b000, 0x000001e5bb226800
}

Java Threads: ( => current thread )
  0x000001e59c8b2800 JavaThread "main" [_thread_blocked, id=9416, stack(0x0000007c0ac00000,0x0000007c0ad00000)]
  0x000001e5b75d8000 JavaThread "Reference Handler" daemon [_thread_blocked, id=14228, stack(0x0000007c0b300000,0x0000007c0b400000)]
  0x000001e5b75da800 JavaThread "Finalizer" daemon [_thread_blocked, id=18088, stack(0x0000007c0b400000,0x0000007c0b500000)]
  0x000001e5b7635800 JavaThread "Signal Dispatcher" daemon [_thread_blocked, id=29532, stack(0x0000007c0b500000,0x0000007c0b600000)]
  0x000001e5b7637800 JavaThread "Attach Listener" daemon [_thread_blocked, id=25136, stack(0x0000007c0b600000,0x0000007c0b700000)]
  0x000001e5b763b800 JavaThread "Service Thread" daemon [_thread_blocked, id=15892, stack(0x0000007c0b700000,0x0000007c0b800000)]
  0x000001e5b763c800 JavaThread "C2 CompilerThread0" daemon [_thread_in_native, id=5272, stack(0x0000007c0b800000,0x0000007c0b900000)]
  0x000001e5b763f800 JavaThread "C1 CompilerThread0" daemon [_thread_in_vm, id=15964, stack(0x0000007c0b900000,0x0000007c0ba00000)]
  0x000001e5b7640800 JavaThread "Sweeper thread" daemon [_thread_blocked, id=19164, stack(0x0000007c0ba00000,0x0000007c0bb00000)]
  0x000001e5b77b8800 JavaThread "Common-Cleaner" daemon [_thread_blocked, id=9116, stack(0x0000007c0bb00000,0x0000007c0bc00000)]
  0x000001e5b8448000 JavaThread "Daemon health stats" [_thread_blocked, id=1888, stack(0x0000007c0c400000,0x0000007c0c500000)]
  0x000001e5b7b28000 JavaThread "Incoming local TCP Connector on port 63092" [_thread_in_native, id=15840, stack(0x0000007c0bd00000,0x0000007c0be00000)]
  0x000001e5b999b800 JavaThread "Daemon periodic checks" [_thread_blocked, id=29212, stack(0x0000007c0c300000,0x0000007c0c400000)]
  0x000001e5b9506000 JavaThread "Daemon" [_thread_blocked, id=11004, stack(0x0000007c0c500000,0x0000007c0c600000)]
  0x000001e5b829d000 JavaThread "Daemon worker" [_thread_blocked, id=29308, stack(0x0000007c0c800000,0x0000007c0c900000)]
  0x000001e5b9a0c000 JavaThread "Cache worker for journal cache (C:\Users\MelatiEka\.gradle\caches\journal-1)" [_thread_blocked, id=30180, stack(0x0000007c0cc00000,0x0000007c0cd00000)]
  0x000001e5b9a0d000 JavaThread "File lock request listener" [_thread_in_native, id=29692, stack(0x0000007c0cd00000,0x0000007c0ce00000)]
  0x000001e5b9a0f800 JavaThread "Cache worker for file hash cache (C:\Users\MelatiEka\.gradle\caches\7.5\fileHashes)" [_thread_blocked, id=19400, stack(0x0000007c0d100000,0x0000007c0d200000)]
  0x000001e5b9a0d800 JavaThread "File watcher server" daemon [_thread_in_native, id=23152, stack(0x0000007c0d400000,0x0000007c0d500000)]
  0x000001e5b9a10000 JavaThread "File watcher consumer" daemon [_thread_blocked, id=3164, stack(0x0000007c0d500000,0x0000007c0d600000)]
  0x000001e5b9a0b800 JavaThread "jar transforms" [_thread_blocked, id=22880, stack(0x0000007c0d600000,0x0000007c0d700000)]
  0x000001e5b9a12000 JavaThread "jar transforms Thread 2" [_thread_blocked, id=20560, stack(0x0000007c0d700000,0x0000007c0d800000)]
  0x000001e5b9a11000 JavaThread "jar transforms Thread 3" [_thread_blocked, id=29544, stack(0x0000007c0d800000,0x0000007c0d900000)]
  0x000001e5b9a0e800 JavaThread "jar transforms Thread 4" [_thread_blocked, id=2368, stack(0x0000007c0d900000,0x0000007c0da00000)]
  0x000001e5b7e9e800 JavaThread "jar transforms Thread 5" [_thread_blocked, id=19520, stack(0x0000007c0da00000,0x0000007c0db00000)]
  0x000001e5b7ea5000 JavaThread "jar transforms Thread 6" [_thread_blocked, id=18600, stack(0x0000007c0db00000,0x0000007c0dc00000)]
  0x000001e5b7e9f800 JavaThread "jar transforms Thread 7" [_thread_blocked, id=22668, stack(0x0000007c0dc00000,0x0000007c0dd00000)]
  0x000001e5b7ea2000 JavaThread "jar transforms Thread 8" [_thread_blocked, id=8296, stack(0x0000007c0dd00000,0x0000007c0de00000)]
  0x000001e5b7ea0000 JavaThread "Cache worker for file content cache (C:\Users\MelatiEka\.gradle\caches\7.5\fileContent)" [_thread_blocked, id=23972, stack(0x0000007c0df00000,0x0000007c0e000000)]
  0x000001e5b7ea7800 JavaThread "Cache worker for execution history cache (C:\Users\MelatiEka\.gradle\caches\7.5\executionHistory)" [_thread_in_native, id=32252, stack(0x0000007c0e200000,0x0000007c0e300000)]
  0x000001e5b9c58000 JavaThread "Memory manager" [_thread_blocked, id=25288, stack(0x0000007c13800000,0x0000007c13900000)]
  0x000001e5be283800 JavaThread "pool-3-thread-1" [_thread_blocked, id=23564, stack(0x0000007c13900000,0x0000007c13a00000)]
  0x000001e5be27f800 JavaThread "included builds" [_thread_blocked, id=30408, stack(0x0000007c13a00000,0x0000007c13b00000)]
  0x000001e5b9c4a800 JavaThread "Handler for socket connection from /127.0.0.1:63092 to /127.0.0.1:63234" [_thread_in_native, id=18212, stack(0x0000007c0c900000,0x0000007c0ca00000)]
  0x000001e5b9c4e800 JavaThread "Cancel handler" [_thread_blocked, id=31064, stack(0x0000007c0ca00000,0x0000007c0cb00000)]
  0x000001e5b9c4c800 JavaThread "Asynchronous log dispatcher for DefaultDaemonConnection: socket connection from /127.0.0.1:63092 to /127.0.0.1:63234" [_thread_blocked, id=16828, stack(0x0000007c0cb00000,0x0000007c0cc00000)]
  0x000001e5b9c51000 JavaThread "Stdin handler" [_thread_blocked, id=25552, stack(0x0000007c0d200000,0x0000007c0d300000)]
  0x000001e5b9c4b000 JavaThread "Daemon client event forwarder" [_thread_blocked, id=13316, stack(0x0000007c0d300000,0x0000007c0d400000)]
=>0x000001e5bfb79000 JavaThread "C2 CompilerThread1" daemon [_thread_in_native, id=10828, stack(0x0000007c0de00000,0x0000007c0df00000)]
  0x000001e5be74a000 JavaThread "C2 CompilerThread2" daemon [_thread_in_native, id=18492, stack(0x0000007c0e000000,0x0000007c0e100000)]
  0x000001e5b9c50000 JavaThread "Cache worker for checksums cache (C:\Users\MelatiEka\Documents\Semester 6\Bangkit\Project\Android Intermediate\StoryApp\.gradle\7.5\checksums)" [_thread_blocked, id=16304, stack(0x0000007c0e100000,0x0000007c0e200000)]
  0x000001e5b9c51800 JavaThread "Cache worker for cache directory md-rule (C:\Users\MelatiEka\.gradle\caches\7.5\md-rule)" [_thread_blocked, id=5756, stack(0x0000007c0e300000,0x0000007c0e400000)]
  0x000001e5b9c4c000 JavaThread "Cache worker for file hash cache (C:\Users\MelatiEka\Documents\Semester 6\Bangkit\Project\Android Intermediate\StoryApp\.gradle\7.5\fileHashes)" [_thread_blocked, id=32388, stack(0x0000007c0e600000,0x0000007c0e700000)]
  0x000001e5b9c52800 JavaThread "Cache worker for cache directory md-supplier (C:\Users\MelatiEka\.gradle\caches\7.5\md-supplier)" [_thread_blocked, id=22512, stack(0x0000007c0e700000,0x0000007c0e800000)]
  0x000001e5b9c53000 JavaThread "Cache worker for dependencies-accessors (C:\Users\MelatiEka\Documents\Semester 6\Bangkit\Project\Android Intermediate\StoryApp\.gradle\7.5\dependencies-accessors)" [_thread_blocked, id=1428, stack(0x0000007c0e800000,0x0000007c0e900000)]
  0x000001e5b9c4f000 JavaThread "Cache worker for Build Output Cleanup Cache (C:\Users\MelatiEka\Documents\Semester 6\Bangkit\Project\Android Intermediate\StoryApp\.gradle\buildOutputCleanup)" [_thread_blocked, id=3348, stack(0x0000007c0e900000,0x0000007c0ea00000)]
  0x000001e5b9c4d800 JavaThread "Unconstrained build operations" [_thread_blocked, id=7240, stack(0x0000007c0ea00000,0x0000007c0eb00000)]
  0x000001e5b9c55800 JavaThread "Unconstrained build operations Thread 2" [_thread_blocked, id=19592, stack(0x0000007c0eb00000,0x0000007c0ec00000)]
  0x000001e5b9c54000 JavaThread "Unconstrained build operations Thread 3" [_thread_blocked, id=2028, stack(0x0000007c0ec00000,0x0000007c0ed00000)]
  0x000001e5b9c59000 JavaThread "Unconstrained build operations Thread 4" [_thread_blocked, id=15924, stack(0x0000007c0ed00000,0x0000007c0ee00000)]
  0x000001e5b9c55000 JavaThread "Unconstrained build operations Thread 5" [_thread_in_native, id=7116, stack(0x0000007c0ee00000,0x0000007c0ef00000)]
  0x000001e5b9c57800 JavaThread "Unconstrained build operations Thread 6" [_thread_blocked, id=29100, stack(0x0000007c0ef00000,0x0000007c0f000000)]
  0x000001e5b9c56800 JavaThread "Unconstrained build operations Thread 7" [_thread_in_Java, id=8376, stack(0x0000007c0f000000,0x0000007c0f100000)]
  0x000001e5be284800 JavaThread "Unconstrained build operations Thread 8" [_thread_blocked, id=8840, stack(0x0000007c0f100000,0x0000007c0f200000)]
  0x000001e5be282800 JavaThread "Unconstrained build operations Thread 9" [_thread_blocked, id=8024, stack(0x0000007c0f200000,0x0000007c0f300000)]
  0x000001e5be282000 JavaThread "Unconstrained build operations Thread 10" [_thread_blocked, id=18776, stack(0x0000007c0f300000,0x0000007c0f400000)]
  0x000001e5be286000 JavaThread "Unconstrained build operations Thread 11" [_thread_blocked, id=31472, stack(0x0000007c0f400000,0x0000007c0f500000)]
  0x000001e5be280000 JavaThread "Unconstrained build operations Thread 12" [_thread_blocked, id=22592, stack(0x0000007c0f500000,0x0000007c0f600000)]
  0x000001e5be287000 JavaThread "Unconstrained build operations Thread 13" [_thread_blocked, id=31908, stack(0x0000007c0f600000,0x0000007c0f700000)]
  0x000001e5be281000 JavaThread "Unconstrained build operations Thread 14" [_thread_in_native, id=21456, stack(0x0000007c0f700000,0x0000007c0f800000)]
  0x000001e5be28b800 JavaThread "Unconstrained build operations Thread 15" [_thread_blocked, id=5292, stack(0x0000007c0f800000,0x0000007c0f900000)]
  0x000001e5be28d800 JavaThread "Unconstrained build operations Thread 16" [_thread_blocked, id=22132, stack(0x0000007c0f900000,0x0000007c0fa00000)]
  0x000001e5be289000 JavaThread "Unconstrained build operations Thread 17" [_thread_blocked, id=26196, stack(0x0000007c0fa00000,0x0000007c0fb00000)]
  0x000001e5be288800 JavaThread "Unconstrained build operations Thread 18" [_thread_blocked, id=20320, stack(0x0000007c0fb00000,0x0000007c0fc00000)]
  0x000001e5be287800 JavaThread "Unconstrained build operations Thread 19" [_thread_blocked, id=17276, stack(0x0000007c0fc00000,0x0000007c0fd00000)]
  0x000001e5be28b000 JavaThread "Unconstrained build operations Thread 20" [_thread_blocked, id=6764, stack(0x0000007c0fd00000,0x0000007c0fe00000)]
  0x000001e5be28e000 JavaThread "Unconstrained build operations Thread 21" [_thread_blocked, id=21720, stack(0x0000007c0fe00000,0x0000007c0ff00000)]
  0x000001e5b7ea6800 JavaThread "Unconstrained build operations Thread 22" [_thread_blocked, id=27148, stack(0x0000007c0ff00000,0x0000007c10000000)]
  0x000001e5b7ea1000 JavaThread "Unconstrained build operations Thread 23" [_thread_blocked, id=10508, stack(0x0000007c10000000,0x0000007c10100000)]
  0x000001e5b7ea2800 JavaThread "Unconstrained build operations Thread 24" [_thread_blocked, id=17628, stack(0x0000007c10100000,0x0000007c10200000)]
  0x000001e5b7ea9000 JavaThread "Unconstrained build operations Thread 25" [_thread_blocked, id=23656, stack(0x0000007c10200000,0x0000007c10300000)]
  0x000001e5b7ea3800 JavaThread "Unconstrained build operations Thread 26" [_thread_blocked, id=15680, stack(0x0000007c10300000,0x0000007c10400000)]
  0x000001e5b7eaa000 JavaThread "Unconstrained build operations Thread 27" [_thread_blocked, id=26520, stack(0x0000007c10400000,0x0000007c10500000)]
  0x000001e5b7ea4000 JavaThread "Unconstrained build operations Thread 28" [_thread_blocked, id=29668, stack(0x0000007c10500000,0x0000007c10600000)]
  0x000001e5b7ead000 JavaThread "Unconstrained build operations Thread 29" [_thread_blocked, id=24908, stack(0x0000007c10600000,0x0000007c10700000)]
  0x000001e5b7eaa800 JavaThread "Unconstrained build operations Thread 30" [_thread_blocked, id=20728, stack(0x0000007c10700000,0x0000007c10800000)]
  0x000001e5b7eab800 JavaThread "Unconstrained build operations Thread 31" [_thread_blocked, id=5172, stack(0x0000007c10800000,0x0000007c10900000)]
  0x000001e5b7eac800 JavaThread "Unconstrained build operations Thread 32" [_thread_blocked, id=31692, stack(0x0000007c10900000,0x0000007c10a00000)]
  0x000001e5bcc40000 JavaThread "Unconstrained build operations Thread 33" [_thread_blocked, id=31264, stack(0x0000007c10a00000,0x0000007c10b00000)]
  0x000001e5bcc3e800 JavaThread "Unconstrained build operations Thread 34" [_thread_blocked, id=25336, stack(0x0000007c10b00000,0x0000007c10c00000)]
  0x000001e5bcc45000 JavaThread "Unconstrained build operations Thread 35" [_thread_blocked, id=25240, stack(0x0000007c10c00000,0x0000007c10d00000)]
  0x000001e5bcc40800 JavaThread "Unconstrained build operations Thread 36" [_thread_blocked, id=17308, stack(0x0000007c10d00000,0x0000007c10e00000)]
  0x000001e5bcc41800 JavaThread "Unconstrained build operations Thread 37" [_thread_blocked, id=10732, stack(0x0000007c10e00000,0x0000007c10f00000)]
  0x000001e5bcc3f000 JavaThread "Unconstrained build operations Thread 38" [_thread_blocked, id=13464, stack(0x0000007c10f00000,0x0000007c11000000)]
  0x000001e5bcc43000 JavaThread "Unconstrained build operations Thread 39" [_thread_blocked, id=4524, stack(0x0000007c11000000,0x0000007c11100000)]
  0x000001e5bcc45800 JavaThread "Unconstrained build operations Thread 40" [_thread_blocked, id=22804, stack(0x0000007c11100000,0x0000007c11200000)]
  0x000001e5bcc48000 JavaThread "Unconstrained build operations Thread 41" [_thread_blocked, id=31512, stack(0x0000007c11200000,0x0000007c11300000)]
  0x000001e5bcc46800 JavaThread "Unconstrained build operations Thread 42" [_thread_blocked, id=20272, stack(0x0000007c11300000,0x0000007c11400000)]
  0x000001e5bcc44000 JavaThread "Unconstrained build operations Thread 43" [_thread_blocked, id=17348, stack(0x0000007c11400000,0x0000007c11500000)]
  0x000001e5bcc47800 JavaThread "Unconstrained build operations Thread 44" [_thread_blocked, id=22816, stack(0x0000007c11500000,0x0000007c11600000)]
  0x000001e5bcc42800 JavaThread "Unconstrained build operations Thread 45" [_thread_blocked, id=4608, stack(0x0000007c11600000,0x0000007c11700000)]
  0x000001e5bcc4d000 JavaThread "Unconstrained build operations Thread 46" [_thread_blocked, id=28776, stack(0x0000007c11700000,0x0000007c11800000)]
  0x000001e5bcc49000 JavaThread "Unconstrained build operations Thread 47" [_thread_blocked, id=23140, stack(0x0000007c11800000,0x0000007c11900000)]
  0x000001e5bcc49800 JavaThread "Unconstrained build operations Thread 48" [_thread_blocked, id=22168, stack(0x0000007c11900000,0x0000007c11a00000)]
  0x000001e5bcc4a800 JavaThread "Unconstrained build operations Thread 49" [_thread_blocked, id=26680, stack(0x0000007c11a00000,0x0000007c11b00000)]
  0x000001e5bcc4b800 JavaThread "Unconstrained build operations Thread 50" [_thread_blocked, id=10296, stack(0x0000007c11b00000,0x0000007c11c00000)]
  0x000001e5bcc4c000 JavaThread "Unconstrained build operations Thread 51" [_thread_blocked, id=9548, stack(0x0000007c11c00000,0x0000007c11d00000)]
  0x000001e5bb62b800 JavaThread "Unconstrained build operations Thread 52" [_thread_blocked, id=9212, stack(0x0000007c11d00000,0x0000007c11e00000)]
  0x000001e5bb62a800 JavaThread "Unconstrained build operations Thread 53" [_thread_blocked, id=12232, stack(0x0000007c11e00000,0x0000007c11f00000)]
  0x000001e5bb626800 JavaThread "Unconstrained build operations Thread 54" [_thread_blocked, id=6284, stack(0x0000007c11f00000,0x0000007c12000000)]
  0x000001e5bb62c800 JavaThread "Unconstrained build operations Thread 55" [_thread_blocked, id=29492, stack(0x0000007c12000000,0x0000007c12100000)]
  0x000001e5bb62a000 JavaThread "Unconstrained build operations Thread 56" [_thread_blocked, id=20672, stack(0x0000007c12100000,0x0000007c12200000)]
  0x000001e5bb62d000 JavaThread "Unconstrained build operations Thread 57" [_thread_blocked, id=24924, stack(0x0000007c12200000,0x0000007c12300000)]
  0x000001e5bb627800 JavaThread "Unconstrained build operations Thread 58" [_thread_blocked, id=10932, stack(0x0000007c12300000,0x0000007c12400000)]
  0x000001e5bb629000 JavaThread "Unconstrained build operations Thread 59" [_thread_blocked, id=13460, stack(0x0000007c12400000,0x0000007c12500000)]
  0x000001e5bb62e000 JavaThread "Unconstrained build operations Thread 60" [_thread_blocked, id=10488, stack(0x0000007c12500000,0x0000007c12600000)]
  0x000001e5bb628800 JavaThread "Unconstrained build operations Thread 61" [_thread_blocked, id=27124, stack(0x0000007c12600000,0x0000007c12700000)]
  0x000001e5bb631800 JavaThread "Unconstrained build operations Thread 62" [_thread_blocked, id=25780, stack(0x0000007c12700000,0x0000007c12800000)]
  0x000001e5bb632000 JavaThread "Unconstrained build operations Thread 63" [_thread_blocked, id=17936, stack(0x0000007c12800000,0x0000007c12900000)]
  0x000001e5bb630800 JavaThread "Unconstrained build operations Thread 64" [_thread_blocked, id=13292, stack(0x0000007c12900000,0x0000007c12a00000)]
  0x000001e5bb633000 JavaThread "Unconstrained build operations Thread 65" [_thread_blocked, id=27040, stack(0x0000007c12a00000,0x0000007c12b00000)]
  0x000001e5bb633800 JavaThread "Unconstrained build operations Thread 66" [_thread_blocked, id=7652, stack(0x0000007c12b00000,0x0000007c12c00000)]
  0x000001e5bb634800 JavaThread "Unconstrained build operations Thread 67" [_thread_blocked, id=15028, stack(0x0000007c12c00000,0x0000007c12d00000)]
  0x000001e5bb62f000 JavaThread "Unconstrained build operations Thread 68" [_thread_blocked, id=24708, stack(0x0000007c12d00000,0x0000007c12e00000)]
  0x000001e5bb635800 JavaThread "Unconstrained build operations Thread 69" [_thread_blocked, id=19812, stack(0x0000007c12e00000,0x0000007c12f00000)]
  0x000001e5bb62f800 JavaThread "Unconstrained build operations Thread 70" [_thread_blocked, id=16100, stack(0x0000007c12f00000,0x0000007c13000000)]
  0x000001e5b9b8b000 JavaThread "Unconstrained build operations Thread 71" [_thread_blocked, id=19096, stack(0x0000007c13000000,0x0000007c13100000)]
  0x000001e5b9b8e800 JavaThread "Unconstrained build operations Thread 72" [_thread_blocked, id=14828, stack(0x0000007c13100000,0x0000007c13200000)]
  0x000001e5b9b8d800 JavaThread "Unconstrained build operations Thread 73" [_thread_blocked, id=24296, stack(0x0000007c13200000,0x0000007c13300000)]
  0x000001e5b9b8c000 JavaThread "Unconstrained build operations Thread 74" [_thread_blocked, id=12968, stack(0x0000007c13300000,0x0000007c13400000)]
  0x000001e5b9b8f000 JavaThread "Unconstrained build operations Thread 75" [_thread_blocked, id=27796, stack(0x0000007c13400000,0x0000007c13500000)]
  0x000001e5b9b89800 JavaThread "Unconstrained build operations Thread 76" [_thread_blocked, id=12356, stack(0x0000007c13500000,0x0000007c13600000)]
  0x000001e5b9b90000 JavaThread "Unconstrained build operations Thread 77" [_thread_blocked, id=21312, stack(0x0000007c13600000,0x0000007c13700000)]
  0x000001e5b9b8a800 JavaThread "Unconstrained build operations Thread 78" [_thread_blocked, id=3460, stack(0x0000007c13700000,0x0000007c13800000)]
  0x000001e5b9b91000 JavaThread "Unconstrained build operations Thread 79" [_thread_blocked, id=27460, stack(0x0000007c13b00000,0x0000007c13c00000)]
  0x000001e5b9b91800 JavaThread "Unconstrained build operations Thread 80" [_thread_blocked, id=22700, stack(0x0000007c13c00000,0x0000007c13d00000)]
  0x000001e5b9b8c800 JavaThread "build event listener" [_thread_blocked, id=18836, stack(0x0000007c13d00000,0x0000007c13e00000)]
  0x000001e5b9b94000 JavaThread "pool-6-thread-1" [_thread_blocked, id=30544, stack(0x0000007c13e00000,0x0000007c13f00000)]
  0x000001e5b9b98000 JavaThread "build event listener" [_thread_blocked, id=14244, stack(0x0000007c13f00000,0x0000007c14000000)]
  0x000001e5b9b92800 JavaThread "included builds" [_thread_blocked, id=23180, stack(0x0000007c14000000,0x0000007c14100000)]
  0x000001e5b9b95800 JavaThread "Execution worker" [_thread_blocked, id=25368, stack(0x0000007c14100000,0x0000007c14200000)]
  0x000001e5b9b93800 JavaThread "Execution worker Thread 2" [_thread_blocked, id=30548, stack(0x0000007c14200000,0x0000007c14300000)]
  0x000001e5b9b96800 JavaThread "Execution worker Thread 3" [_thread_blocked, id=3904, stack(0x0000007c14300000,0x0000007c14400000)]
  0x000001e5b9b97800 JavaThread "Execution worker Thread 4" [_thread_blocked, id=1876, stack(0x0000007c14400000,0x0000007c14500000)]
  0x000001e5bb227000 JavaThread "Execution worker Thread 5" [_thread_blocked, id=13732, stack(0x0000007c14500000,0x0000007c14600000)]
  0x000001e5bb22c000 JavaThread "Execution worker Thread 6" [_thread_blocked, id=9476, stack(0x0000007c14600000,0x0000007c14700000)]
  0x000001e5bb22b000 JavaThread "Execution worker Thread 7" [_thread_blocked, id=872, stack(0x0000007c14700000,0x0000007c14800000)]
  0x000001e5bb226800 JavaThread "Cache worker for execution history cache (C:\Users\MelatiEka\Documents\Semester 6\Bangkit\Project\Android Intermediate\StoryApp\.gradle\7.5\executionHistory)" [_thread_blocked, id=26684, stack(0x0000007c14800000,0x0000007c14900000)]

Other Threads:
  0x000001e5b75d4000 VMThread "VM Thread" [stack: 0x0000007c0b200000,0x0000007c0b300000] [id=28748]
  0x000001e5b77f3800 WatcherThread [stack: 0x0000007c0bc00000,0x0000007c0bd00000] [id=26900]
  0x000001e59c8cb800 GCTaskThread "GC Thread#0" [stack: 0x0000007c0ad00000,0x0000007c0ae00000] [id=28628]
  0x000001e5b888e800 GCTaskThread "GC Thread#1" [stack: 0x0000007c0be00000,0x0000007c0bf00000] [id=28712]
  0x000001e5b861b800 GCTaskThread "GC Thread#2" [stack: 0x0000007c0bf00000,0x0000007c0c000000] [id=21596]
  0x000001e5b828a000 GCTaskThread "GC Thread#3" [stack: 0x0000007c0c000000,0x0000007c0c100000] [id=10216]
  0x000001e5b7e22800 GCTaskThread "GC Thread#4" [stack: 0x0000007c0c100000,0x0000007c0c200000] [id=16884]
  0x000001e5b8a37000 GCTaskThread "GC Thread#5" [stack: 0x0000007c0c200000,0x0000007c0c300000] [id=26264]
  0x000001e5b873d000 GCTaskThread "GC Thread#6" [stack: 0x0000007c0ce00000,0x0000007c0cf00000] [id=24340]
  0x000001e5b9a41800 GCTaskThread "GC Thread#7" [stack: 0x0000007c0cf00000,0x0000007c0d000000] [id=32584]
  0x000001e59c8fe000 ConcurrentGCThread "G1 Main Marker" [stack: 0x0000007c0ae00000,0x0000007c0af00000] [id=6152]
  0x000001e59c900000 ConcurrentGCThread "G1 Conc#0" [stack: 0x0000007c0af00000,0x0000007c0b000000] [id=14264]
  0x000001e5b9bfe800 ConcurrentGCThread "G1 Conc#1" [stack: 0x0000007c0d000000,0x0000007c0d100000] [id=12560]
  0x000001e5b6c20800 ConcurrentGCThread "G1 Refine#0" [stack: 0x0000007c0b000000,0x0000007c0b100000] [id=7844]
  0x000001e5bd003000 ConcurrentGCThread "G1 Refine#1" [stack: 0x0000007c0e400000,0x0000007c0e500000] [id=22068]
  0x000001e5bd006800 ConcurrentGCThread "G1 Refine#2" [stack: 0x0000007c0e500000,0x0000007c0e600000] [id=20580]
  0x000001e5b6c21800 ConcurrentGCThread "G1 Young RemSet Sampling" [stack: 0x0000007c0b100000,0x0000007c0b200000] [id=23680]

Threads with active compile tasks:
C2 CompilerThread0    60040 13460   !   4       java.io.ObjectOutputStream::writeObject0 (619 bytes)
C1 CompilerThread0    60040 13841       2       org.gradle.internal.execution.steps.RemoveUntrackedExecutionStateStep$$Lambda$1459/0x0000000100d69c40::accept (16 bytes)
C2 CompilerThread1    60040 13476       4       org.gradle.api.internal.artifacts.ModuleComponentSelectorSerializer::read (50 bytes)
C2 CompilerThread2    60040 13545       4       org.gradle.internal.instantiation.generator.ParamsMatchingConstructorSelector::forParams (481 bytes)

VM state:not at safepoint (normal execution)

VM Mutex/Monitor currently owned by a thread: None

Heap address: 0x0000000080000000, size: 2048 MB, Compressed Oops mode: 32-bit
Narrow klass base: 0x0000000000000000, Narrow klass shift: 3
Compressed class space size: 1073741824 Address: 0x0000000100000000

Heap:
 garbage-first heap   total 260096K, used 211414K [0x0000000080000000, 0x0000000100000000)
  region size 1024K, 6 young (6144K), 2 survivors (2048K)
 Metaspace       used 116385K, capacity 119752K, committed 119844K, reserved 1153024K
  class space    used 14641K, capacity 15858K, committed 15872K, reserved 1048576K
Heap Regions: E=young(eden), S=young(survivor), O=old, HS=humongous(starts), HC=humongous(continues), CS=collection set, F=free, A=archive, TAMS=top-at-mark-start (previous, next)
|   0|0x0000000080000000, 0x0000000080100000, 0x0000000080100000|100%| O|  |TAMS 0x0000000080100000, 0x0000000080100000| Untracked 
|   1|0x0000000080100000, 0x0000000080200000, 0x0000000080200000|100%| O|  |TAMS 0x0000000080200000, 0x0000000080200000| Untracked 
|   2|0x0000000080200000, 0x0000000080300000, 0x0000000080300000|100%| O|  |TAMS 0x0000000080300000, 0x0000000080300000| Untracked 
|   3|0x0000000080300000, 0x0000000080400000, 0x0000000080400000|100%|HS|  |TAMS 0x0000000080400000, 0x0000000080400000| Complete 
|   4|0x0000000080400000, 0x0000000080500000, 0x0000000080500000|100%|HC|  |TAMS 0x0000000080500000, 0x0000000080500000| Complete 
|   5|0x0000000080500000, 0x0000000080600000, 0x0000000080600000|100%|HC|  |TAMS 0x0000000080600000, 0x0000000080600000| Complete 
|   6|0x0000000080600000, 0x0000000080700000, 0x0000000080700000|100%| O|  |TAMS 0x0000000080700000, 0x0000000080700000| Untracked 
|   7|0x0000000080700000, 0x0000000080800000, 0x0000000080800000|100%| O|  |TAMS 0x0000000080800000, 0x0000000080800000| Untracked 
|   8|0x0000000080800000, 0x0000000080900000, 0x0000000080900000|100%| O|  |TAMS 0x0000000080900000, 0x0000000080900000| Untracked 
|   9|0x0000000080900000, 0x0000000080a00000, 0x0000000080a00000|100%| O|  |TAMS 0x0000000080a00000, 0x0000000080a00000| Untracked 
|  10|0x0000000080a00000, 0x0000000080b00000, 0x0000000080b00000|100%| O|  |TAMS 0x0000000080b00000, 0x0000000080b00000| Untracked 
|  11|0x0000000080b00000, 0x0000000080c00000, 0x0000000080c00000|100%| O|  |TAMS 0x0000000080c00000, 0x0000000080c00000| Untracked 
|  12|0x0000000080c00000, 0x0000000080d00000, 0x0000000080d00000|100%| O|  |TAMS 0x0000000080d00000, 0x0000000080d00000| Untracked 
|  13|0x0000000080d00000, 0x0000000080e00000, 0x0000000080e00000|100%| O|  |TAMS 0x0000000080e00000, 0x0000000080e00000| Untracked 
|  14|0x0000000080e00000, 0x0000000080f00000, 0x0000000080f00000|100%| O|  |TAMS 0x0000000080f00000, 0x0000000080f00000| Untracked 
|  15|0x0000000080f00000, 0x0000000081000000, 0x0000000081000000|100%| O|  |TAMS 0x0000000081000000, 0x0000000081000000| Untracked 
|  16|0x0000000081000000, 0x0000000081100000, 0x0000000081100000|100%| O|  |TAMS 0x0000000081100000, 0x0000000081100000| Untracked 
|  17|0x0000000081100000, 0x0000000081200000, 0x0000000081200000|100%|HS|  |TAMS 0x0000000081200000, 0x0000000081200000| Complete 
|  18|0x0000000081200000, 0x0000000081300000, 0x0000000081300000|100%|HC|  |TAMS 0x0000000081300000, 0x0000000081300000| Complete 
|  19|0x0000000081300000, 0x0000000081400000, 0x0000000081400000|100%|HS|  |TAMS 0x0000000081400000, 0x0000000081400000| Complete 
|  20|0x0000000081400000, 0x0000000081500000, 0x0000000081500000|100%|HC|  |TAMS 0x0000000081500000, 0x0000000081500000| Complete 
|  21|0x0000000081500000, 0x0000000081600000, 0x0000000081600000|100%|HC|  |TAMS 0x0000000081600000, 0x0000000081600000| Complete 
|  22|0x0000000081600000, 0x0000000081700000, 0x0000000081700000|100%|HS|  |TAMS 0x0000000081700000, 0x0000000081700000| Complete 
|  23|0x0000000081700000, 0x0000000081800000, 0x0000000081800000|100%|HC|  |TAMS 0x0000000081800000, 0x0000000081800000| Complete 
|  24|0x0000000081800000, 0x0000000081900000, 0x0000000081900000|100%|HC|  |TAMS 0x0000000081900000, 0x0000000081900000| Complete 
|  25|0x0000000081900000, 0x0000000081a00000, 0x0000000081a00000|100%|HS|  |TAMS 0x0000000081a00000, 0x0000000081a00000| Complete 
|  26|0x0000000081a00000, 0x0000000081b00000, 0x0000000081b00000|100%|HC|  |TAMS 0x0000000081b00000, 0x0000000081b00000| Complete 
|  27|0x0000000081b00000, 0x0000000081c00000, 0x0000000081c00000|100%|HS|  |TAMS 0x0000000081c00000, 0x0000000081c00000| Complete 
|  28|0x0000000081c00000, 0x0000000081d00000, 0x0000000081d00000|100%|HC|  |TAMS 0x0000000081d00000, 0x0000000081d00000| Complete 
|  29|0x0000000081d00000, 0x0000000081e00000, 0x0000000081e00000|100%|HC|  |TAMS 0x0000000081e00000, 0x0000000081e00000| Complete 
|  30|0x0000000081e00000, 0x0000000081f00000, 0x0000000081f00000|100%|HC|  |TAMS 0x0000000081f00000, 0x0000000081f00000| Complete 
|  31|0x0000000081f00000, 0x0000000082000000, 0x0000000082000000|100%|HC|  |TAMS 0x0000000082000000, 0x0000000082000000| Complete 
|  32|0x0000000082000000, 0x0000000082100000, 0x0000000082100000|100%|HS|  |TAMS 0x0000000082100000, 0x0000000082100000| Complete 
|  33|0x0000000082100000, 0x0000000082200000, 0x0000000082200000|100%| O|  |TAMS 0x0000000082200000, 0x0000000082200000| Untracked 
|  34|0x0000000082200000, 0x0000000082300000, 0x0000000082300000|100%| O|  |TAMS 0x0000000082300000, 0x0000000082300000| Untracked 
|  35|0x0000000082300000, 0x0000000082400000, 0x0000000082400000|100%|HS|  |TAMS 0x0000000082400000, 0x0000000082400000| Complete 
|  36|0x0000000082400000, 0x0000000082500000, 0x0000000082500000|100%|HC|  |TAMS 0x0000000082500000, 0x0000000082500000| Complete 
|  37|0x0000000082500000, 0x0000000082600000, 0x0000000082600000|100%|HC|  |TAMS 0x0000000082600000, 0x0000000082600000| Complete 
|  38|0x0000000082600000, 0x0000000082700000, 0x0000000082700000|100%|HS|  |TAMS 0x0000000082700000, 0x0000000082700000| Complete 
|  39|0x0000000082700000, 0x0000000082800000, 0x0000000082800000|100%|HC|  |TAMS 0x0000000082800000, 0x0000000082800000| Complete 
|  40|0x0000000082800000, 0x0000000082900000, 0x0000000082900000|100%|HS|  |TAMS 0x0000000082900000, 0x0000000082900000| Complete 
|  41|0x0000000082900000, 0x0000000082a00000, 0x0000000082a00000|100%|HC|  |TAMS 0x0000000082a00000, 0x0000000082a00000| Complete 
|  42|0x0000000082a00000, 0x0000000082b00000, 0x0000000082b00000|100%|HC|  |TAMS 0x0000000082b00000, 0x0000000082b00000| Complete 
|  43|0x0000000082b00000, 0x0000000082c00000, 0x0000000082c00000|100%|HC|  |TAMS 0x0000000082c00000, 0x0000000082c00000| Complete 
|  44|0x0000000082c00000, 0x0000000082d00000, 0x0000000082d00000|100%|HC|  |TAMS 0x0000000082d00000, 0x0000000082d00000| Complete 
|  45|0x0000000082d00000, 0x0000000082e00000, 0x0000000082e00000|100%|HC|  |TAMS 0x0000000082e00000, 0x0000000082e00000| Complete 
|  46|0x0000000082e00000, 0x0000000082f00000, 0x0000000082f00000|100%|HC|  |TAMS 0x0000000082f00000, 0x0000000082f00000| Complete 
|  47|0x0000000082f00000, 0x0000000083000000, 0x0000000083000000|100%|HC|  |TAMS 0x0000000083000000, 0x0000000083000000| Complete 
|  48|0x0000000083000000, 0x0000000083100000, 0x0000000083100000|100%|HC|  |TAMS 0x0000000083100000, 0x0000000083100000| Complete 
|  49|0x0000000083100000, 0x0000000083200000, 0x0000000083200000|100%|HC|  |TAMS 0x0000000083200000, 0x0000000083200000| Complete 
|  50|0x0000000083200000, 0x0000000083300000, 0x0000000083300000|100%|HS|  |TAMS 0x0000000083300000, 0x0000000083300000| Complete 
|  51|0x0000000083300000, 0x0000000083400000, 0x0000000083400000|100%|HC|  |TAMS 0x0000000083400000, 0x0000000083400000| Complete 
|  52|0x0000000083400000, 0x0000000083500000, 0x0000000083500000|100%|HS|  |TAMS 0x0000000083500000, 0x0000000083500000| Complete 
|  53|0x0000000083500000, 0x0000000083600000, 0x0000000083600000|100%|HC|  |TAMS 0x0000000083600000, 0x0000000083600000| Complete 
|  54|0x0000000083600000, 0x0000000083700000, 0x0000000083700000|100%|HC|  |TAMS 0x0000000083700000, 0x0000000083700000| Complete 
|  55|0x0000000083700000, 0x0000000083800000, 0x0000000083800000|100%| O|  |TAMS 0x0000000083800000, 0x0000000083800000| Untracked 
|  56|0x0000000083800000, 0x0000000083900000, 0x0000000083900000|100%| O|  |TAMS 0x0000000083900000, 0x0000000083900000| Untracked 
|  57|0x0000000083900000, 0x0000000083a00000, 0x0000000083a00000|100%| O|  |TAMS 0x0000000083a00000, 0x0000000083a00000| Untracked 
|  58|0x0000000083a00000, 0x0000000083b00000, 0x0000000083b00000|100%| O|  |TAMS 0x0000000083b00000, 0x0000000083b00000| Untracked 
|  59|0x0000000083b00000, 0x0000000083c00000, 0x0000000083c00000|100%| O|  |TAMS 0x0000000083c00000, 0x0000000083c00000| Untracked 
|  60|0x0000000083c00000, 0x0000000083d00000, 0x0000000083d00000|100%|HS|  |TAMS 0x0000000083d00000, 0x0000000083d00000| Complete 
|  61|0x0000000083d00000, 0x0000000083e00000, 0x0000000083e00000|100%|HC|  |TAMS 0x0000000083e00000, 0x0000000083e00000| Complete 
|  62|0x0000000083e00000, 0x0000000083f00000, 0x0000000083f00000|100%|HC|  |TAMS 0x0000000083f00000, 0x0000000083f00000| Complete 
|  63|0x0000000083f00000, 0x0000000084000000, 0x0000000084000000|100%|HC|  |TAMS 0x0000000084000000, 0x0000000084000000| Complete 
|  64|0x0000000084000000, 0x0000000084100000, 0x0000000084100000|100%|HC|  |TAMS 0x0000000084100000, 0x0000000084100000| Complete 
|  65|0x0000000084100000, 0x0000000084200000, 0x0000000084200000|100%| O|  |TAMS 0x0000000084200000, 0x0000000084200000| Untracked 
|  66|0x0000000084200000, 0x0000000084300000, 0x0000000084300000|100%| O|  |TAMS 0x0000000084300000, 0x0000000084300000| Untracked 
|  67|0x0000000084300000, 0x0000000084400000, 0x0000000084400000|100%| O|  |TAMS 0x0000000084400000, 0x0000000084400000| Untracked 
|  68|0x0000000084400000, 0x0000000084500000, 0x0000000084500000|100%| O|  |TAMS 0x0000000084500000, 0x0000000084500000| Untracked 
|  69|0x0000000084500000, 0x0000000084600000, 0x0000000084600000|100%| O|  |TAMS 0x0000000084600000, 0x0000000084600000| Untracked 
|  70|0x0000000084600000, 0x0000000084700000, 0x0000000084700000|100%|HS|  |TAMS 0x0000000084700000, 0x0000000084700000| Complete 
|  71|0x0000000084700000, 0x0000000084800000, 0x0000000084800000|100%|HC|  |TAMS 0x0000000084800000, 0x0000000084800000| Complete 
|  72|0x0000000084800000, 0x0000000084900000, 0x0000000084900000|100%|HS|  |TAMS 0x0000000084900000, 0x0000000084900000| Complete 
|  73|0x0000000084900000, 0x0000000084a00000, 0x0000000084a00000|100%|HS|  |TAMS 0x0000000084a00000, 0x0000000084a00000| Complete 
|  74|0x0000000084a00000, 0x0000000084b00000, 0x0000000084b00000|100%|HC|  |TAMS 0x0000000084b00000, 0x0000000084b00000| Complete 
|  75|0x0000000084b00000, 0x0000000084c00000, 0x0000000084c00000|100%|HC|  |TAMS 0x0000000084c00000, 0x0000000084c00000| Complete 
|  76|0x0000000084c00000, 0x0000000084d00000, 0x0000000084d00000|100%|HC|  |TAMS 0x0000000084d00000, 0x0000000084d00000| Complete 
|  77|0x0000000084d00000, 0x0000000084e00000, 0x0000000084e00000|100%|HS|  |TAMS 0x0000000084e00000, 0x0000000084e00000| Complete 
|  78|0x0000000084e00000, 0x0000000084f00000, 0x0000000084f00000|100%|HC|  |TAMS 0x0000000084f00000, 0x0000000084f00000| Complete 
|  79|0x0000000084f00000, 0x0000000085000000, 0x0000000085000000|100%| O|  |TAMS 0x0000000085000000, 0x0000000085000000| Untracked 
|  80|0x0000000085000000, 0x0000000085100000, 0x0000000085100000|100%| O|  |TAMS 0x0000000085100000, 0x0000000085100000| Untracked 
|  81|0x0000000085100000, 0x0000000085200000, 0x0000000085200000|100%| O|  |TAMS 0x0000000085200000, 0x0000000085200000| Untracked 
|  82|0x0000000085200000, 0x0000000085300000, 0x0000000085300000|100%| O|  |TAMS 0x0000000085300000, 0x0000000085300000| Untracked 
|  83|0x0000000085300000, 0x0000000085400000, 0x0000000085400000|100%| O|  |TAMS 0x0000000085400000, 0x0000000085400000| Untracked 
|  84|0x0000000085400000, 0x0000000085500000, 0x0000000085500000|100%| O|  |TAMS 0x0000000085500000, 0x0000000085500000| Untracked 
|  85|0x0000000085500000, 0x0000000085600000, 0x0000000085600000|100%| O|  |TAMS 0x0000000085600000, 0x0000000085600000| Untracked 
|  86|0x0000000085600000, 0x0000000085700000, 0x0000000085700000|100%| O|  |TAMS 0x0000000085700000, 0x0000000085700000| Untracked 
|  87|0x0000000085700000, 0x0000000085800000, 0x0000000085800000|100%| O|  |TAMS 0x0000000085800000, 0x0000000085800000| Untracked 
|  88|0x0000000085800000, 0x0000000085900000, 0x0000000085900000|100%| O|  |TAMS 0x0000000085900000, 0x0000000085900000| Untracked 
|  89|0x0000000085900000, 0x0000000085a00000, 0x0000000085a00000|100%| O|  |TAMS 0x0000000085a00000, 0x0000000085a00000| Untracked 
|  90|0x0000000085a00000, 0x0000000085b00000, 0x0000000085b00000|100%| O|  |TAMS 0x0000000085b00000, 0x0000000085b00000| Untracked 
|  91|0x0000000085b00000, 0x0000000085c00000, 0x0000000085c00000|100%| O|  |TAMS 0x0000000085c00000, 0x0000000085c00000| Untracked 
|  92|0x0000000085c00000, 0x0000000085d00000, 0x0000000085d00000|100%| O|  |TAMS 0x0000000085d00000, 0x0000000085d00000| Untracked 
|  93|0x0000000085d00000, 0x0000000085e00000, 0x0000000085e00000|100%| O|  |TAMS 0x0000000085e00000, 0x0000000085e00000| Untracked 
|  94|0x0000000085e00000, 0x0000000085f00000, 0x0000000085f00000|100%| O|  |TAMS 0x0000000085f00000, 0x0000000085f00000| Untracked 
|  95|0x0000000085f00000, 0x0000000086000000, 0x0000000086000000|100%| O|  |TAMS 0x0000000086000000, 0x0000000086000000| Untracked 
|  96|0x0000000086000000, 0x0000000086100000, 0x0000000086100000|100%| O|  |TAMS 0x0000000086100000, 0x0000000086100000| Untracked 
|  97|0x0000000086100000, 0x0000000086200000, 0x0000000086200000|100%| O|  |TAMS 0x0000000086200000, 0x0000000086200000| Untracked 
|  98|0x0000000086200000, 0x0000000086300000, 0x0000000086300000|100%| O|  |TAMS 0x0000000086300000, 0x0000000086300000| Untracked 
|  99|0x0000000086300000, 0x0000000086400000, 0x0000000086400000|100%| O|  |TAMS 0x0000000086400000, 0x0000000086400000| Untracked 
| 100|0x0000000086400000, 0x0000000086500000, 0x0000000086500000|100%| O|  |TAMS 0x0000000086500000, 0x0000000086500000| Untracked 
| 101|0x0000000086500000, 0x0000000086600000, 0x0000000086600000|100%| O|  |TAMS 0x0000000086600000, 0x0000000086600000| Untracked 
| 102|0x0000000086600000, 0x0000000086700000, 0x0000000086700000|100%| O|  |TAMS 0x0000000086700000, 0x0000000086700000| Untracked 
| 103|0x0000000086700000, 0x0000000086800000, 0x0000000086800000|100%| O|  |TAMS 0x0000000086800000, 0x0000000086800000| Untracked 
| 104|0x0000000086800000, 0x0000000086900000, 0x0000000086900000|100%| O|  |TAMS 0x0000000086900000, 0x0000000086900000| Untracked 
| 105|0x0000000086900000, 0x0000000086a00000, 0x0000000086a00000|100%|HS|  |TAMS 0x0000000086a00000, 0x0000000086a00000| Complete 
| 106|0x0000000086a00000, 0x0000000086b00000, 0x0000000086b00000|100%|HC|  |TAMS 0x0000000086b00000, 0x0000000086b00000| Complete 
| 107|0x0000000086b00000, 0x0000000086c00000, 0x0000000086c00000|100%|HC|  |TAMS 0x0000000086c00000, 0x0000000086c00000| Complete 
| 108|0x0000000086c00000, 0x0000000086d00000, 0x0000000086d00000|100%|HC|  |TAMS 0x0000000086d00000, 0x0000000086d00000| Complete 
| 109|0x0000000086d00000, 0x0000000086e00000, 0x0000000086e00000|100%|HC|  |TAMS 0x0000000086e00000, 0x0000000086e00000| Complete 
| 110|0x0000000086e00000, 0x0000000086f00000, 0x0000000086f00000|100%|HC|  |TAMS 0x0000000086f00000, 0x0000000086f00000| Complete 
| 111|0x0000000086f00000, 0x0000000087000000, 0x0000000087000000|100%|HC|  |TAMS 0x0000000087000000, 0x0000000087000000| Complete 
| 112|0x0000000087000000, 0x0000000087100000, 0x0000000087100000|100%|HC|  |TAMS 0x0000000087100000, 0x0000000087100000| Complete 
| 113|0x0000000087100000, 0x0000000087200000, 0x0000000087200000|100%|HC|  |TAMS 0x0000000087200000, 0x0000000087200000| Complete 
| 114|0x0000000087200000, 0x0000000087300000, 0x0000000087300000|100%|HC|  |TAMS 0x0000000087300000, 0x0000000087300000| Complete 
| 115|0x0000000087300000, 0x0000000087400000, 0x0000000087400000|100%| O|  |TAMS 0x0000000087400000, 0x0000000087400000| Untracked 
| 116|0x0000000087400000, 0x0000000087500000, 0x0000000087500000|100%| O|  |TAMS 0x0000000087500000, 0x0000000087500000| Untracked 
| 117|0x0000000087500000, 0x0000000087600000, 0x0000000087600000|100%| O|  |TAMS 0x0000000087600000, 0x0000000087600000| Untracked 
| 118|0x0000000087600000, 0x0000000087700000, 0x0000000087700000|100%| O|  |TAMS 0x0000000087700000, 0x0000000087700000| Untracked 
| 119|0x0000000087700000, 0x0000000087800000, 0x0000000087800000|100%| O|  |TAMS 0x0000000087800000, 0x0000000087800000| Untracked 
| 120|0x0000000087800000, 0x0000000087900000, 0x0000000087900000|100%|HS|  |TAMS 0x0000000087900000, 0x0000000087900000| Complete 
| 121|0x0000000087900000, 0x0000000087a00000, 0x0000000087a00000|100%|HC|  |TAMS 0x0000000087a00000, 0x0000000087a00000| Complete 
| 122|0x0000000087a00000, 0x0000000087b00000, 0x0000000087b00000|100%|HS|  |TAMS 0x0000000087b00000, 0x0000000087b00000| Complete 
| 123|0x0000000087b00000, 0x0000000087c00000, 0x0000000087c00000|100%|HC|  |TAMS 0x0000000087c00000, 0x0000000087c00000| Complete 
| 124|0x0000000087c00000, 0x0000000087d00000, 0x0000000087d00000|100%|HS|  |TAMS 0x0000000087d00000, 0x0000000087d00000| Complete 
| 125|0x0000000087d00000, 0x0000000087e00000, 0x0000000087e00000|100%|HC|  |TAMS 0x0000000087e00000, 0x0000000087e00000| Complete 
| 126|0x0000000087e00000, 0x0000000087f00000, 0x0000000087f00000|100%|HC|  |TAMS 0x0000000087f00000, 0x0000000087f00000| Complete 
| 127|0x0000000087f00000, 0x0000000088000000, 0x0000000088000000|100%|HS|  |TAMS 0x0000000088000000, 0x0000000088000000| Complete 
| 128|0x0000000088000000, 0x0000000088100000, 0x0000000088100000|100%|HC|  |TAMS 0x0000000088100000, 0x0000000088100000| Complete 
| 129|0x0000000088100000, 0x0000000088200000, 0x0000000088200000|100%|HC|  |TAMS 0x0000000088200000, 0x0000000088200000| Complete 
| 130|0x0000000088200000, 0x0000000088300000, 0x0000000088300000|100%|HS|  |TAMS 0x0000000088300000, 0x0000000088300000| Complete 
| 131|0x0000000088300000, 0x0000000088400000, 0x0000000088400000|100%|HC|  |TAMS 0x0000000088400000, 0x0000000088400000| Complete 
| 132|0x0000000088400000, 0x0000000088500000, 0x0000000088500000|100%|HS|  |TAMS 0x0000000088500000, 0x0000000088500000| Complete 
| 133|0x0000000088500000, 0x0000000088600000, 0x0000000088600000|100%|HC|  |TAMS 0x0000000088600000, 0x0000000088600000| Complete 
| 134|0x0000000088600000, 0x0000000088700000, 0x0000000088700000|100%|HC|  |TAMS 0x0000000088700000, 0x0000000088700000| Complete 
| 135|0x0000000088700000, 0x0000000088800000, 0x0000000088800000|100%|HC|  |TAMS 0x0000000088800000, 0x0000000088800000| Complete 
| 136|0x0000000088800000, 0x0000000088900000, 0x0000000088900000|100%|HC|  |TAMS 0x0000000088900000, 0x0000000088900000| Complete 
| 137|0x0000000088900000, 0x0000000088a00000, 0x0000000088a00000|100%|HS|  |TAMS 0x0000000088a00000, 0x0000000088a00000| Complete 
| 138|0x0000000088a00000, 0x0000000088b00000, 0x0000000088b00000|100%|HC|  |TAMS 0x0000000088b00000, 0x0000000088b00000| Complete 
| 139|0x0000000088b00000, 0x0000000088c00000, 0x0000000088c00000|100%|HC|  |TAMS 0x0000000088c00000, 0x0000000088c00000| Complete 
| 140|0x0000000088c00000, 0x0000000088d00000, 0x0000000088d00000|100%|HC|  |TAMS 0x0000000088d00000, 0x0000000088d00000| Complete 
| 141|0x0000000088d00000, 0x0000000088e00000, 0x0000000088e00000|100%|HC|  |TAMS 0x0000000088e00000, 0x0000000088e00000| Complete 
| 142|0x0000000088e00000, 0x0000000088f00000, 0x0000000088f00000|100%|HC|  |TAMS 0x0000000088f00000, 0x0000000088f00000| Complete 
| 143|0x0000000088f00000, 0x0000000089000000, 0x0000000089000000|100%|HC|  |TAMS 0x0000000089000000, 0x0000000089000000| Complete 
| 144|0x0000000089000000, 0x0000000089100000, 0x0000000089100000|100%|HC|  |TAMS 0x0000000089100000, 0x0000000089100000| Complete 
| 145|0x0000000089100000, 0x0000000089200000, 0x0000000089200000|100%|HC|  |TAMS 0x0000000089200000, 0x0000000089200000| Complete 
| 146|0x0000000089200000, 0x0000000089300000, 0x0000000089300000|100%|HC|  |TAMS 0x0000000089300000, 0x0000000089300000| Complete 
| 147|0x0000000089300000, 0x0000000089400000, 0x0000000089400000|100%|HS|  |TAMS 0x0000000089400000, 0x0000000089400000| Complete 
| 148|0x0000000089400000, 0x0000000089500000, 0x0000000089500000|100%|HC|  |TAMS 0x0000000089500000, 0x0000000089500000| Complete 
| 149|0x0000000089500000, 0x0000000089600000, 0x0000000089600000|100%| O|  |TAMS 0x0000000089600000, 0x0000000089600000| Untracked 
| 150|0x0000000089600000, 0x0000000089700000, 0x0000000089700000|100%| O|  |TAMS 0x0000000089700000, 0x0000000089700000| Untracked 
| 151|0x0000000089700000, 0x0000000089800000, 0x0000000089800000|100%| O|  |TAMS 0x0000000089800000, 0x0000000089800000| Untracked 
| 152|0x0000000089800000, 0x0000000089900000, 0x0000000089900000|100%| O|  |TAMS 0x0000000089900000, 0x0000000089900000| Untracked 
| 153|0x0000000089900000, 0x0000000089a00000, 0x0000000089a00000|100%| O|  |TAMS 0x0000000089a00000, 0x0000000089a00000| Untracked 
| 154|0x0000000089a00000, 0x0000000089b00000, 0x0000000089b00000|100%| O|  |TAMS 0x0000000089b00000, 0x0000000089b00000| Untracked 
| 155|0x0000000089b00000, 0x0000000089c00000, 0x0000000089c00000|100%| O|  |TAMS 0x0000000089c00000, 0x0000000089c00000| Untracked 
| 156|0x0000000089c00000, 0x0000000089c00000, 0x0000000089d00000|  0%| F|  |TAMS 0x0000000089c00000, 0x0000000089c00000| Untracked 
| 157|0x0000000089d00000, 0x0000000089e00000, 0x0000000089e00000|100%| O|  |TAMS 0x0000000089e00000, 0x0000000089e00000| Untracked 
| 158|0x0000000089e00000, 0x0000000089f00000, 0x0000000089f00000|100%| O|  |TAMS 0x0000000089f00000, 0x0000000089f00000| Untracked 
| 159|0x0000000089f00000, 0x000000008a000000, 0x000000008a000000|100%| O|  |TAMS 0x000000008a000000, 0x000000008a000000| Untracked 
| 160|0x000000008a000000, 0x000000008a100000, 0x000000008a100000|100%| O|  |TAMS 0x000000008a100000, 0x000000008a100000| Untracked 
| 161|0x000000008a100000, 0x000000008a200000, 0x000000008a200000|100%| O|  |TAMS 0x000000008a200000, 0x000000008a200000| Untracked 
| 162|0x000000008a200000, 0x000000008a300000, 0x000000008a300000|100%| O|  |TAMS 0x000000008a300000, 0x000000008a300000| Untracked 
| 163|0x000000008a300000, 0x000000008a300000, 0x000000008a400000|  0%| F|  |TAMS 0x000000008a300000, 0x000000008a300000| Untracked 
| 164|0x000000008a400000, 0x000000008a500000, 0x000000008a500000|100%| O|  |TAMS 0x000000008a500000, 0x000000008a500000| Untracked 
| 165|0x000000008a500000, 0x000000008a600000, 0x000000008a600000|100%| O|  |TAMS 0x000000008a600000, 0x000000008a600000| Untracked 
| 166|0x000000008a600000, 0x000000008a700000, 0x000000008a700000|100%| O|  |TAMS 0x000000008a700000, 0x000000008a700000| Untracked 
| 167|0x000000008a700000, 0x000000008a800000, 0x000000008a800000|100%| O|  |TAMS 0x000000008a800000, 0x000000008a800000| Untracked 
| 168|0x000000008a800000, 0x000000008a900000, 0x000000008a900000|100%| O|  |TAMS 0x000000008a900000, 0x000000008a900000| Untracked 
| 169|0x000000008a900000, 0x000000008aa00000, 0x000000008aa00000|100%| O|  |TAMS 0x000000008aa00000, 0x000000008aa00000| Untracked 
| 170|0x000000008aa00000, 0x000000008ab00000, 0x000000008ab00000|100%| O|  |TAMS 0x000000008ab00000, 0x000000008ab00000| Untracked 
| 171|0x000000008ab00000, 0x000000008ac00000, 0x000000008ac00000|100%| O|  |TAMS 0x000000008ac00000, 0x000000008ac00000| Untracked 
| 172|0x000000008ac00000, 0x000000008ad00000, 0x000000008ad00000|100%| O|  |TAMS 0x000000008ad00000, 0x000000008ad00000| Untracked 
| 173|0x000000008ad00000, 0x000000008ad00000, 0x000000008ae00000|  0%| F|  |TAMS 0x000000008ad00000, 0x000000008ad00000| Untracked 
| 174|0x000000008ae00000, 0x000000008af00000, 0x000000008af00000|100%| O|  |TAMS 0x000000008af00000, 0x000000008af00000| Untracked 
| 175|0x000000008af00000, 0x000000008b000000, 0x000000008b000000|100%| O|  |TAMS 0x000000008b000000, 0x000000008b000000| Untracked 
| 176|0x000000008b000000, 0x000000008b100000, 0x000000008b100000|100%| O|  |TAMS 0x000000008b100000, 0x000000008b100000| Untracked 
| 177|0x000000008b100000, 0x000000008b200000, 0x000000008b200000|100%| O|  |TAMS 0x000000008b200000, 0x000000008b200000| Untracked 
| 178|0x000000008b200000, 0x000000008b200000, 0x000000008b300000|  0%| F|  |TAMS 0x000000008b200000, 0x000000008b200000| Untracked 
| 179|0x000000008b300000, 0x000000008b400000, 0x000000008b400000|100%| O|  |TAMS 0x000000008b400000, 0x000000008b400000| Untracked 
| 180|0x000000008b400000, 0x000000008b500000, 0x000000008b500000|100%| O|  |TAMS 0x000000008b500000, 0x000000008b500000| Untracked 
| 181|0x000000008b500000, 0x000000008b600000, 0x000000008b600000|100%| O|  |TAMS 0x000000008b600000, 0x000000008b600000| Untracked 
| 182|0x000000008b600000, 0x000000008b700000, 0x000000008b700000|100%| O|  |TAMS 0x000000008b700000, 0x000000008b700000| Untracked 
| 183|0x000000008b700000, 0x000000008b800000, 0x000000008b800000|100%| O|  |TAMS 0x000000008b800000, 0x000000008b800000| Untracked 
| 184|0x000000008b800000, 0x000000008b800000, 0x000000008b900000|  0%| F|  |TAMS 0x000000008b800000, 0x000000008b800000| Untracked 
| 185|0x000000008b900000, 0x000000008ba00000, 0x000000008ba00000|100%| O|  |TAMS 0x000000008ba00000, 0x000000008ba00000| Untracked 
| 186|0x000000008ba00000, 0x000000008bb00000, 0x000000008bb00000|100%| O|  |TAMS 0x000000008bb00000, 0x000000008bb00000| Untracked 
| 187|0x000000008bb00000, 0x000000008bc00000, 0x000000008bc00000|100%| O|  |TAMS 0x000000008bc00000, 0x000000008bc00000| Untracked 
| 188|0x000000008bc00000, 0x000000008bd00000, 0x000000008bd00000|100%| O|  |TAMS 0x000000008bd00000, 0x000000008bd00000| Untracked 
| 189|0x000000008bd00000, 0x000000008be00000, 0x000000008be00000|100%| O|  |TAMS 0x000000008be00000, 0x000000008be00000| Untracked 
| 190|0x000000008be00000, 0x000000008bf00000, 0x000000008bf00000|100%| O|  |TAMS 0x000000008bf00000, 0x000000008bf00000| Untracked 
| 191|0x000000008bf00000, 0x000000008c000000, 0x000000008c000000|100%| O|  |TAMS 0x000000008c000000, 0x000000008c000000| Untracked 
| 192|0x000000008c000000, 0x000000008c100000, 0x000000008c100000|100%| O|  |TAMS 0x000000008c100000, 0x000000008c100000| Untracked 
| 193|0x000000008c100000, 0x000000008c200000, 0x000000008c200000|100%| O|  |TAMS 0x000000008c200000, 0x000000008c200000| Untracked 
| 194|0x000000008c200000, 0x000000008c300000, 0x000000008c300000|100%| O|  |TAMS 0x000000008c300000, 0x000000008c300000| Untracked 
| 195|0x000000008c300000, 0x000000008c400000, 0x000000008c400000|100%| O|  |TAMS 0x000000008c400000, 0x000000008c400000| Untracked 
| 196|0x000000008c400000, 0x000000008c500000, 0x000000008c500000|100%| O|  |TAMS 0x000000008c411600, 0x000000008c500000| Untracked 
| 197|0x000000008c500000, 0x000000008c600000, 0x000000008c600000|100%| O|  |TAMS 0x000000008c500000, 0x000000008c600000| Untracked 
| 198|0x000000008c600000, 0x000000008c700000, 0x000000008c700000|100%| O|  |TAMS 0x000000008c600000, 0x000000008c700000| Untracked 
| 199|0x000000008c700000, 0x000000008c800000, 0x000000008c800000|100%| O|  |TAMS 0x000000008c700000, 0x000000008c800000| Untracked 
| 200|0x000000008c800000, 0x000000008c900000, 0x000000008c900000|100%| O|  |TAMS 0x000000008c800000, 0x000000008c900000| Untracked 
| 201|0x000000008c900000, 0x000000008ca00000, 0x000000008ca00000|100%| O|  |TAMS 0x000000008c900000, 0x000000008ca00000| Untracked 
| 202|0x000000008ca00000, 0x000000008cb00000, 0x000000008cb00000|100%| O|  |TAMS 0x000000008ca00000, 0x000000008cb00000| Untracked 
| 203|0x000000008cb00000, 0x000000008cc00000, 0x000000008cc00000|100%| O|  |TAMS 0x000000008cb00000, 0x000000008cc00000| Untracked 
| 204|0x000000008cc00000, 0x000000008cd00000, 0x000000008cd00000|100%| O|  |TAMS 0x000000008cc00000, 0x000000008cd00000| Untracked 
| 205|0x000000008cd00000, 0x000000008ce00000, 0x000000008ce00000|100%| O|  |TAMS 0x000000008cd00000, 0x000000008ce00000| Untracked 
| 206|0x000000008ce00000, 0x000000008cf00000, 0x000000008cf00000|100%| O|  |TAMS 0x000000008ce00000, 0x000000008cf00000| Untracked 
| 207|0x000000008cf00000, 0x000000008cfab400, 0x000000008d000000| 66%| O|  |TAMS 0x000000008cf00000, 0x000000008cfab400| Untracked 
| 208|0x000000008d000000, 0x000000008d000000, 0x000000008d100000|  0%| F|  |TAMS 0x000000008d000000, 0x000000008d000000| Untracked 
| 209|0x000000008d100000, 0x000000008d100000, 0x000000008d200000|  0%| F|  |TAMS 0x000000008d100000, 0x000000008d100000| Untracked 
| 210|0x000000008d200000, 0x000000008d200000, 0x000000008d300000|  0%| F|  |TAMS 0x000000008d200000, 0x000000008d200000| Untracked 
| 211|0x000000008d300000, 0x000000008d300000, 0x000000008d400000|  0%| F|  |TAMS 0x000000008d300000, 0x000000008d300000| Untracked 
| 212|0x000000008d400000, 0x000000008d400000, 0x000000008d500000|  0%| F|  |TAMS 0x000000008d400000, 0x000000008d400000| Untracked 
| 213|0x000000008d500000, 0x000000008d500000, 0x000000008d600000|  0%| F|  |TAMS 0x000000008d500000, 0x000000008d500000| Untracked 
| 214|0x000000008d600000, 0x000000008d600000, 0x000000008d700000|  0%| F|  |TAMS 0x000000008d600000, 0x000000008d600000| Untracked 
| 215|0x000000008d700000, 0x000000008d700000, 0x000000008d800000|  0%| F|  |TAMS 0x000000008d700000, 0x000000008d700000| Untracked 
| 216|0x000000008d800000, 0x000000008d800000, 0x000000008d900000|  0%| F|  |TAMS 0x000000008d800000, 0x000000008d800000| Untracked 
| 217|0x000000008d900000, 0x000000008d900000, 0x000000008da00000|  0%| F|  |TAMS 0x000000008d900000, 0x000000008d900000| Untracked 
| 218|0x000000008da00000, 0x000000008da00000, 0x000000008db00000|  0%| F|  |TAMS 0x000000008da00000, 0x000000008da00000| Untracked 
| 219|0x000000008db00000, 0x000000008db00000, 0x000000008dc00000|  0%| F|  |TAMS 0x000000008db00000, 0x000000008db00000| Untracked 
| 220|0x000000008dc00000, 0x000000008dc00000, 0x000000008dd00000|  0%| F|  |TAMS 0x000000008dc00000, 0x000000008dc00000| Untracked 
| 221|0x000000008dd00000, 0x000000008dd00000, 0x000000008de00000|  0%| F|  |TAMS 0x000000008dd00000, 0x000000008dd00000| Untracked 
| 222|0x000000008de00000, 0x000000008de00000, 0x000000008df00000|  0%| F|  |TAMS 0x000000008de00000, 0x000000008de00000| Untracked 
| 223|0x000000008df00000, 0x000000008df00000, 0x000000008e000000|  0%| F|  |TAMS 0x000000008df00000, 0x000000008df00000| Untracked 
| 224|0x000000008e000000, 0x000000008e000000, 0x000000008e100000|  0%| F|  |TAMS 0x000000008e000000, 0x000000008e000000| Untracked 
| 225|0x000000008e100000, 0x000000008e100000, 0x000000008e200000|  0%| F|  |TAMS 0x000000008e100000, 0x000000008e100000| Untracked 
| 226|0x000000008e200000, 0x000000008e200000, 0x000000008e300000|  0%| F|  |TAMS 0x000000008e200000, 0x000000008e200000| Untracked 
| 227|0x000000008e300000, 0x000000008e300000, 0x000000008e400000|  0%| F|  |TAMS 0x000000008e300000, 0x000000008e300000| Untracked 
| 228|0x000000008e400000, 0x000000008e400000, 0x000000008e500000|  0%| F|  |TAMS 0x000000008e400000, 0x000000008e400000| Untracked 
| 229|0x000000008e500000, 0x000000008e500000, 0x000000008e600000|  0%| F|  |TAMS 0x000000008e500000, 0x000000008e500000| Untracked 
| 230|0x000000008e600000, 0x000000008e600000, 0x000000008e700000|  0%| F|  |TAMS 0x000000008e600000, 0x000000008e600000| Untracked 
| 231|0x000000008e700000, 0x000000008e700000, 0x000000008e800000|  0%| F|  |TAMS 0x000000008e700000, 0x000000008e700000| Untracked 
| 232|0x000000008e800000, 0x000000008e800000, 0x000000008e900000|  0%| F|  |TAMS 0x000000008e800000, 0x000000008e800000| Untracked 
| 233|0x000000008e900000, 0x000000008e9ca520, 0x000000008ea00000| 79%| S|CS|TAMS 0x000000008e900000, 0x000000008e900000| Complete 
| 234|0x000000008ea00000, 0x000000008eb00000, 0x000000008eb00000|100%| S|CS|TAMS 0x000000008ea00000, 0x000000008ea00000| Complete 
| 235|0x000000008eb00000, 0x000000008eb00000, 0x000000008ec00000|  0%| F|  |TAMS 0x000000008eb00000, 0x000000008eb00000| Untracked 
| 236|0x000000008ec00000, 0x000000008ec00000, 0x000000008ed00000|  0%| F|  |TAMS 0x000000008ec00000, 0x000000008ec00000| Untracked 
| 237|0x000000008ed00000, 0x000000008ed00000, 0x000000008ee00000|  0%| F|  |TAMS 0x000000008ed00000, 0x000000008ed00000| Untracked 
| 238|0x000000008ee00000, 0x000000008ee00000, 0x000000008ef00000|  0%| F|  |TAMS 0x000000008ee00000, 0x000000008ee00000| Untracked 
| 239|0x000000008ef00000, 0x000000008ef00000, 0x000000008f000000|  0%| F|  |TAMS 0x000000008ef00000, 0x000000008ef00000| Untracked 
| 240|0x000000008f000000, 0x000000008f000000, 0x000000008f100000|  0%| F|  |TAMS 0x000000008f000000, 0x000000008f000000| Untracked 
| 241|0x000000008f100000, 0x000000008f100000, 0x000000008f200000|  0%| F|  |TAMS 0x000000008f100000, 0x000000008f100000| Untracked 
| 242|0x000000008f200000, 0x000000008f200000, 0x000000008f300000|  0%| F|  |TAMS 0x000000008f200000, 0x000000008f200000| Untracked 
| 243|0x000000008f300000, 0x000000008f300000, 0x000000008f400000|  0%| F|  |TAMS 0x000000008f300000, 0x000000008f300000| Untracked 
| 244|0x000000008f400000, 0x000000008f400000, 0x000000008f500000|  0%| F|  |TAMS 0x000000008f400000, 0x000000008f400000| Untracked 
| 245|0x000000008f500000, 0x000000008f500000, 0x000000008f600000|  0%| F|  |TAMS 0x000000008f500000, 0x000000008f500000| Untracked 
| 246|0x000000008f600000, 0x000000008f600000, 0x000000008f700000|  0%| F|  |TAMS 0x000000008f600000, 0x000000008f600000| Untracked 
| 247|0x000000008f700000, 0x000000008f700000, 0x000000008f800000|  0%| F|  |TAMS 0x000000008f700000, 0x000000008f700000| Untracked 
| 248|0x000000008f800000, 0x000000008f800000, 0x000000008f900000|  0%| F|  |TAMS 0x000000008f800000, 0x000000008f800000| Untracked 
| 249|0x000000008f900000, 0x000000008f900000, 0x000000008fa00000|  0%| F|  |TAMS 0x000000008f900000, 0x000000008f900000| Untracked 
| 250|0x000000008fa00000, 0x000000008faa05a8, 0x000000008fb00000| 62%| E|  |TAMS 0x000000008fa00000, 0x000000008fa00000| Complete 
| 251|0x000000008fb00000, 0x000000008fc00000, 0x000000008fc00000|100%| E|CS|TAMS 0x000000008fb00000, 0x000000008fb00000| Complete 
| 252|0x000000008fc00000, 0x000000008fd00000, 0x000000008fd00000|100%| E|  |TAMS 0x000000008fc00000, 0x000000008fc00000| Complete 
| 253|0x000000008fd00000, 0x000000008fe00000, 0x000000008fe00000|100%| E|CS|TAMS 0x000000008fd00000, 0x000000008fd00000| Complete 

Card table byte_map: [0x000001e5afb10000,0x000001e5aff10000] _byte_map_base: 0x000001e5af710000

Marking Bits (Prev, Next): (CMBitMap*) 0x000001e59c8f5150, (CMBitMap*) 0x000001e59c8f5118
 Prev Bits: [0x000001e5b2310000, 0x000001e5b4310000)
 Next Bits: [0x000001e5b0310000, 0x000001e5b2310000)

Polling page: 0x000001e59a870000

Metaspace:

Usage:
  Non-class:    101.46 MB capacity,    99.36 MB ( 98%) used,     1.74 MB (  2%) free+waste,   364.88 KB ( <1%) overhead. 
      Class:     15.49 MB capacity,    14.30 MB ( 92%) used,     1.03 MB (  7%) free+waste,   166.56 KB (  1%) overhead. 
       Both:    116.95 MB capacity,   113.66 MB ( 97%) used,     2.77 MB (  2%) free+waste,   531.44 KB ( <1%) overhead. 

Virtual space:
  Non-class space:      102.00 MB reserved,     101.54 MB (>99%) committed 
      Class space:        1.00 GB reserved,      15.50 MB (  2%) committed 
             Both:        1.10 GB reserved,     117.04 MB ( 10%) committed 

Chunk freelists:
   Non-Class:  12.00 KB
       Class:  0 bytes
        Both:  12.00 KB

MaxMetaspaceSize: 17179869184.00 GB
CompressedClassSpaceSize: 1.00 GB
Initial GC threshold: 20.80 MB
Current GC threshold: 193.18 MB
CDS: off

CodeHeap 'non-profiled nmethods': size=120000Kb used=8275Kb max_used=8275Kb free=111724Kb
 bounds [0x000001e5a7ea0000, 0x000001e5a86c0000, 0x000001e5af3d0000]
CodeHeap 'profiled nmethods': size=120000Kb used=30771Kb max_used=30771Kb free=89228Kb
 bounds [0x000001e5a0970000, 0x000001e5a2780000, 0x000001e5a7ea0000]
CodeHeap 'non-nmethods': size=5760Kb used=2435Kb max_used=2518Kb free=3324Kb
 bounds [0x000001e5a03d0000, 0x000001e5a0650000, 0x000001e5a0970000]
 total_blobs=14630 nmethods=13660 adapters=882
 compilation: enabled
              stopped_count=0, restarted_count=0
 full_count=0

Compilation events (20 events):
Event: 59.964 Thread 0x000001e5b763f800 nmethod 13780 0x000001e5a275cc10 code [0x000001e5a275ce00, 0x000001e5a275d198]
Event: 59.964 Thread 0x000001e5b763f800 13776       2       org.gradle.internal.serialize.Serializers$StatefulSerializerAdapter$2::write (18 bytes)
Event: 59.964 Thread 0x000001e5b763f800 nmethod 13776 0x000001e5a275d310 code [0x000001e5a275d4c0, 0x000001e5a275d5e8]
Event: 59.964 Thread 0x000001e5b763f800 13782       2       org.gradle.internal.execution.steps.LoadPreviousExecutionStateStep$1::<init> (20 bytes)
Event: 59.964 Thread 0x000001e5b763f800 nmethod 13782 0x000001e5a275d710 code [0x000001e5a275d8c0, 0x000001e5a275dad8]
Event: 59.965 Thread 0x000001e5b763f800 13783       2       org.gradle.internal.execution.steps.CaptureStateBeforeExecutionStep$ImplementationsBuilder::visitImplementation (25 bytes)
Event: 59.965 Thread 0x000001e5b763f800 nmethod 13783 0x000001e5a275db90 code [0x000001e5a275dd80, 0x000001e5a275e0d8]
Event: 59.966 Thread 0x000001e5b763f800 13784   !   2       org.gradle.internal.execution.steps.legacy.MarkSnapshottingInputsStartedStep::execute (37 bytes)
Event: 59.966 Thread 0x000001e5b763f800 nmethod 13784 0x000001e5a275e290 code [0x000001e5a275e480, 0x000001e5a275e678]
Event: 59.966 Thread 0x000001e5b763f800 13785   !   2       com.sun.proxy.$Proxy171::onExecute (38 bytes)
Event: 59.967 Thread 0x000001e5b763f800 nmethod 13785 0x000001e5a275e790 code [0x000001e5a275e980, 0x000001e5a275edd8]
Event: 59.967 Thread 0x000001e5b763f800 13786       2       org.gradle.internal.execution.steps.CaptureStateBeforeExecutionStep::execute (10 bytes)
Event: 59.967 Thread 0x000001e5b763f800 nmethod 13786 0x000001e5a275f090 code [0x000001e5a275f240, 0x000001e5a275f3a8]
Event: 59.967 Thread 0x000001e5b763f800 13787       2       org.gradle.internal.execution.steps.CaptureStateBeforeExecutionStep::execute (42 bytes)
Event: 59.968 Thread 0x000001e5b763f800 nmethod 13787 0x000001e5a275f490 code [0x000001e5a275f680, 0x000001e5a275fb68]
Event: 59.968 Thread 0x000001e5b763f800 13788       2       org.gradle.internal.execution.steps.CaptureStateBeforeExecutionStep$$Lambda$1260/0x0000000100d27c40::apply (20 bytes)
Event: 59.969 Thread 0x000001e5b763f800 nmethod 13788 0x000001e5a275fd10 code [0x000001e5a275fec0, 0x000001e5a2760048]
Event: 59.969 Thread 0x000001e5b763f800 13789       2       org.gradle.internal.execution.steps.CaptureStateBeforeExecutionStep$$Lambda$1267/0x0000000100d29840::apply (20 bytes)
Event: 59.969 Thread 0x000001e5b763f800 nmethod 13789 0x000001e5a2760190 code [0x000001e5a2760340, 0x000001e5a27604c8]
Event: 59.969 Thread 0x000001e5b763f800 13790       2       org.gradle.internal.execution.steps.CaptureStateBeforeExecutionStep::captureExecutionStateWithOutputs (292 bytes)

GC Heap History (20 events):
Event: 26.826 GC heap before
{Heap before GC invocations=29 (full 0):
 garbage-first heap   total 260096K, used 224144K [0x0000000080000000, 0x0000000100000000)
  region size 1024K, 40 young (40960K), 6 survivors (6144K)
 Metaspace       used 105537K, capacity 108381K, committed 109604K, reserved 1144832K
  class space    used 13474K, capacity 14516K, committed 14848K, reserved 1048576K
}
Event: 26.838 GC heap after
{Heap after GC invocations=30 (full 0):
 garbage-first heap   total 260096K, used 190682K [0x0000000080000000, 0x0000000100000000)
  region size 1024K, 3 young (3072K), 3 survivors (3072K)
 Metaspace       used 105537K, capacity 108381K, committed 109604K, reserved 1144832K
  class space    used 13474K, capacity 14516K, committed 14848K, reserved 1048576K
}
Event: 27.385 GC heap before
{Heap before GC invocations=30 (full 0):
 garbage-first heap   total 260096K, used 226522K [0x0000000080000000, 0x0000000100000000)
  region size 1024K, 38 young (38912K), 3 survivors (3072K)
 Metaspace       used 108070K, capacity 110941K, committed 112036K, reserved 1146880K
  class space    used 13768K, capacity 14836K, committed 15232K, reserved 1048576K
}
Event: 27.399 GC heap after
{Heap after GC invocations=31 (full 0):
 garbage-first heap   total 260096K, used 192690K [0x0000000080000000, 0x0000000100000000)
  region size 1024K, 3 young (3072K), 3 survivors (3072K)
 Metaspace       used 108070K, capacity 110941K, committed 112036K, reserved 1146880K
  class space    used 13768K, capacity 14836K, committed 15232K, reserved 1048576K
}
Event: 28.146 GC heap before
{Heap before GC invocations=32 (full 0):
 garbage-first heap   total 260096K, used 225458K [0x0000000080000000, 0x0000000100000000)
  region size 1024K, 36 young (36864K), 3 survivors (3072K)
 Metaspace       used 110975K, capacity 114012K, committed 114596K, reserved 1148928K
  class space    used 14106K, capacity 15212K, committed 15488K, reserved 1048576K
}
Event: 28.156 GC heap after
{Heap after GC invocations=33 (full 0):
 garbage-first heap   total 260096K, used 194782K [0x0000000080000000, 0x0000000100000000)
  region size 1024K, 5 young (5120K), 5 survivors (5120K)
 Metaspace       used 110975K, capacity 114012K, committed 114596K, reserved 1148928K
  class space    used 14106K, capacity 15212K, committed 15488K, reserved 1048576K
}
Event: 57.703 GC heap before
{Heap before GC invocations=33 (full 0):
 garbage-first heap   total 260096K, used 225502K [0x0000000080000000, 0x0000000100000000)
  region size 1024K, 36 young (36864K), 5 survivors (5120K)
 Metaspace       used 113506K, capacity 116611K, committed 117028K, reserved 1150976K
  class space    used 14276K, capacity 15403K, committed 15616K, reserved 1048576K
}
Event: 57.720 GC heap after
{Heap after GC invocations=34 (full 0):
 garbage-first heap   total 260096K, used 196901K [0x0000000080000000, 0x0000000100000000)
  region size 1024K, 5 young (5120K), 5 survivors (5120K)
 Metaspace       used 113506K, capacity 116611K, committed 117028K, reserved 1150976K
  class space    used 14276K, capacity 15403K, committed 15616K, reserved 1048576K
}
Event: 58.502 GC heap before
{Heap before GC invocations=35 (full 0):
 garbage-first heap   total 260096K, used 226597K [0x0000000080000000, 0x0000000100000000)
  region size 1024K, 34 young (34816K), 5 survivors (5120K)
 Metaspace       used 114472K, capacity 117651K, committed 117924K, reserved 1150976K
  class space    used 14363K, capacity 15506K, committed 15744K, reserved 1048576K
}
Event: 58.516 GC heap after
{Heap after GC invocations=36 (full 0):
 garbage-first heap   total 260096K, used 200704K [0x0000000080000000, 0x0000000100000000)
  region size 1024K, 5 young (5120K), 5 survivors (5120K)
 Metaspace       used 114472K, capacity 117651K, committed 117924K, reserved 1150976K
  class space    used 14363K, capacity 15506K, committed 15744K, reserved 1048576K
}
Event: 58.846 GC heap before
{Heap before GC invocations=36 (full 0):
 garbage-first heap   total 260096K, used 226304K [0x0000000080000000, 0x0000000100000000)
  region size 1024K, 30 young (30720K), 5 survivors (5120K)
 Metaspace       used 115117K, capacity 118262K, committed 118436K, reserved 1153024K
  class space    used 14439K, capacity 15575K, committed 15744K, reserved 1048576K
}
Event: 58.870 GC heap after
{Heap after GC invocations=37 (full 0):
 garbage-first heap   total 260096K, used 203788K [0x0000000080000000, 0x0000000100000000)
  region size 1024K, 3 young (3072K), 3 survivors (3072K)
 Metaspace       used 115117K, capacity 118262K, committed 118436K, reserved 1153024K
  class space    used 14439K, capacity 15575K, committed 15744K, reserved 1048576K
}
Event: 59.165 GC heap before
{Heap before GC invocations=37 (full 0):
 garbage-first heap   total 260096K, used 226316K [0x0000000080000000, 0x0000000100000000)
  region size 1024K, 25 young (25600K), 3 survivors (3072K)
 Metaspace       used 115159K, capacity 118405K, committed 118692K, reserved 1153024K
  class space    used 14442K, capacity 15578K, committed 15744K, reserved 1048576K
}
Event: 59.175 GC heap after
{Heap after GC invocations=38 (full 0):
 garbage-first heap   total 260096K, used 207226K [0x0000000080000000, 0x0000000100000000)
  region size 1024K, 4 young (4096K), 4 survivors (4096K)
 Metaspace       used 115159K, capacity 118405K, committed 118692K, reserved 1153024K
  class space    used 14442K, capacity 15578K, committed 15744K, reserved 1048576K
}
Event: 59.406 GC heap before
{Heap before GC invocations=39 (full 0):
 garbage-first heap   total 260096K, used 225658K [0x0000000080000000, 0x0000000100000000)
  region size 1024K, 23 young (23552K), 4 survivors (4096K)
 Metaspace       used 115379K, capacity 118525K, committed 118692K, reserved 1153024K
  class space    used 14473K, capacity 15615K, committed 15744K, reserved 1048576K
}
Event: 59.421 GC heap after
{Heap after GC invocations=40 (full 0):
 garbage-first heap   total 260096K, used 210131K [0x0000000080000000, 0x0000000100000000)
  region size 1024K, 3 young (3072K), 3 survivors (3072K)
 Metaspace       used 115379K, capacity 118525K, committed 118692K, reserved 1153024K
  class space    used 14473K, capacity 15615K, committed 15744K, reserved 1048576K
}
Event: 59.602 GC heap before
{Heap before GC invocations=40 (full 0):
 garbage-first heap   total 260096K, used 219347K [0x0000000080000000, 0x0000000100000000)
  region size 1024K, 12 young (12288K), 3 survivors (3072K)
 Metaspace       used 115814K, capacity 119079K, committed 119332K, reserved 1153024K
  class space    used 14547K, capacity 15686K, committed 15872K, reserved 1048576K
}
Event: 59.616 GC heap after
{Heap after GC invocations=41 (full 0):
 garbage-first heap   total 260096K, used 209115K [0x0000000080000000, 0x0000000100000000)
  region size 1024K, 2 young (2048K), 2 survivors (2048K)
 Metaspace       used 115814K, capacity 119079K, committed 119332K, reserved 1153024K
  class space    used 14547K, capacity 15686K, committed 15872K, reserved 1048576K
}
Event: 59.940 GC heap before
{Heap before GC invocations=41 (full 0):
 garbage-first heap   total 260096K, used 225499K [0x0000000080000000, 0x0000000100000000)
  region size 1024K, 19 young (19456K), 2 survivors (2048K)
 Metaspace       used 116312K, capacity 119663K, committed 119844K, reserved 1153024K
  class space    used 14641K, capacity 15858K, committed 15872K, reserved 1048576K
}
Event: 59.953 GC heap after
{Heap after GC invocations=42 (full 0):
 garbage-first heap   total 260096K, used 209366K [0x0000000080000000, 0x0000000100000000)
  region size 1024K, 2 young (2048K), 2 survivors (2048K)
 Metaspace       used 116312K, capacity 119663K, committed 119844K, reserved 1153024K
  class space    used 14641K, capacity 15858K, committed 15872K, reserved 1048576K
}

Deoptimization events (20 events):
Event: 59.762 Thread 0x000001e5b9b95800 Uncommon trap: trap_request=0xffffff4d fr.pc=0x000001e5a84e1774 relative=0x00000000000005f4
Event: 59.762 Thread 0x000001e5b9b95800 Uncommon trap: reason=unstable_if action=reinterpret pc=0x000001e5a84e1774 method=org.gradle.internal.snapshot.VfsRelativePath.lengthOfCommonPrefix(Ljava/lang/String;Lorg/gradle/internal/snapshot/CaseSensitivity;)I @ 107 c2
Event: 59.762 Thread 0x000001e5b9b95800 DEOPT PACKING pc=0x000001e5a84e1774 sp=0x0000007c141f8030
Event: 59.762 Thread 0x000001e5b9b95800 DEOPT UNPACKING pc=0x000001e5a041a1af sp=0x0000007c141f7fb8 mode 2
Event: 59.791 Thread 0x000001e5b7ea7800 Uncommon trap: trap_request=0xffffff4d fr.pc=0x000001e5a84b19a0 relative=0x0000000000000240
Event: 59.791 Thread 0x000001e5b7ea7800 Uncommon trap: reason=unstable_if action=reinterpret pc=0x000001e5a84b19a0 method=com.esotericsoftware.kryo.io.Output.writeString(Ljava/lang/CharSequence;)V @ 50 c2
Event: 59.791 Thread 0x000001e5b7ea7800 DEOPT PACKING pc=0x000001e5a84b19a0 sp=0x0000007c0e2fe720
Event: 59.791 Thread 0x000001e5b7ea7800 DEOPT UNPACKING pc=0x000001e5a041a1af sp=0x0000007c0e2fe648 mode 2
Event: 59.792 Thread 0x000001e5b7ea7800 Uncommon trap: trap_request=0xffffff4d fr.pc=0x000001e5a81a5c14 relative=0x0000000000000234
Event: 59.792 Thread 0x000001e5b7ea7800 Uncommon trap: reason=unstable_if action=reinterpret pc=0x000001e5a81a5c14 method=com.esotericsoftware.kryo.io.Output.writeString(Ljava/lang/CharSequence;)V @ 50 c2
Event: 59.792 Thread 0x000001e5b7ea7800 DEOPT PACKING pc=0x000001e5a81a5c14 sp=0x0000007c0e2fe640
Event: 59.792 Thread 0x000001e5b7ea7800 DEOPT UNPACKING pc=0x000001e5a041a1af sp=0x0000007c0e2fe5d0 mode 2
Event: 59.801 Thread 0x000001e5b7ea7800 Uncommon trap: trap_request=0xffffff4d fr.pc=0x000001e5a852f244 relative=0x0000000000000764
Event: 59.801 Thread 0x000001e5b7ea7800 Uncommon trap: reason=unstable_if action=reinterpret pc=0x000001e5a852f244 method=com.esotericsoftware.kryo.io.Output.writeVarLong(JZ)I @ 55 c2
Event: 59.801 Thread 0x000001e5b7ea7800 DEOPT PACKING pc=0x000001e5a852f244 sp=0x0000007c0e2fe4e0
Event: 59.802 Thread 0x000001e5b7ea7800 DEOPT UNPACKING pc=0x000001e5a041a1af sp=0x0000007c0e2fe4b0 mode 2
Event: 59.802 Thread 0x000001e5be282800 Uncommon trap: trap_request=0xffffff4d fr.pc=0x000001e5a8505d34 relative=0x00000000000002f4
Event: 59.802 Thread 0x000001e5be282800 Uncommon trap: reason=unstable_if action=reinterpret pc=0x000001e5a8505d34 method=com.google.common.util.concurrent.AbstractFuture.releaseWaiters()V @ 22 c2
Event: 59.802 Thread 0x000001e5be282800 DEOPT PACKING pc=0x000001e5a8505d34 sp=0x0000007c0f2fc240
Event: 59.802 Thread 0x000001e5be282800 DEOPT UNPACKING pc=0x000001e5a041a1af sp=0x0000007c0f2fc100 mode 2

Classes redefined (0 events):
No events

Internal exceptions (20 events):
Event: 59.315 Thread 0x000001e5b829d000 Exception <a 'java/lang/ClassNotFoundException'{0x000000008ef94f78}: com/android/build/gradle/tasks/PackageAndroidArtifactBeanInfo> (0x000000008ef94f78) thrown at [src/hotspot/share/classfile/systemDictionary.cpp, line 230]
Event: 59.316 Thread 0x000001e5b829d000 Exception <a 'java/lang/ClassNotFoundException'{0x000000008efaf6b0}: com/android/build/gradle/tasks/PackageAndroidArtifactCustomizer> (0x000000008efaf6b0) thrown at [src/hotspot/share/classfile/systemDictionary.cpp, line 230]
Event: 59.319 Thread 0x000001e5b829d000 Exception <a 'java/lang/ClassNotFoundException'{0x000000008ee12398}: com/android/build/gradle/tasks/PackageApplicationCustomizer> (0x000000008ee12398) thrown at [src/hotspot/share/classfile/systemDictionary.cpp, line 230]
Event: 59.320 Thread 0x000001e5b829d000 Exception <a 'java/lang/ClassNotFoundException'{0x000000008ee4a198}: com/android/build/gradle/tasks/PackageApplication_DecoratedCustomizer> (0x000000008ee4a198) thrown at [src/hotspot/share/classfile/systemDictionary.cpp, line 230]
Event: 59.343 Thread 0x000001e5b829d000 Implicit null exception at 0x000001e5a85389f4 to 0x000001e5a8538e70
Event: 59.353 Thread 0x000001e5b829d000 Exception <a 'java/lang/NoSuchMethodError'{0x000000008ed98960}: <clinit>> (0x000000008ed98960) thrown at [src/hotspot/share/prims/jni.cpp, line 1367]
Event: 59.366 Thread 0x000001e5b829d000 Exception <a 'sun/nio/fs/WindowsException'{0x000000008ec12658}> (0x000000008ec12658) thrown at [src/hotspot/share/prims/jni.cpp, line 617]
Event: 59.440 Thread 0x000001e5b9b8c800 Exception <a 'java/lang/NoSuchMethodError'{0x000000008fcc8e58}: <clinit>> (0x000000008fcc8e58) thrown at [src/hotspot/share/prims/jni.cpp, line 1367]
Event: 59.450 Thread 0x000001e5b9b8c800 Exception <a 'java/lang/NoSuchMethodError'{0x000000008fb1edb8}: <clinit>> (0x000000008fb1edb8) thrown at [src/hotspot/share/prims/jni.cpp, line 1367]
Event: 59.453 Thread 0x000001e5b9b8c800 Exception <a 'java/lang/NoSuchMethodError'{0x000000008fb5d7e8}: <clinit>> (0x000000008fb5d7e8) thrown at [src/hotspot/share/prims/jni.cpp, line 1367]
Event: 59.456 Thread 0x000001e5b9b95800 Exception <a 'java/lang/NoSuchMethodError'{0x000000008fb74070}: 'int java.lang.invoke.DirectMethodHandle$Holder.invokeSpecial(java.lang.Object, java.lang.Object, java.lang.Object, java.lang.Object, java.lang.Object)'> (0x000000008fb74070) thrown at [src/hotspot/share/interpreter/linkResolver.cpp, line 773]
Event: 59.480 Thread 0x000001e5b9c4b000 Exception <a 'java/lang/NoSuchMethodError'{0x000000008fab3160}: <clinit>> (0x000000008fab3160) thrown at [src/hotspot/share/prims/jni.cpp, line 1367]
Event: 59.494 Thread 0x000001e5b9b95800 Implicit null exception at 0x000001e5a81bc3f7 to 0x000001e5a81bc58c
Event: 59.789 Thread 0x000001e5b9b8b000 Exception <a 'java/lang/NoSuchMethodError'{0x000000008f16f130}: 'java.lang.Object java.lang.invoke.DirectMethodHandle$Holder.newInvokeSpecial(java.lang.Object, java.lang.Object, java.lang.Object, java.lang.Object)'> (0x000000008f16f130) thrown at [src/hotspot/share/interpreter/linkResolver.cpp, line 773]
Event: 59.789 Thread 0x000001e5bb630800 Exception <a 'java/lang/NoSuchMethodError'{0x000000008f1702e8}: 'java.lang.Object java.lang.invoke.DirectMethodHandle$Holder.newInvokeSpecial(java.lang.Object, java.lang.Object, java.lang.Object, java.lang.Object)'> (0x000000008f1702e8) thrown at [src/hotspot/share/interpreter/linkResolver.cpp, line 773]
Event: 59.789 Thread 0x000001e5be286000 Exception <a 'java/lang/NoSuchMethodError'{0x000000008f16d068}: 'java.lang.Object java.lang.invoke.DirectMethodHandle$Holder.newInvokeSpecial(java.lang.Object, java.lang.Object, java.lang.Object, java.lang.Object)'> (0x000000008f16d068) thrown at [src/hotspot/share/interpreter/linkResolver.cpp, line 773]
Event: 59.789 Thread 0x000001e5b9b95800 Exception <a 'java/lang/NoSuchMethodError'{0x000000008f156ea8}: 'java.lang.Object java.lang.invoke.DirectMethodHandle$Holder.newInvokeSpecial(java.lang.Object, java.lang.Object, java.lang.Object, java.lang.Object)'> (0x000000008f156ea8) thrown at [src/hotspot/share/interpreter/linkResolver.cpp, line 773]
Event: 59.789 Thread 0x000001e5bb626800 Exception <a 'java/lang/NoSuchMethodError'{0x000000008f16e110}: 'java.lang.Object java.lang.invoke.DirectMethodHandle$Holder.newInvokeSpecial(java.lang.Object, java.lang.Object, java.lang.Object, java.lang.Object)'> (0x000000008f16e110) thrown at [src/hotspot/share/interpreter/linkResolver.cpp, line 773]
Event: 59.789 Thread 0x000001e5bcc48000 Exception <a 'java/lang/NoSuchMethodError'{0x000000008f16bf68}: 'java.lang.Object java.lang.invoke.DirectMethodHandle$Holder.newInvokeSpecial(java.lang.Object, java.lang.Object, java.lang.Object, java.lang.Object)'> (0x000000008f16bf68) thrown at [src/hotspot/share/interpreter/linkResolver.cpp, line 773]
Event: 59.789 Thread 0x000001e5be282800 Exception <a 'java/lang/NoSuchMethodError'{0x000000008f17f768}: 'java.lang.Object java.lang.invoke.DirectMethodHandle$Holder.newInvokeSpecial(java.lang.Object, java.lang.Object, java.lang.Object, java.lang.Object)'> (0x000000008f17f768) thrown at [src/hotspot/share/interpreter/linkResolver.cpp, line 773]

Events (20 events):
Event: 59.793 loading class org/gradle/internal/execution/history/impl/DefaultOutputFilesRepository$1 done
Event: 59.798 loading class org/gradle/internal/execution/history/impl/FileSystemSnapshotSerializer$1
Event: 59.798 loading class org/gradle/internal/execution/history/impl/FileSystemSnapshotSerializer$1 done
Event: 59.798 Executing VM operation: RevokeBias
Event: 59.798 Executing VM operation: RevokeBias done
Event: 59.799 loading class org/gradle/internal/snapshot/RootTrackingFileSystemSnapshotHierarchyVisitor
Event: 59.799 loading class org/gradle/internal/snapshot/RootTrackingFileSystemSnapshotHierarchyVisitor done
Event: 59.800 loading class org/gradle/internal/execution/history/impl/FileSystemSnapshotSerializer$1$1
Event: 59.800 loading class org/gradle/internal/execution/history/impl/FileSystemSnapshotSerializer$1$1 done
Event: 59.802 loading class org/gradle/internal/execution/steps/SkipUpToDateStep$2
Event: 59.802 loading class org/gradle/internal/execution/steps/SkipUpToDateStep$2 done
Event: 59.883 Loaded shared library C:\Program Files\Android\Android Studio1\jbr\bin\nio.dll
Event: 59.898 Executing VM operation: RevokeBias
Event: 59.899 Executing VM operation: RevokeBias done
Event: 59.905 Executing VM operation: BulkRevokeBias
Event: 59.912 Executing VM operation: BulkRevokeBias done
Event: 59.939 Executing VM operation: G1CollectForAllocation
Event: 59.953 Executing VM operation: G1CollectForAllocation done
Event: 59.970 Executing VM operation: RevokeBias
Event: 59.970 Executing VM operation: RevokeBias done


Dynamic libraries:
0x00007ff70b910000 - 0x00007ff70b91a000 	C:\Program Files\Android\Android Studio1\jbr\bin\java.exe
0x00007ff9dacd0000 - 0x00007ff9daee4000 	C:\WINDOWS\SYSTEM32\ntdll.dll
0x00007ff9d97d0000 - 0x00007ff9d9892000 	C:\WINDOWS\System32\KERNEL32.DLL
0x00007ff9d8650000 - 0x00007ff9d89ec000 	C:\WINDOWS\System32\KERNELBASE.dll
0x00007ff9d80e0000 - 0x00007ff9d81f1000 	C:\WINDOWS\System32\ucrtbase.dll
0x00007ff9ae050000 - 0x00007ff9ae067000 	C:\Program Files\Android\Android Studio1\jbr\bin\jli.dll
0x00007ff9afd10000 - 0x00007ff9afd2b000 	C:\Program Files\Android\Android Studio1\jbr\bin\VCRUNTIME140.dll
0x00007ff9d98a0000 - 0x00007ff9d9a4b000 	C:\WINDOWS\System32\USER32.dll
0x00007ff9d8270000 - 0x00007ff9d8296000 	C:\WINDOWS\System32\win32u.dll
0x00007ff9b5b60000 - 0x00007ff9b5dee000 	C:\WINDOWS\WinSxS\amd64_microsoft.windows.common-controls_6595b64144ccf1df_6.0.22621.608_none_a9444ca7c10bb01d\COMCTL32.dll
0x00007ff9d92a0000 - 0x00007ff9d9347000 	C:\WINDOWS\System32\msvcrt.dll
0x00007ff9d8ad0000 - 0x00007ff9d8af9000 	C:\WINDOWS\System32\GDI32.dll
0x00007ff9d8410000 - 0x00007ff9d8523000 	C:\WINDOWS\System32\gdi32full.dll
0x00007ff9d8530000 - 0x00007ff9d85ca000 	C:\WINDOWS\System32\msvcp_win.dll
0x00007ff9d9350000 - 0x00007ff9d9381000 	C:\WINDOWS\System32\IMM32.DLL
0x00007ff9b6650000 - 0x00007ff9b665c000 	C:\Program Files\Android\Android Studio1\jbr\bin\vcruntime140_1.dll
0x00007ff98f080000 - 0x00007ff98f10d000 	C:\Program Files\Android\Android Studio1\jbr\bin\msvcp140.dll
0x00007ff936ce0000 - 0x00007ff93789c000 	C:\Program Files\Android\Android Studio1\jbr\bin\server\jvm.dll
0x00007ff9dab20000 - 0x00007ff9dabce000 	C:\WINDOWS\System32\ADVAPI32.dll
0x00007ff9d9070000 - 0x00007ff9d9114000 	C:\WINDOWS\System32\sechost.dll
0x00007ff9d8ef0000 - 0x00007ff9d9007000 	C:\WINDOWS\System32\RPCRT4.dll
0x00007ff9d9c40000 - 0x00007ff9d9c48000 	C:\WINDOWS\System32\PSAPI.DLL
0x00007ff9b5f50000 - 0x00007ff9b5f59000 	C:\WINDOWS\SYSTEM32\WSOCK32.dll
0x00007ff9d9530000 - 0x00007ff9d95a1000 	C:\WINDOWS\System32\WS2_32.dll
0x00007ff9d19f0000 - 0x00007ff9d19fa000 	C:\WINDOWS\SYSTEM32\VERSION.dll
0x00007ff9d21b0000 - 0x00007ff9d21e4000 	C:\WINDOWS\SYSTEM32\WINMM.dll
0x00007ff9d7220000 - 0x00007ff9d7238000 	C:\WINDOWS\SYSTEM32\kernel.appcore.dll
0x00007ff9bc070000 - 0x00007ff9bc080000 	C:\Program Files\Android\Android Studio1\jbr\bin\verify.dll
0x00007ff9d5250000 - 0x00007ff9d547e000 	C:\WINDOWS\SYSTEM32\DBGHELP.DLL
0x00007ff9d8b00000 - 0x00007ff9d8e89000 	C:\WINDOWS\System32\combase.dll
0x00007ff9d9b60000 - 0x00007ff9d9c37000 	C:\WINDOWS\System32\OLEAUT32.dll
0x00007ff9bf1b0000 - 0x00007ff9bf1e2000 	C:\WINDOWS\SYSTEM32\dbgcore.DLL
0x00007ff9d85d0000 - 0x00007ff9d864b000 	C:\WINDOWS\System32\bcryptPrimitives.dll
0x00007ff986440000 - 0x00007ff986468000 	C:\Program Files\Android\Android Studio1\jbr\bin\java.dll
0x00007ff9b2160000 - 0x00007ff9b216a000 	C:\Program Files\Android\Android Studio1\jbr\bin\jimage.dll
0x00007ff990090000 - 0x00007ff9900a8000 	C:\Program Files\Android\Android Studio1\jbr\bin\zip.dll
0x00007ff9d9e70000 - 0x00007ff9da660000 	C:\WINDOWS\System32\SHELL32.dll
0x00007ff9d6100000 - 0x00007ff9d69cd000 	C:\WINDOWS\SYSTEM32\windows.storage.dll
0x00007ff9d5fc0000 - 0x00007ff9d60fe000 	C:\WINDOWS\SYSTEM32\wintypes.dll
0x00007ff9d9a50000 - 0x00007ff9d9b41000 	C:\WINDOWS\System32\SHCORE.dll
0x00007ff9d8e90000 - 0x00007ff9d8eee000 	C:\WINDOWS\System32\shlwapi.dll
0x00007ff9d8010000 - 0x00007ff9d8031000 	C:\WINDOWS\SYSTEM32\profapi.dll
0x00007ff9873a0000 - 0x00007ff9873b9000 	C:\Program Files\Android\Android Studio1\jbr\bin\net.dll
0x00007ff9d1f40000 - 0x00007ff9d2077000 	C:\WINDOWS\SYSTEM32\WINHTTP.dll
0x00007ff9d7690000 - 0x00007ff9d76f9000 	C:\WINDOWS\system32\mswsock.dll
0x00007ff984ab0000 - 0x00007ff984ac3000 	C:\Program Files\Android\Android Studio1\jbr\bin\nio.dll
0x00007ff9b6660000 - 0x00007ff9b6687000 	C:\Users\MelatiEka\.gradle\native\e1d6ef7f7dcc3fd88c89a11ec53ec762bb8ba0a96d01ffa2cd45eb1d1d8dd5c5\windows-amd64\native-platform.dll
0x00007ff98bba0000 - 0x00007ff98bce4000 	C:\Users\MelatiEka\.gradle\native\0d407fdbe67a94daf76414ababcb853783967236a71b16ec16e742cd7a986fd3\windows-amd64\native-platform-file-events.dll
0x00007ff9b2020000 - 0x00007ff9b202a000 	C:\Program Files\Android\Android Studio1\jbr\bin\management.dll
0x00007ff9b1f90000 - 0x00007ff9b1f9b000 	C:\Program Files\Android\Android Studio1\jbr\bin\management_ext.dll
0x00007ff9d7900000 - 0x00007ff9d791b000 	C:\WINDOWS\SYSTEM32\CRYPTSP.dll
0x00007ff9d7190000 - 0x00007ff9d71c5000 	C:\WINDOWS\system32\rsaenh.dll
0x00007ff9d7790000 - 0x00007ff9d77b8000 	C:\WINDOWS\SYSTEM32\USERENV.dll
0x00007ff9d7a90000 - 0x00007ff9d7ab8000 	C:\WINDOWS\SYSTEM32\bcrypt.dll
0x00007ff9d78f0000 - 0x00007ff9d78fc000 	C:\WINDOWS\SYSTEM32\CRYPTBASE.dll
0x00007ff9d6c90000 - 0x00007ff9d6cbd000 	C:\WINDOWS\SYSTEM32\IPHLPAPI.DLL
0x00007ff9d9b50000 - 0x00007ff9d9b59000 	C:\WINDOWS\System32\NSI.dll
0x00007ff9d1f20000 - 0x00007ff9d1f39000 	C:\WINDOWS\SYSTEM32\dhcpcsvc6.DLL
0x00007ff9d1e50000 - 0x00007ff9d1e6f000 	C:\WINDOWS\SYSTEM32\dhcpcsvc.DLL
0x00007ff9d6d00000 - 0x00007ff9d6df3000 	C:\WINDOWS\SYSTEM32\DNSAPI.dll
0x00007ff957a70000 - 0x00007ff957a87000 	C:\WINDOWS\system32\napinsp.dll
0x00007ff957a50000 - 0x00007ff957a6b000 	C:\WINDOWS\system32\pnrpnsp.dll
0x00007ff957a30000 - 0x00007ff957a41000 	C:\WINDOWS\System32\winrnr.dll
0x00007ff9b53d0000 - 0x00007ff9b53e5000 	C:\WINDOWS\system32\wshbth.dll
0x00007ff977b60000 - 0x00007ff977b81000 	C:\WINDOWS\system32\nlansp_c.dll
0x00007ff9d02d0000 - 0x00007ff9d02da000 	C:\Windows\System32\rasadhlp.dll
0x00007ff9d0f20000 - 0x00007ff9d0fa3000 	C:\WINDOWS\System32\fwpuclnt.dll

dbghelp: loaded successfully - version: 4.0.5 - missing functions: none
symbol engine: initialized successfully - sym options: 0x614 - pdb path: .;C:\Program Files\Android\Android Studio1\jbr\bin;C:\WINDOWS\SYSTEM32;C:\WINDOWS\WinSxS\amd64_microsoft.windows.common-controls_6595b64144ccf1df_6.0.22621.608_none_a9444ca7c10bb01d;C:\Program Files\Android\Android Studio1\jbr\bin\server;C:\Users\MelatiEka\.gradle\native\e1d6ef7f7dcc3fd88c89a11ec53ec762bb8ba0a96d01ffa2cd45eb1d1d8dd5c5\windows-amd64;C:\Users\MelatiEka\.gradle\native\0d407fdbe67a94daf76414ababcb853783967236a71b16ec16e742cd7a986fd3\windows-amd64

VM Arguments:
jvm_args: --add-opens=java.base/java.util=ALL-UNNAMED --add-opens=java.base/java.lang=ALL-UNNAMED --add-opens=java.base/java.lang.invoke=ALL-UNNAMED --add-opens=java.base/java.util=ALL-UNNAMED --add-opens=java.prefs/java.util.prefs=ALL-UNNAMED --add-opens=java.prefs/java.util.prefs=ALL-UNNAMED --add-opens=java.base/java.nio.charset=ALL-UNNAMED --add-opens=java.base/java.net=ALL-UNNAMED --add-opens=java.base/java.util.concurrent.atomic=ALL-UNNAMED -Xmx2048m -Dfile.encoding=UTF-8 -Duser.country=ID -Duser.language=en -Duser.variant 
java_command: org.gradle.launcher.daemon.bootstrap.GradleDaemon 7.5
java_class_path (initial): C:\Users\MelatiEka\.gradle\wrapper\dists\gradle-7.5-bin\f1w0cc9nuo0eivz97x2xlu9sv\gradle-7.5\lib\gradle-launcher-7.5.jar
Launcher Type: SUN_STANDARD

[Global flags]
     intx CICompilerCount                          = 4                                         {product} {ergonomic}
     uint ConcGCThreads                            = 2                                         {product} {ergonomic}
     uint G1ConcRefinementThreads                  = 8                                         {product} {ergonomic}
   size_t G1HeapRegionSize                         = 1048576                                   {product} {ergonomic}
    uintx GCDrainStackTargetSize                   = 64                                        {product} {ergonomic}
   size_t InitialHeapSize                          = 266338304                                 {product} {ergonomic}
   size_t MarkStackSize                            = 4194304                                   {product} {ergonomic}
   size_t MaxHeapSize                              = 2147483648                                {product} {command line}
   size_t MaxNewSize                               = 1287651328                                {product} {ergonomic}
   size_t MinHeapDeltaBytes                        = 1048576                                   {product} {ergonomic}
    uintx NonNMethodCodeHeapSize                   = 5836300                                {pd product} {ergonomic}
    uintx NonProfiledCodeHeapSize                  = 122910970                              {pd product} {ergonomic}
    uintx ProfiledCodeHeapSize                     = 122910970                              {pd product} {ergonomic}
    uintx ReservedCodeCacheSize                    = 251658240                              {pd product} {ergonomic}
     bool SegmentedCodeCache                       = true                                      {product} {ergonomic}
     bool UseCompressedClassPointers               = true                                 {lp64_product} {ergonomic}
     bool UseCompressedOops                        = true                                 {lp64_product} {ergonomic}
     bool UseG1GC                                  = true                                      {product} {ergonomic}
     bool UseLargePagesIndividualAllocation        = false                                  {pd product} {ergonomic}

Logging:
Log output configuration:
 #0: stdout all=warning uptime,level,tags
 #1: stderr all=off uptime,level,tags

Environment Variables:
JAVA_HOME=C:\Program Files\Java\jdk-11.0.16.1
PATH=C:\Program Files\Java\jdk-11.0.16.1\bin;C:\Program Files\Common Files\Oracle\Java\javapath;C:\Program Files (x86)\Common Files\Oracle\Java\javapath;C:\Program Files\Zulu\zulu-8\bin\;C:\Program Files (x86)\Common Files\Intel\Shared Libraries\redist\intel64\compiler;C:\windows\system32;C:\windows;C:\windows\System32\Wbem;C:\windows\System32\WindowsPowerShell\v1.0\;C:\windows\System32\OpenSSH\;C:\Program Files (x86)\NVIDIA Corporation\PhysX\Common;C:\Program Files\NVIDIA Corporation\NVIDIA NvDLISR;C:\WINDOWS\system32;C:\WINDOWS;C:\WINDOWS\System32\Wbem;C:\WINDOWS\System32\WindowsPowerShell\v1.0\;C:\WINDOWS\System32\OpenSSH\;C:\Program Files\Java\jdk-15.0.2\bin;C:\Program Files\Dart\dart-sdk\bin;C:\Program Files\PostgreSQL\14\bin;C:\Program Files\gradle-7.4.2\bin;C:\Program Files (x86)\dotnet\;C:\Program Files\Docker\Docker\resources\bin;C:\ProgramData\DockerDesktop\version-bin;C:\Program Files\IBM\SPSS\Statistics\25\JRE\bin;C:\Program Files\nodejs\;C:\Program Files\PuTTY\;C:\Program Files\Git\cmd;C:\Users\MelatiEka\AppData\Local\Programs\Python\Python38-32\Scripts\;C:\Users\MelatiEka\AppData\Local\Programs\Python\Python38-32\;C:\Users\MelatiEka\AppData\Local\Microsoft\WindowsApps;C:\Program Files\JetBrains\PyCharm Community Edition 2020.1.1\bin;;C:\Program Files\Java\jdk-15.0.2\bin;C:\Users\MelatiEka\Desktop\Semester 3\.PBP\flutter\bin;C:\Users\MelatiEka\AppData\Local\Programs\Microsoft VS Code\bin;C:\Program Files (x86)\heroku\bin;C:\Program Files\JetBrains\IntelliJ IDEA 2022.2.1\bin;;C:\Users\MelatiEka\AppData\Roaming\npm;
USERNAME=MelatiEka
OS=Windows_NT
PROCESSOR_IDENTIFIER=Intel64 Family 6 Model 142 Stepping 12, GenuineIntel



---------------  S Y S T E M  ---------------

OS: Windows 11 , 64 bit Build 22621 (10.0.22621.1485)
OS uptime: 2 days 17:49 hours

CPU:total 8 (initial active 8) (4 cores per cpu, 2 threads per core) family 6 model 142 stepping 12 microcode 0xde, cmov, cx8, fxsr, mmx, sse, sse2, sse3, ssse3, sse4.1, sse4.2, popcnt, avx, avx2, aes, clmul, erms, 3dnowpref, lzcnt, ht, tsc, tscinvbit, bmi1, bmi2, adx, fma

Memory: 4k page, system-wide physical 16171M (1128M free)
TotalPageFile size 45441M (AvailPageFile size 4M)
current process WorkingSet (physical memory assigned to process): 582M, peak: 583M
current process commit charge ("private bytes"): 631M, peak: 632M

vm_info: OpenJDK 64-Bit Server VM (11.0.15+0-b2043.56-9505619) for windows-amd64 JRE (11.0.15+0-b2043.56-9505619), built on Jan 19 2023 02:48:00 by "builduser" with unknown MS VC++:1929

END.
